n_trainable_params: 2526004, n_nontrainable_params: 790500
> training arguments:
>>> model_name: atae_lstm
>>> dataset: cabinairfilter
>>> optimizer: <class 'torch.optim.adam.Adam'>
>>> initializer: <function xavier_uniform_ at 0x111041840>
>>> learning_rate: 0.001
>>> dropout: 0.1
>>> l2reg: 0.01
>>> num_epoch: 20
>>> batch_size: 64
>>> log_step: 5
>>> embed_dim: 300
>>> hidden_dim: 300
>>> bert_dim: 768
>>> pretrained_bert_name: bert-base-uncased
>>> max_seq_len: 80
>>> polarities_dim: 4
>>> hops: 3
>>> device: cpu
>>> seed: None
>>> valset_ratio: 0
>>> model_class: <class 'models.atae_lstm.ATAE_LSTM'>
>>> dataset_file: {'train': './datasets/semeval14/CabinAirFilter_Train.xml.seg', 'test': './datasets/semeval14/CabinAirFilter_Test_Gold.xml.seg'}
>>> inputs_cols: ['text_raw_indices', 'aspect_indices']
>>>>>>>>>>>>>>>>>>>>>>>>>>>>>>>>>>>>>>>>>>>>>>>>>>>>>>>>>>>>>>>>>>>>>>>>>>>>>>>>>>>>>>>>>>>>>>>>>>>>
epoch: 0
loss: 1.1206, acc: 0.4156
loss: 1.0158, acc: 0.5406
loss: 0.9335, acc: 0.6062
loss: 0.8934, acc: 0.6359
loss: 0.8617, acc: 0.6508
> val_acc: 0.7917, val_f1: 0.5488
>> saved: state_dict/atae_lstm_cabinairfilter_val_acc0.7917
>>>>>>>>>>>>>>>>>>>>>>>>>>>>>>>>>>>>>>>>>>>>>>>>>>>>>>>>>>>>>>>>>>>>>>>>>>>>>>>>>>>>>>>>>>>>>>>>>>>>
epoch: 1
loss: 0.6509, acc: 0.8063
loss: 0.6334, acc: 0.7937
loss: 0.6071, acc: 0.8000
loss: 0.6045, acc: 0.8047
loss: 0.5845, acc: 0.8041
> val_acc: 0.8750, val_f1: 0.6058
>> saved: state_dict/atae_lstm_cabinairfilter_val_acc0.875
>>>>>>>>>>>>>>>>>>>>>>>>>>>>>>>>>>>>>>>>>>>>>>>>>>>>>>>>>>>>>>>>>>>>>>>>>>>>>>>>>>>>>>>>>>>>>>>>>>>>
epoch: 2
loss: 0.4500, acc: 0.8531
loss: 0.4497, acc: 0.8531
loss: 0.4469, acc: 0.8552
loss: 0.4698, acc: 0.8500
loss: 0.4466, acc: 0.8601
> val_acc: 0.9069, val_f1: 0.7978
>> saved: state_dict/atae_lstm_cabinairfilter_val_acc0.9069
>>>>>>>>>>>>>>>>>>>>>>>>>>>>>>>>>>>>>>>>>>>>>>>>>>>>>>>>>>>>>>>>>>>>>>>>>>>>>>>>>>>>>>>>>>>>>>>>>>>>
epoch: 3
loss: 0.2820, acc: 0.8969
loss: 0.3402, acc: 0.8953
loss: 0.3323, acc: 0.8979
loss: 0.3443, acc: 0.8945
loss: 0.3434, acc: 0.8950
> val_acc: 0.9289, val_f1: 0.8967
>> saved: state_dict/atae_lstm_cabinairfilter_val_acc0.9289
>>>>>>>>>>>>>>>>>>>>>>>>>>>>>>>>>>>>>>>>>>>>>>>>>>>>>>>>>>>>>>>>>>>>>>>>>>>>>>>>>>>>>>>>>>>>>>>>>>>>
epoch: 4
loss: 0.1879, acc: 0.9500
loss: 0.2546, acc: 0.9281
loss: 0.2722, acc: 0.9208
loss: 0.2835, acc: 0.9172
loss: 0.2832, acc: 0.9148
> val_acc: 0.9338, val_f1: 0.9141
>> saved: state_dict/atae_lstm_cabinairfilter_val_acc0.9338
>>>>>>>>>>>>>>>>>>>>>>>>>>>>>>>>>>>>>>>>>>>>>>>>>>>>>>>>>>>>>>>>>>>>>>>>>>>>>>>>>>>>>>>>>>>>>>>>>>>>
epoch: 5
loss: 0.1986, acc: 0.9469
loss: 0.2351, acc: 0.9328
loss: 0.2704, acc: 0.9177
loss: 0.2960, acc: 0.9078
loss: 0.2962, acc: 0.9059
> val_acc: 0.9093, val_f1: 0.7559
>>>>>>>>>>>>>>>>>>>>>>>>>>>>>>>>>>>>>>>>>>>>>>>>>>>>>>>>>>>>>>>>>>>>>>>>>>>>>>>>>>>>>>>>>>>>>>>>>>>>
epoch: 6
loss: 0.3065, acc: 0.9094
loss: 0.2788, acc: 0.9172
loss: 0.2769, acc: 0.9198
loss: 0.2663, acc: 0.9219
loss: 0.2755, acc: 0.9198
> val_acc: 0.9167, val_f1: 0.8806
>>>>>>>>>>>>>>>>>>>>>>>>>>>>>>>>>>>>>>>>>>>>>>>>>>>>>>>>>>>>>>>>>>>>>>>>>>>>>>>>>>>>>>>>>>>>>>>>>>>>
epoch: 7
loss: 0.1877, acc: 0.9469
loss: 0.2190, acc: 0.9344
loss: 0.2655, acc: 0.9198
loss: 0.2832, acc: 0.9109
loss: 0.3010, acc: 0.9078
> val_acc: 0.9093, val_f1: 0.8748
>>>>>>>>>>>>>>>>>>>>>>>>>>>>>>>>>>>>>>>>>>>>>>>>>>>>>>>>>>>>>>>>>>>>>>>>>>>>>>>>>>>>>>>>>>>>>>>>>>>>
epoch: 8
loss: 0.2896, acc: 0.9062
loss: 0.2869, acc: 0.9109
loss: 0.2763, acc: 0.9125
loss: 0.2735, acc: 0.9156
loss: 0.2797, acc: 0.9141
> val_acc: 0.9069, val_f1: 0.8610
>>>>>>>>>>>>>>>>>>>>>>>>>>>>>>>>>>>>>>>>>>>>>>>>>>>>>>>>>>>>>>>>>>>>>>>>>>>>>>>>>>>>>>>>>>>>>>>>>>>>
epoch: 9
loss: 0.2846, acc: 0.9156
loss: 0.2828, acc: 0.9094
loss: 0.2743, acc: 0.9104
loss: 0.2703, acc: 0.9164
loss: 0.2646, acc: 0.9173
> val_acc: 0.9069, val_f1: 0.8611
>>>>>>>>>>>>>>>>>>>>>>>>>>>>>>>>>>>>>>>>>>>>>>>>>>>>>>>>>>>>>>>>>>>>>>>>>>>>>>>>>>>>>>>>>>>>>>>>>>>>
epoch: 10
loss: 0.2503, acc: 0.9125
loss: 0.2283, acc: 0.9234
loss: 0.2420, acc: 0.9198
loss: 0.2553, acc: 0.9141
loss: 0.2515, acc: 0.9173
> val_acc: 0.9240, val_f1: 0.9003
>>>>>>>>>>>>>>>>>>>>>>>>>>>>>>>>>>>>>>>>>>>>>>>>>>>>>>>>>>>>>>>>>>>>>>>>>>>>>>>>>>>>>>>>>>>>>>>>>>>>
epoch: 11
loss: 0.2868, acc: 0.9031
loss: 0.2503, acc: 0.9219
loss: 0.2522, acc: 0.9198
loss: 0.2410, acc: 0.9211
loss: 0.2331, acc: 0.9256
> val_acc: 0.9363, val_f1: 0.9250
>> saved: state_dict/atae_lstm_cabinairfilter_val_acc0.9363
>>>>>>>>>>>>>>>>>>>>>>>>>>>>>>>>>>>>>>>>>>>>>>>>>>>>>>>>>>>>>>>>>>>>>>>>>>>>>>>>>>>>>>>>>>>>>>>>>>>>
epoch: 12
loss: 0.2359, acc: 0.9344
loss: 0.2512, acc: 0.9187
loss: 0.2457, acc: 0.9250
loss: 0.2380, acc: 0.9281
loss: 0.2527, acc: 0.9230
> val_acc: 0.9191, val_f1: 0.8891
>>>>>>>>>>>>>>>>>>>>>>>>>>>>>>>>>>>>>>>>>>>>>>>>>>>>>>>>>>>>>>>>>>>>>>>>>>>>>>>>>>>>>>>>>>>>>>>>>>>>
epoch: 13
loss: 0.2398, acc: 0.9406
loss: 0.2583, acc: 0.9344
loss: 0.2310, acc: 0.9417
loss: 0.2333, acc: 0.9398
loss: 0.2328, acc: 0.9351
> val_acc: 0.9289, val_f1: 0.9248
>>>>>>>>>>>>>>>>>>>>>>>>>>>>>>>>>>>>>>>>>>>>>>>>>>>>>>>>>>>>>>>>>>>>>>>>>>>>>>>>>>>>>>>>>>>>>>>>>>>>
epoch: 14
loss: 0.1765, acc: 0.9625
loss: 0.1975, acc: 0.9437
loss: 0.2055, acc: 0.9427
loss: 0.2172, acc: 0.9383
loss: 0.2165, acc: 0.9389
> val_acc: 0.9216, val_f1: 0.8926
>>>>>>>>>>>>>>>>>>>>>>>>>>>>>>>>>>>>>>>>>>>>>>>>>>>>>>>>>>>>>>>>>>>>>>>>>>>>>>>>>>>>>>>>>>>>>>>>>>>>
epoch: 15
loss: 0.1859, acc: 0.9406
loss: 0.1999, acc: 0.9344
loss: 0.2204, acc: 0.9292
loss: 0.2264, acc: 0.9273
loss: 0.2270, acc: 0.9268
> val_acc: 0.9338, val_f1: 0.9188
>>>>>>>>>>>>>>>>>>>>>>>>>>>>>>>>>>>>>>>>>>>>>>>>>>>>>>>>>>>>>>>>>>>>>>>>>>>>>>>>>>>>>>>>>>>>>>>>>>>>
epoch: 16
loss: 0.2337, acc: 0.9250
loss: 0.2251, acc: 0.9313
loss: 0.2265, acc: 0.9302
loss: 0.2274, acc: 0.9297
loss: 0.2326, acc: 0.9281
> val_acc: 0.9387, val_f1: 0.9177
>> saved: state_dict/atae_lstm_cabinairfilter_val_acc0.9387
>>>>>>>>>>>>>>>>>>>>>>>>>>>>>>>>>>>>>>>>>>>>>>>>>>>>>>>>>>>>>>>>>>>>>>>>>>>>>>>>>>>>>>>>>>>>>>>>>>>>
epoch: 17
loss: 0.2304, acc: 0.9375
loss: 0.2234, acc: 0.9359
loss: 0.2327, acc: 0.9281
loss: 0.2194, acc: 0.9313
loss: 0.2261, acc: 0.9294
> val_acc: 0.9363, val_f1: 0.9203
>>>>>>>>>>>>>>>>>>>>>>>>>>>>>>>>>>>>>>>>>>>>>>>>>>>>>>>>>>>>>>>>>>>>>>>>>>>>>>>>>>>>>>>>>>>>>>>>>>>>
epoch: 18
loss: 0.2283, acc: 0.9125
loss: 0.2241, acc: 0.9219
loss: 0.2151, acc: 0.9323
loss: 0.2294, acc: 0.9297
loss: 0.2294, acc: 0.9281
> val_acc: 0.9363, val_f1: 0.9162
>>>>>>>>>>>>>>>>>>>>>>>>>>>>>>>>>>>>>>>>>>>>>>>>>>>>>>>>>>>>>>>>>>>>>>>>>>>>>>>>>>>>>>>>>>>>>>>>>>>>
epoch: 19
loss: 0.2234, acc: 0.9156
loss: 0.2020, acc: 0.9328
loss: 0.1937, acc: 0.9417
loss: 0.2056, acc: 0.9383
loss: 0.2068, acc: 0.9383
> val_acc: 0.9436, val_f1: 0.9304
>> saved: state_dict/atae_lstm_cabinairfilter_val_acc0.9436
>> test_acc: 0.9436, test_f1: 0.9304
