n_trainable_params: 2526004, n_nontrainable_params: 711300
> training arguments:
>>> model_name: atae_lstm
>>> dataset: airconditioner
>>> optimizer: <class 'torch.optim.adam.Adam'>
>>> initializer: <function xavier_uniform_ at 0x121ffc840>
>>> learning_rate: 0.001
>>> dropout: 0.1
>>> l2reg: 0.01
>>> num_epoch: 20
>>> batch_size: 64
>>> log_step: 5
>>> embed_dim: 300
>>> hidden_dim: 300
>>> bert_dim: 768
>>> pretrained_bert_name: bert-base-uncased
>>> max_seq_len: 80
>>> polarities_dim: 4
>>> hops: 3
>>> device: cpu
>>> seed: None
>>> valset_ratio: 0
>>> model_class: <class 'models.atae_lstm.ATAE_LSTM'>
>>> dataset_file: {'train': './datasets/semeval14/AirConditioner_Train.xml.seg', 'test': './datasets/semeval14/AirConditioner_Test_Gold.xml.seg'}
>>> inputs_cols: ['text_raw_indices', 'aspect_indices']
>>>>>>>>>>>>>>>>>>>>>>>>>>>>>>>>>>>>>>>>>>>>>>>>>>>>>>>>>>>>>>>>>>>>>>>>>>>>>>>>>>>>>>>>>>>>>>>>>>>>
epoch: 0
loss: 1.2765, acc: 0.4000
> val_acc: 0.4264, val_f1: 0.3240
>> saved: state_dict/atae_lstm_airconditioner_val_acc0.4264
>>>>>>>>>>>>>>>>>>>>>>>>>>>>>>>>>>>>>>>>>>>>>>>>>>>>>>>>>>>>>>>>>>>>>>>>>>>>>>>>>>>>>>>>>>>>>>>>>>>>
epoch: 1
loss: 1.1695, acc: 0.4844
loss: 1.1915, acc: 0.4115
> val_acc: 0.4419, val_f1: 0.2742
>> saved: state_dict/atae_lstm_airconditioner_val_acc0.4419
>>>>>>>>>>>>>>>>>>>>>>>>>>>>>>>>>>>>>>>>>>>>>>>>>>>>>>>>>>>>>>>>>>>>>>>>>>>>>>>>>>>>>>>>>>>>>>>>>>>>
epoch: 2
loss: 1.2929, acc: 0.4609
loss: 1.2175, acc: 0.4286
> val_acc: 0.4186, val_f1: 0.2975
>>>>>>>>>>>>>>>>>>>>>>>>>>>>>>>>>>>>>>>>>>>>>>>>>>>>>>>>>>>>>>>>>>>>>>>>>>>>>>>>>>>>>>>>>>>>>>>>>>>>
epoch: 3
loss: 1.1927, acc: 0.3906
loss: 1.1823, acc: 0.4219
> val_acc: 0.4496, val_f1: 0.3096
>> saved: state_dict/atae_lstm_airconditioner_val_acc0.4496
>>>>>>>>>>>>>>>>>>>>>>>>>>>>>>>>>>>>>>>>>>>>>>>>>>>>>>>>>>>>>>>>>>>>>>>>>>>>>>>>>>>>>>>>>>>>>>>>>>>>
epoch: 4
loss: 1.1441, acc: 0.5000
loss: 1.1759, acc: 0.4561
> val_acc: 0.4574, val_f1: 0.3170
>> saved: state_dict/atae_lstm_airconditioner_val_acc0.4574
>>>>>>>>>>>>>>>>>>>>>>>>>>>>>>>>>>>>>>>>>>>>>>>>>>>>>>>>>>>>>>>>>>>>>>>>>>>>>>>>>>>>>>>>>>>>>>>>>>>>
epoch: 5
loss: 1.1286, acc: 0.4906
> val_acc: 0.4496, val_f1: 0.3592
>>>>>>>>>>>>>>>>>>>>>>>>>>>>>>>>>>>>>>>>>>>>>>>>>>>>>>>>>>>>>>>>>>>>>>>>>>>>>>>>>>>>>>>>>>>>>>>>>>>>
epoch: 6
loss: 1.1873, acc: 0.4219
loss: 1.1718, acc: 0.4714
> val_acc: 0.4419, val_f1: 0.3312
>>>>>>>>>>>>>>>>>>>>>>>>>>>>>>>>>>>>>>>>>>>>>>>>>>>>>>>>>>>>>>>>>>>>>>>>>>>>>>>>>>>>>>>>>>>>>>>>>>>>
epoch: 7
loss: 1.1495, acc: 0.4766
loss: 1.1617, acc: 0.4866
> val_acc: 0.4031, val_f1: 0.3007
>>>>>>>>>>>>>>>>>>>>>>>>>>>>>>>>>>>>>>>>>>>>>>>>>>>>>>>>>>>>>>>>>>>>>>>>>>>>>>>>>>>>>>>>>>>>>>>>>>>>
epoch: 8
loss: 1.1548, acc: 0.4427
loss: 1.1585, acc: 0.4570
> val_acc: 0.4729, val_f1: 0.3447
>> saved: state_dict/atae_lstm_airconditioner_val_acc0.4729
>>>>>>>>>>>>>>>>>>>>>>>>>>>>>>>>>>>>>>>>>>>>>>>>>>>>>>>>>>>>>>>>>>>>>>>>>>>>>>>>>>>>>>>>>>>>>>>>>>>>
epoch: 9
loss: 1.1562, acc: 0.5000
loss: 1.1393, acc: 0.4885
> val_acc: 0.5194, val_f1: 0.3710
>> saved: state_dict/atae_lstm_airconditioner_val_acc0.5194
>>>>>>>>>>>>>>>>>>>>>>>>>>>>>>>>>>>>>>>>>>>>>>>>>>>>>>>>>>>>>>>>>>>>>>>>>>>>>>>>>>>>>>>>>>>>>>>>>>>>
epoch: 10
loss: 1.1277, acc: 0.4844
> val_acc: 0.5194, val_f1: 0.3884
>>>>>>>>>>>>>>>>>>>>>>>>>>>>>>>>>>>>>>>>>>>>>>>>>>>>>>>>>>>>>>>>>>>>>>>>>>>>>>>>>>>>>>>>>>>>>>>>>>>>
epoch: 11
loss: 1.0679, acc: 0.5312
loss: 1.1258, acc: 0.5286
> val_acc: 0.4729, val_f1: 0.3572
>>>>>>>>>>>>>>>>>>>>>>>>>>>>>>>>>>>>>>>>>>>>>>>>>>>>>>>>>>>>>>>>>>>>>>>>>>>>>>>>>>>>>>>>>>>>>>>>>>>>
epoch: 12
loss: 1.1502, acc: 0.4688
loss: 1.0990, acc: 0.5223
> val_acc: 0.5116, val_f1: 0.3568
>>>>>>>>>>>>>>>>>>>>>>>>>>>>>>>>>>>>>>>>>>>>>>>>>>>>>>>>>>>>>>>>>>>>>>>>>>>>>>>>>>>>>>>>>>>>>>>>>>>>
epoch: 13
loss: 1.0665, acc: 0.5677
loss: 1.0855, acc: 0.5430
> val_acc: 0.4884, val_f1: 0.3826
>>>>>>>>>>>>>>>>>>>>>>>>>>>>>>>>>>>>>>>>>>>>>>>>>>>>>>>>>>>>>>>>>>>>>>>>>>>>>>>>>>>>>>>>>>>>>>>>>>>>
epoch: 14
loss: 1.0791, acc: 0.5938
loss: 1.0882, acc: 0.5458
> val_acc: 0.5504, val_f1: 0.4236
>> saved: state_dict/atae_lstm_airconditioner_val_acc0.5504
>>>>>>>>>>>>>>>>>>>>>>>>>>>>>>>>>>>>>>>>>>>>>>>>>>>>>>>>>>>>>>>>>>>>>>>>>>>>>>>>>>>>>>>>>>>>>>>>>>>>
epoch: 15
loss: 1.0460, acc: 0.5531
> val_acc: 0.4031, val_f1: 0.3056
>>>>>>>>>>>>>>>>>>>>>>>>>>>>>>>>>>>>>>>>>>>>>>>>>>>>>>>>>>>>>>>>>>>>>>>>>>>>>>>>>>>>>>>>>>>>>>>>>>>>
epoch: 16
loss: 1.2819, acc: 0.2969
loss: 1.1208, acc: 0.5026
> val_acc: 0.4729, val_f1: 0.3706
>>>>>>>>>>>>>>>>>>>>>>>>>>>>>>>>>>>>>>>>>>>>>>>>>>>>>>>>>>>>>>>>>>>>>>>>>>>>>>>>>>>>>>>>>>>>>>>>>>>>
epoch: 17
loss: 1.0382, acc: 0.6016
loss: 1.0777, acc: 0.5402
> val_acc: 0.5581, val_f1: 0.4064
>> saved: state_dict/atae_lstm_airconditioner_val_acc0.5581
>>>>>>>>>>>>>>>>>>>>>>>>>>>>>>>>>>>>>>>>>>>>>>>>>>>>>>>>>>>>>>>>>>>>>>>>>>>>>>>>>>>>>>>>>>>>>>>>>>>>
epoch: 18
loss: 1.0496, acc: 0.5469
loss: 1.0652, acc: 0.5312
> val_acc: 0.6124, val_f1: 0.4202
>> saved: state_dict/atae_lstm_airconditioner_val_acc0.6124
>>>>>>>>>>>>>>>>>>>>>>>>>>>>>>>>>>>>>>>>>>>>>>>>>>>>>>>>>>>>>>>>>>>>>>>>>>>>>>>>>>>>>>>>>>>>>>>>>>>>
epoch: 19
loss: 1.0287, acc: 0.5703
loss: 1.0489, acc: 0.5668
> val_acc: 0.5581, val_f1: 0.4441
>> test_acc: 0.6124, test_f1: 0.4202
