n_trainable_params: 2526004, n_nontrainable_params: 473100
> training arguments:
>>> model_name: atae_lstm
>>> dataset: airbag
>>> optimizer: <class 'torch.optim.adam.Adam'>
>>> initializer: <function xavier_uniform_ at 0x126498840>
>>> learning_rate: 0.001
>>> dropout: 0.1
>>> l2reg: 0.01
>>> num_epoch: 20
>>> batch_size: 64
>>> log_step: 5
>>> embed_dim: 300
>>> hidden_dim: 300
>>> bert_dim: 768
>>> pretrained_bert_name: bert-base-uncased
>>> max_seq_len: 80
>>> polarities_dim: 4
>>> hops: 3
>>> device: cpu
>>> seed: None
>>> valset_ratio: 0
>>> model_class: <class 'models.atae_lstm.ATAE_LSTM'>
>>> dataset_file: {'train': './datasets/semeval14/Airbag_Train.xml.seg', 'test': './datasets/semeval14/Airbag_Test_Gold.xml.seg'}
>>> inputs_cols: ['text_raw_indices', 'aspect_indices']
>>>>>>>>>>>>>>>>>>>>>>>>>>>>>>>>>>>>>>>>>>>>>>>>>>>>>>>>>>>>>>>>>>>>>>>>>>>>>>>>>>>>>>>>>>>>>>>>>>>>
epoch: 0
loss: 1.2262, acc: 0.5250
> val_acc: 0.5455, val_f1: 0.3656
>> saved: state_dict/atae_lstm_airbag_val_acc0.5455
>>>>>>>>>>>>>>>>>>>>>>>>>>>>>>>>>>>>>>>>>>>>>>>>>>>>>>>>>>>>>>>>>>>>>>>>>>>>>>>>>>>>>>>>>>>>>>>>>>>>
epoch: 1
loss: 1.1836, acc: 0.5625
> val_acc: 0.5682, val_f1: 0.3957
>> saved: state_dict/atae_lstm_airbag_val_acc0.5682
>>>>>>>>>>>>>>>>>>>>>>>>>>>>>>>>>>>>>>>>>>>>>>>>>>>>>>>>>>>>>>>>>>>>>>>>>>>>>>>>>>>>>>>>>>>>>>>>>>>>
epoch: 2
loss: 1.1405, acc: 0.6042
> val_acc: 0.5568, val_f1: 0.3954
>>>>>>>>>>>>>>>>>>>>>>>>>>>>>>>>>>>>>>>>>>>>>>>>>>>>>>>>>>>>>>>>>>>>>>>>>>>>>>>>>>>>>>>>>>>>>>>>>>>>
epoch: 3
loss: 1.1203, acc: 0.6094
> val_acc: 0.6023, val_f1: 0.4323
>> saved: state_dict/atae_lstm_airbag_val_acc0.6023
>>>>>>>>>>>>>>>>>>>>>>>>>>>>>>>>>>>>>>>>>>>>>>>>>>>>>>>>>>>>>>>>>>>>>>>>>>>>>>>>>>>>>>>>>>>>>>>>>>>>
epoch: 4
loss: 1.1423, acc: 0.5312
loss: 1.0984, acc: 0.5783
> val_acc: 0.6136, val_f1: 0.4482
>> saved: state_dict/atae_lstm_airbag_val_acc0.6136
>>>>>>>>>>>>>>>>>>>>>>>>>>>>>>>>>>>>>>>>>>>>>>>>>>>>>>>>>>>>>>>>>>>>>>>>>>>>>>>>>>>>>>>>>>>>>>>>>>>>
epoch: 5
loss: 0.9834, acc: 0.6406
> val_acc: 0.6023, val_f1: 0.4286
>>>>>>>>>>>>>>>>>>>>>>>>>>>>>>>>>>>>>>>>>>>>>>>>>>>>>>>>>>>>>>>>>>>>>>>>>>>>>>>>>>>>>>>>>>>>>>>>>>>>
epoch: 6
loss: 0.9483, acc: 0.6250
> val_acc: 0.6136, val_f1: 0.4470
>>>>>>>>>>>>>>>>>>>>>>>>>>>>>>>>>>>>>>>>>>>>>>>>>>>>>>>>>>>>>>>>>>>>>>>>>>>>>>>>>>>>>>>>>>>>>>>>>>>>
epoch: 7
loss: 0.9064, acc: 0.6510
> val_acc: 0.6250, val_f1: 0.4560
>> saved: state_dict/atae_lstm_airbag_val_acc0.625
>>>>>>>>>>>>>>>>>>>>>>>>>>>>>>>>>>>>>>>>>>>>>>>>>>>>>>>>>>>>>>>>>>>>>>>>>>>>>>>>>>>>>>>>>>>>>>>>>>>>
epoch: 8
loss: 0.9210, acc: 0.6172
> val_acc: 0.6023, val_f1: 0.4206
>>>>>>>>>>>>>>>>>>>>>>>>>>>>>>>>>>>>>>>>>>>>>>>>>>>>>>>>>>>>>>>>>>>>>>>>>>>>>>>>>>>>>>>>>>>>>>>>>>>>
epoch: 9
loss: 0.9927, acc: 0.6406
loss: 0.9033, acc: 0.6325
> val_acc: 0.6477, val_f1: 0.4734
>> saved: state_dict/atae_lstm_airbag_val_acc0.6477
>>>>>>>>>>>>>>>>>>>>>>>>>>>>>>>>>>>>>>>>>>>>>>>>>>>>>>>>>>>>>>>>>>>>>>>>>>>>>>>>>>>>>>>>>>>>>>>>>>>>
epoch: 10
loss: 0.8714, acc: 0.6469
> val_acc: 0.6364, val_f1: 0.4599
>>>>>>>>>>>>>>>>>>>>>>>>>>>>>>>>>>>>>>>>>>>>>>>>>>>>>>>>>>>>>>>>>>>>>>>>>>>>>>>>>>>>>>>>>>>>>>>>>>>>
epoch: 11
loss: 0.8392, acc: 0.6602
> val_acc: 0.6818, val_f1: 0.5004
>> saved: state_dict/atae_lstm_airbag_val_acc0.6818
>>>>>>>>>>>>>>>>>>>>>>>>>>>>>>>>>>>>>>>>>>>>>>>>>>>>>>>>>>>>>>>>>>>>>>>>>>>>>>>>>>>>>>>>>>>>>>>>>>>>
epoch: 12
loss: 0.8498, acc: 0.6771
> val_acc: 0.6591, val_f1: 0.4681
>>>>>>>>>>>>>>>>>>>>>>>>>>>>>>>>>>>>>>>>>>>>>>>>>>>>>>>>>>>>>>>>>>>>>>>>>>>>>>>>>>>>>>>>>>>>>>>>>>>>
epoch: 13
loss: 0.7893, acc: 0.7188
> val_acc: 0.6477, val_f1: 0.6494
>>>>>>>>>>>>>>>>>>>>>>>>>>>>>>>>>>>>>>>>>>>>>>>>>>>>>>>>>>>>>>>>>>>>>>>>>>>>>>>>>>>>>>>>>>>>>>>>>>>>
epoch: 14
loss: 0.7889, acc: 0.6875
loss: 0.6772, acc: 0.7620
> val_acc: 0.7159, val_f1: 0.6737
>> saved: state_dict/atae_lstm_airbag_val_acc0.7159
>>>>>>>>>>>>>>>>>>>>>>>>>>>>>>>>>>>>>>>>>>>>>>>>>>>>>>>>>>>>>>>>>>>>>>>>>>>>>>>>>>>>>>>>>>>>>>>>>>>>
epoch: 15
loss: 0.6995, acc: 0.7406
> val_acc: 0.6705, val_f1: 0.6365
>>>>>>>>>>>>>>>>>>>>>>>>>>>>>>>>>>>>>>>>>>>>>>>>>>>>>>>>>>>>>>>>>>>>>>>>>>>>>>>>>>>>>>>>>>>>>>>>>>>>
epoch: 16
loss: 0.6790, acc: 0.7344
> val_acc: 0.6932, val_f1: 0.7056
>>>>>>>>>>>>>>>>>>>>>>>>>>>>>>>>>>>>>>>>>>>>>>>>>>>>>>>>>>>>>>>>>>>>>>>>>>>>>>>>>>>>>>>>>>>>>>>>>>>>
epoch: 17
loss: 0.6721, acc: 0.7292
> val_acc: 0.7045, val_f1: 0.7141
>>>>>>>>>>>>>>>>>>>>>>>>>>>>>>>>>>>>>>>>>>>>>>>>>>>>>>>>>>>>>>>>>>>>>>>>>>>>>>>>>>>>>>>>>>>>>>>>>>>>
epoch: 18
loss: 0.6798, acc: 0.7422
> val_acc: 0.6705, val_f1: 0.7235
>>>>>>>>>>>>>>>>>>>>>>>>>>>>>>>>>>>>>>>>>>>>>>>>>>>>>>>>>>>>>>>>>>>>>>>>>>>>>>>>>>>>>>>>>>>>>>>>>>>>
epoch: 19
loss: 0.6295, acc: 0.7812
loss: 0.6512, acc: 0.7470
> val_acc: 0.7386, val_f1: 0.7618
>> saved: state_dict/atae_lstm_airbag_val_acc0.7386
>> test_acc: 0.7386, test_f1: 0.7618
