n_trainable_params: 2526004, n_nontrainable_params: 1389000
> training arguments:
>>> model_name: atae_lstm
>>> dataset: car
>>> optimizer: <class 'torch.optim.adam.Adam'>
>>> initializer: <function xavier_uniform_ at 0x119d12840>
>>> learning_rate: 2e-05
>>> dropout: 0.01
>>> l2reg: 0.01
>>> num_epoch: 10
>>> batch_size: 64
>>> log_step: 5
>>> embed_dim: 300
>>> hidden_dim: 300
>>> bert_dim: 768
>>> pretrained_bert_name: bert-base-uncased
>>> max_seq_len: 80
>>> polarities_dim: 4
>>> hops: 3
>>> device: cpu
>>> seed: None
>>> valset_ratio: 0
>>> model_class: <class 'models.atae_lstm.ATAE_LSTM'>
>>> dataset_file: {'train': './datasets/semeval14/Car_Train.xml.seg', 'test': './datasets/semeval14/Car_Test_Gold.xml.seg'}
>>> inputs_cols: ['text_raw_indices', 'aspect_indices']
>>>>>>>>>>>>>>>>>>>>>>>>>>>>>>>>>>>>>>>>>>>>>>>>>>>>>>>>>>>>>>>>>>>>>>>>>>>>>>>>>>>>>>>>>>>>>>>>>>>>
epoch: 0
loss: 1.5011, acc: 0.0875
loss: 1.4990, acc: 0.0750
loss: 1.4835, acc: 0.0771
loss: 1.4754, acc: 0.0805
loss: 1.4663, acc: 0.0906
loss: 1.4560, acc: 0.1078
loss: 1.4471, acc: 0.1237
loss: 1.4371, acc: 0.1398
> val_acc: 0.2489, val_f1: 0.2492
>> saved: state_dict/atae_lstm_car_val_acc0.2489
>>>>>>>>>>>>>>>>>>>>>>>>>>>>>>>>>>>>>>>>>>>>>>>>>>>>>>>>>>>>>>>>>>>>>>>>>>>>>>>>>>>>>>>>>>>>>>>>>>>>
epoch: 1
loss: 1.3424, acc: 0.2969
loss: 1.3357, acc: 0.3047
loss: 1.3142, acc: 0.3210
loss: 1.3103, acc: 0.3193
loss: 1.3115, acc: 0.3110
loss: 1.3017, acc: 0.3215
loss: 1.2951, acc: 0.3276
loss: 1.2852, acc: 0.3429
loss: 1.2783, acc: 0.3521
> val_acc: 0.4311, val_f1: 0.3855
>> saved: state_dict/atae_lstm_car_val_acc0.4311
>>>>>>>>>>>>>>>>>>>>>>>>>>>>>>>>>>>>>>>>>>>>>>>>>>>>>>>>>>>>>>>>>>>>>>>>>>>>>>>>>>>>>>>>>>>>>>>>>>>>
epoch: 2
loss: 1.2092, acc: 0.5078
loss: 1.2047, acc: 0.4866
loss: 1.1978, acc: 0.4753
loss: 1.1965, acc: 0.4825
loss: 1.1806, acc: 0.4865
loss: 1.1664, acc: 0.5035
loss: 1.1597, acc: 0.5044
loss: 1.1569, acc: 0.5021
loss: 1.1458, acc: 0.5130
> val_acc: 0.5615, val_f1: 0.4602
>> saved: state_dict/atae_lstm_car_val_acc0.5615
>>>>>>>>>>>>>>>>>>>>>>>>>>>>>>>>>>>>>>>>>>>>>>>>>>>>>>>>>>>>>>>>>>>>>>>>>>>>>>>>>>>>>>>>>>>>>>>>>>>>
epoch: 3
loss: 1.0596, acc: 0.5521
loss: 1.0498, acc: 0.5586
loss: 1.0596, acc: 0.5565
loss: 1.0556, acc: 0.5590
loss: 1.0468, acc: 0.5645
loss: 1.0450, acc: 0.5597
loss: 1.0440, acc: 0.5616
loss: 1.0428, acc: 0.5600
loss: 1.0422, acc: 0.5581
> val_acc: 0.5541, val_f1: 0.4133
>>>>>>>>>>>>>>>>>>>>>>>>>>>>>>>>>>>>>>>>>>>>>>>>>>>>>>>>>>>>>>>>>>>>>>>>>>>>>>>>>>>>>>>>>>>>>>>>>>>>
epoch: 4
loss: 1.0115, acc: 0.5625
loss: 1.0241, acc: 0.5677
