n_trainable_params: 2526004, n_nontrainable_params: 1389000
> training arguments:
>>> model_name: atae_lstm
>>> dataset: car
>>> optimizer: <class 'torch.optim.adam.Adam'>
>>> initializer: <function xavier_uniform_ at 0x11094f840>
>>> learning_rate: 0.002
>>> dropout: 0.05
>>> l2reg: 0.01
>>> num_epoch: 15
>>> batch_size: 64
>>> log_step: 5
>>> embed_dim: 300
>>> hidden_dim: 300
>>> bert_dim: 768
>>> pretrained_bert_name: bert-base-uncased
>>> max_seq_len: 80
>>> polarities_dim: 4
>>> hops: 3
>>> device: cpu
>>> seed: None
>>> valset_ratio: 0
>>> model_class: <class 'models.atae_lstm.ATAE_LSTM'>
>>> dataset_file: {'train': './datasets/semeval14/Car_Train.xml.seg', 'test': './datasets/semeval14/Car_Test_Gold.xml.seg'}
>>> inputs_cols: ['text_raw_indices', 'aspect_indices']
>>>>>>>>>>>>>>>>>>>>>>>>>>>>>>>>>>>>>>>>>>>>>>>>>>>>>>>>>>>>>>>>>>>>>>>>>>>>>>>>>>>>>>>>>>>>>>>>>>>>
epoch: 0
loss: 1.1723, acc: 0.5531
loss: 1.0904, acc: 0.5656
loss: 1.0384, acc: 0.5792
loss: 1.0390, acc: 0.5711
loss: 1.0171, acc: 0.5781
loss: 0.9877, acc: 0.5927
loss: 0.9667, acc: 0.6062
loss: 0.9489, acc: 0.6184
> val_acc: 0.7037, val_f1: 0.5273
>> saved: state_dict/atae_lstm_car_val_acc0.7037
>>>>>>>>>>>>>>>>>>>>>>>>>>>>>>>>>>>>>>>>>>>>>>>>>>>>>>>>>>>>>>>>>>>>>>>>>>>>>>>>>>>>>>>>>>>>>>>>>>>>
epoch: 1
loss: 0.7510, acc: 0.6562
loss: 0.7022, acc: 0.7266
loss: 0.7235, acc: 0.7315
loss: 0.7407, acc: 0.7148
loss: 0.7443, acc: 0.7128
loss: 0.7399, acc: 0.7127
loss: 0.7325, acc: 0.7147
loss: 0.7184, acc: 0.7231
loss: 0.7178, acc: 0.7241
> val_acc: 0.7704, val_f1: 0.7940
>> saved: state_dict/atae_lstm_car_val_acc0.7704
>>>>>>>>>>>>>>>>>>>>>>>>>>>>>>>>>>>>>>>>>>>>>>>>>>>>>>>>>>>>>>>>>>>>>>>>>>>>>>>>>>>>>>>>>>>>>>>>>>>>
epoch: 2
loss: 0.4550, acc: 0.8281
loss: 0.6146, acc: 0.7567
loss: 0.6010, acc: 0.7669
loss: 0.5938, acc: 0.7721
loss: 0.5802, acc: 0.7763
loss: 0.5791, acc: 0.7737
loss: 0.5790, acc: 0.7778
loss: 0.5924, acc: 0.7715
loss: 0.5889, acc: 0.7760
> val_acc: 0.7704, val_f1: 0.7667
>>>>>>>>>>>>>>>>>>>>>>>>>>>>>>>>>>>>>>>>>>>>>>>>>>>>>>>>>>>>>>>>>>>>>>>>>>>>>>>>>>>>>>>>>>>>>>>>>>>>
epoch: 3
loss: 0.5680, acc: 0.7865
loss: 0.5794, acc: 0.7637
loss: 0.5896, acc: 0.7692
loss: 0.5939, acc: 0.7648
loss: 0.5882, acc: 0.7629
loss: 0.5864, acc: 0.7617
loss: 0.5751, acc: 0.7694
loss: 0.5785, acc: 0.7685
loss: 0.5829, acc: 0.7682
> val_acc: 0.7822, val_f1: 0.7906
>> saved: state_dict/atae_lstm_car_val_acc0.7822
>>>>>>>>>>>>>>>>>>>>>>>>>>>>>>>>>>>>>>>>>>>>>>>>>>>>>>>>>>>>>>>>>>>>>>>>>>>>>>>>>>>>>>>>>>>>>>>>>>>>
epoch: 4
loss: 0.6035, acc: 0.7539
loss: 0.5434, acc: 0.7934
loss: 0.5558, acc: 0.7835
loss: 0.5410, acc: 0.7895
loss: 0.5346, acc: 0.7917
loss: 0.5283, acc: 0.7963
loss: 0.5347, acc: 0.7937
loss: 0.5385, acc: 0.7909
loss: 0.5409, acc: 0.7906
> val_acc: 0.7867, val_f1: 0.7563
>> saved: state_dict/atae_lstm_car_val_acc0.7867
>>>>>>>>>>>>>>>>>>>>>>>>>>>>>>>>>>>>>>>>>>>>>>>>>>>>>>>>>>>>>>>>>>>>>>>>>>>>>>>>>>>>>>>>>>>>>>>>>>>>
epoch: 5
loss: 0.5668, acc: 0.7688
loss: 0.5507, acc: 0.7875
loss: 0.5309, acc: 0.7990
loss: 0.5373, acc: 0.7977
loss: 0.5438, acc: 0.7963
loss: 0.5292, acc: 0.8000
loss: 0.5378, acc: 0.7951
loss: 0.5270, acc: 0.8000
> val_acc: 0.7837, val_f1: 0.8050
>>>>>>>>>>>>>>>>>>>>>>>>>>>>>>>>>>>>>>>>>>>>>>>>>>>>>>>>>>>>>>>>>>>>>>>>>>>>>>>>>>>>>>>>>>>>>>>>>>>>
epoch: 6
loss: 0.4254, acc: 0.8281
loss: 0.4559, acc: 0.8203
loss: 0.4776, acc: 0.8139
loss: 0.4802, acc: 0.8154
loss: 0.5031, acc: 0.8080
loss: 0.5037, acc: 0.8059
loss: 0.4918, acc: 0.8100
loss: 0.4916, acc: 0.8095
loss: 0.4984, acc: 0.8075
> val_acc: 0.8015, val_f1: 0.8319
>> saved: state_dict/atae_lstm_car_val_acc0.8015
>>>>>>>>>>>>>>>>>>>>>>>>>>>>>>>>>>>>>>>>>>>>>>>>>>>>>>>>>>>>>>>>>>>>>>>>>>>>>>>>>>>>>>>>>>>>>>>>>>>>
epoch: 7
loss: 0.4630, acc: 0.8438
loss: 0.5166, acc: 0.8237
loss: 0.5187, acc: 0.8060
loss: 0.5109, acc: 0.8088
loss: 0.5107, acc: 0.8047
loss: 0.5102, acc: 0.8073
loss: 0.5104, acc: 0.8042
loss: 0.5130, acc: 0.8024
loss: 0.5070, acc: 0.8025
> val_acc: 0.8000, val_f1: 0.8007
>>>>>>>>>>>>>>>>>>>>>>>>>>>>>>>>>>>>>>>>>>>>>>>>>>>>>>>>>>>>>>>>>>>>>>>>>>>>>>>>>>>>>>>>>>>>>>>>>>>>
epoch: 8
loss: 0.4607, acc: 0.8281
loss: 0.5312, acc: 0.7930
loss: 0.5103, acc: 0.8017
loss: 0.5055, acc: 0.8030
loss: 0.5070, acc: 0.8043
loss: 0.5000, acc: 0.8064
loss: 0.4905, acc: 0.8073
loss: 0.4830, acc: 0.8104
loss: 0.4837, acc: 0.8100
> val_acc: 0.7985, val_f1: 0.8210
>>>>>>>>>>>>>>>>>>>>>>>>>>>>>>>>>>>>>>>>>>>>>>>>>>>>>>>>>>>>>>>>>>>>>>>>>>>>>>>>>>>>>>>>>>>>>>>>>>>>
epoch: 9
loss: 0.5141, acc: 0.8047
loss: 0.4666, acc: 0.8177
loss: 0.4467, acc: 0.8281
loss: 0.4567, acc: 0.8183
loss: 0.4617, acc: 0.8242
loss: 0.4608, acc: 0.8254
loss: 0.4667, acc: 0.8203
loss: 0.4681, acc: 0.8209
loss: 0.4759, acc: 0.8176
> val_acc: 0.7941, val_f1: 0.8045
>>>>>>>>>>>>>>>>>>>>>>>>>>>>>>>>>>>>>>>>>>>>>>>>>>>>>>>>>>>>>>>>>>>>>>>>>>>>>>>>>>>>>>>>>>>>>>>>>>>>
epoch: 10
loss: 0.4254, acc: 0.8281
loss: 0.4792, acc: 0.8172
loss: 0.4886, acc: 0.8073
loss: 0.4961, acc: 0.8070
loss: 0.4761, acc: 0.8150
loss: 0.4814, acc: 0.8120
loss: 0.4800, acc: 0.8112
loss: 0.4728, acc: 0.8145
> val_acc: 0.8074, val_f1: 0.8260
>> saved: state_dict/atae_lstm_car_val_acc0.8074
>>>>>>>>>>>>>>>>>>>>>>>>>>>>>>>>>>>>>>>>>>>>>>>>>>>>>>>>>>>>>>>>>>>>>>>>>>>>>>>>>>>>>>>>>>>>>>>>>>>>
epoch: 11
loss: 0.4510, acc: 0.8438
loss: 0.4568, acc: 0.8203
loss: 0.4505, acc: 0.8267
loss: 0.4515, acc: 0.8252
loss: 0.4391, acc: 0.8371
loss: 0.4446, acc: 0.8305
loss: 0.4455, acc: 0.8276
loss: 0.4594, acc: 0.8238
loss: 0.4604, acc: 0.8224
> val_acc: 0.8119, val_f1: 0.8376
>> saved: state_dict/atae_lstm_car_val_acc0.8119
>>>>>>>>>>>>>>>>>>>>>>>>>>>>>>>>>>>>>>>>>>>>>>>>>>>>>>>>>>>>>>>>>>>>>>>>>>>>>>>>>>>>>>>>>>>>>>>>>>>>
epoch: 12
loss: 0.4067, acc: 0.8516
loss: 0.4213, acc: 0.8371
loss: 0.4108, acc: 0.8320
loss: 0.4173, acc: 0.8235
loss: 0.4378, acc: 0.8168
loss: 0.4506, acc: 0.8125
loss: 0.4596, acc: 0.8105
loss: 0.4584, acc: 0.8121
loss: 0.4593, acc: 0.8151
> val_acc: 0.8015, val_f1: 0.8183
>>>>>>>>>>>>>>>>>>>>>>>>>>>>>>>>>>>>>>>>>>>>>>>>>>>>>>>>>>>>>>>>>>>>>>>>>>>>>>>>>>>>>>>>>>>>>>>>>>>>
epoch: 13
loss: 0.3451, acc: 0.8854
loss: 0.4270, acc: 0.8516
loss: 0.4331, acc: 0.8450
loss: 0.4463, acc: 0.8299
loss: 0.4661, acc: 0.8234
loss: 0.4596, acc: 0.8242
loss: 0.4631, acc: 0.8224
loss: 0.4696, acc: 0.8203
loss: 0.4702, acc: 0.8227
> val_acc: 0.7941, val_f1: 0.8080
>>>>>>>>>>>>>>>>>>>>>>>>>>>>>>>>>>>>>>>>>>>>>>>>>>>>>>>>>>>>>>>>>>>>>>>>>>>>>>>>>>>>>>>>>>>>>>>>>>>>
epoch: 14
loss: 0.5008, acc: 0.8125
loss: 0.4580, acc: 0.8177
loss: 0.4389, acc: 0.8225
loss: 0.4510, acc: 0.8183
loss: 0.4396, acc: 0.8229
loss: 0.4377, acc: 0.8287
loss: 0.4350, acc: 0.8304
loss: 0.4367, acc: 0.8321
loss: 0.4480, acc: 0.8262
> val_acc: 0.7926, val_f1: 0.8172
>> test_acc: 0.8119, test_f1: 0.8376
