n_trainable_params: 2526004, n_nontrainable_params: 1389000
> training arguments:
>>> model_name: atae_lstm
>>> dataset: car
>>> optimizer: <class 'torch.optim.adam.Adam'>
>>> initializer: <function xavier_uniform_ at 0x1213dc8c8>
>>> learning_rate: 0.001
>>> dropout: 0.1
>>> l2reg: 0.01
>>> num_epoch: 10
>>> batch_size: 64
>>> log_step: 10
>>> embed_dim: 300
>>> hidden_dim: 300
>>> bert_dim: 768
>>> pretrained_bert_name: bert-base-uncased
>>> max_seq_len: 80
>>> polarities_dim: 4
>>> hops: 3
>>> device: cpu
>>> seed: None
>>> cross_val_fold: 10
>>> model_class: <class 'models.atae_lstm.ATAE_LSTM'>
>>> dataset_file: {'train': './datasets/semeval14/Car_Train.xml.seg', 'test': './datasets/semeval14/Car_Test_Gold.xml.seg'}
>>> inputs_cols: ['text_raw_indices', 'aspect_indices']
fold : 0
>>>>>>>>>>>>>>>>>>>>>>>>>>>>>>>>>>>>>>>>>>>>>>>>>>>>>>>>>>>>>>>>>>>>>>>>>>>>>>>>>>>>>>>>>>>>>>>>>>>>
epoch: 0
loss: 1.1793, acc: 0.5219
loss: 1.0980, acc: 0.5516
loss: 1.0559, acc: 0.5542
loss: 1.0226, acc: 0.5687
> val_acc: 0.6065, val_f1: 0.4337
>> saved: state_dict/atae_lstm_car_val_temp
epoch: 1
loss: 0.9410, acc: 0.6406
loss: 0.8773, acc: 0.6617
loss: 0.8333, acc: 0.6802
loss: 0.8113, acc: 0.6868
> val_acc: 0.7437, val_f1: 0.5282
>> saved: state_dict/atae_lstm_car_val_temp
epoch: 2
loss: 0.7544, acc: 0.7016
loss: 0.7193, acc: 0.7180
loss: 0.6996, acc: 0.7198
loss: 0.6839, acc: 0.7313
> val_acc: 0.7617, val_f1: 0.6702
>> saved: state_dict/atae_lstm_car_val_temp
epoch: 3
loss: 0.6040, acc: 0.7844
loss: 0.5665, acc: 0.7898
loss: 0.5719, acc: 0.7807
loss: 0.5679, acc: 0.7793
> val_acc: 0.7401, val_f1: 0.7583
epoch: 4
loss: 0.6606, acc: 0.7484
loss: 0.6413, acc: 0.7594
loss: 0.6156, acc: 0.7703
loss: 0.6057, acc: 0.7733
> val_acc: 0.7690, val_f1: 0.7757
>> saved: state_dict/atae_lstm_car_val_temp
epoch: 5
loss: 0.5157, acc: 0.8000
loss: 0.5164, acc: 0.7977
loss: 0.5232, acc: 0.7969
loss: 0.5114, acc: 0.8014
> val_acc: 0.7942, val_f1: 0.7940
>> saved: state_dict/atae_lstm_car_val_temp
epoch: 6
loss: 0.5488, acc: 0.7906
loss: 0.5585, acc: 0.7805
loss: 0.5433, acc: 0.7875
loss: 0.5371, acc: 0.7897
> val_acc: 0.7762, val_f1: 0.7602
epoch: 7
loss: 0.5959, acc: 0.7719
loss: 0.5300, acc: 0.7953
loss: 0.5116, acc: 0.8010
loss: 0.4933, acc: 0.8110
> val_acc: 0.7906, val_f1: 0.7785
epoch: 8
loss: 0.4271, acc: 0.8187
loss: 0.4556, acc: 0.8250
loss: 0.4550, acc: 0.8292
loss: 0.4657, acc: 0.8214
> val_acc: 0.8014, val_f1: 0.7956
>> saved: state_dict/atae_lstm_car_val_temp
epoch: 9
loss: 0.3945, acc: 0.8531
loss: 0.4311, acc: 0.8320
loss: 0.4497, acc: 0.8240
loss: 0.4576, acc: 0.8178
> val_acc: 0.7978, val_f1: 0.7819
>> test_acc: 0.8089, test_f1: 0.8200
fold : 1
>>>>>>>>>>>>>>>>>>>>>>>>>>>>>>>>>>>>>>>>>>>>>>>>>>>>>>>>>>>>>>>>>>>>>>>>>>>>>>>>>>>>>>>>>>>>>>>>>>>>
epoch: 0
loss: 1.2647, acc: 0.3828
loss: 1.1161, acc: 0.4977
loss: 1.0661, acc: 0.5307
loss: 1.0356, acc: 0.5495
> val_acc: 0.6390, val_f1: 0.4714
>> saved: state_dict/atae_lstm_car_val_temp
epoch: 1
loss: 0.8761, acc: 0.6266
loss: 0.8753, acc: 0.6391
loss: 0.8442, acc: 0.6672
loss: 0.8032, acc: 0.6876
> val_acc: 0.6679, val_f1: 0.5030
>> saved: state_dict/atae_lstm_car_val_temp
epoch: 2
loss: 0.9350, acc: 0.6141
loss: 0.8804, acc: 0.6352
loss: 0.8293, acc: 0.6604
loss: 0.7845, acc: 0.6796
> val_acc: 0.7076, val_f1: 0.7264
>> saved: state_dict/atae_lstm_car_val_temp
epoch: 3
loss: 0.7273, acc: 0.7203
loss: 0.6883, acc: 0.7219
loss: 0.6492, acc: 0.7375
loss: 0.6470, acc: 0.7365
> val_acc: 0.7220, val_f1: 0.6800
>> saved: state_dict/atae_lstm_car_val_temp
epoch: 4
loss: 0.6327, acc: 0.7469
loss: 0.5603, acc: 0.7773
loss: 0.5523, acc: 0.7823
loss: 0.5505, acc: 0.7853
> val_acc: 0.7004, val_f1: 0.6676
epoch: 5
loss: 0.5249, acc: 0.8016
loss: 0.5451, acc: 0.7937
loss: 0.5453, acc: 0.7917
loss: 0.5314, acc: 0.7974
> val_acc: 0.7834, val_f1: 0.8260
>> saved: state_dict/atae_lstm_car_val_temp
epoch: 6
loss: 0.5102, acc: 0.8000
loss: 0.4978, acc: 0.8109
loss: 0.4948, acc: 0.8089
loss: 0.4935, acc: 0.8122
> val_acc: 0.7112, val_f1: 0.5264
epoch: 7
loss: 0.8964, acc: 0.6828
loss: 0.8529, acc: 0.6805
loss: 0.7966, acc: 0.7052
loss: 0.7742, acc: 0.7145
> val_acc: 0.7076, val_f1: 0.5306
epoch: 8
loss: 0.5880, acc: 0.7688
loss: 0.6029, acc: 0.7648
loss: 0.6266, acc: 0.7599
loss: 0.6287, acc: 0.7609
> val_acc: 0.6968, val_f1: 0.5624
epoch: 9
loss: 0.6631, acc: 0.7484
loss: 0.6346, acc: 0.7570
loss: 0.6229, acc: 0.7656
loss: 0.6269, acc: 0.7653
> val_acc: 0.7004, val_f1: 0.5623
>> test_acc: 0.7704, test_f1: 0.7957
fold : 2
>>>>>>>>>>>>>>>>>>>>>>>>>>>>>>>>>>>>>>>>>>>>>>>>>>>>>>>>>>>>>>>>>>>>>>>>>>>>>>>>>>>>>>>>>>>>>>>>>>>>
epoch: 0
loss: 1.2407, acc: 0.3688
loss: 1.1506, acc: 0.4656
loss: 1.1116, acc: 0.4984
loss: 1.0722, acc: 0.5282
> val_acc: 0.6606, val_f1: 0.4651
>> saved: state_dict/atae_lstm_car_val_temp
epoch: 1
loss: 0.9467, acc: 0.6156
loss: 0.8864, acc: 0.6414
loss: 0.8570, acc: 0.6562
loss: 0.8488, acc: 0.6628
> val_acc: 0.7256, val_f1: 0.5319
>> saved: state_dict/atae_lstm_car_val_temp
epoch: 2
loss: 0.7887, acc: 0.6953
loss: 0.7299, acc: 0.7180
loss: 0.7520, acc: 0.7005
loss: 0.7248, acc: 0.7129
> val_acc: 0.7076, val_f1: 0.6634
epoch: 3
loss: 0.9832, acc: 0.6219
loss: 0.8849, acc: 0.6781
loss: 0.8275, acc: 0.6974
loss: 0.7874, acc: 0.7064
> val_acc: 0.7762, val_f1: 0.7944
>> saved: state_dict/atae_lstm_car_val_temp
epoch: 4
loss: 0.5798, acc: 0.7656
loss: 0.6159, acc: 0.7625
loss: 0.6065, acc: 0.7656
loss: 0.6141, acc: 0.7653
> val_acc: 0.8087, val_f1: 0.8196
>> saved: state_dict/atae_lstm_car_val_temp
epoch: 5
loss: 0.7246, acc: 0.7469
loss: 0.6873, acc: 0.7406
loss: 0.6693, acc: 0.7531
loss: 0.6500, acc: 0.7549
> val_acc: 0.8051, val_f1: 0.8226
epoch: 6
loss: 0.6266, acc: 0.7469
loss: 0.6251, acc: 0.7453
loss: 0.5945, acc: 0.7609
loss: 0.5821, acc: 0.7685
> val_acc: 0.7942, val_f1: 0.8151
epoch: 7
loss: 0.5081, acc: 0.8016
loss: 0.5250, acc: 0.7930
loss: 0.5434, acc: 0.7828
loss: 0.5462, acc: 0.7829
> val_acc: 0.7834, val_f1: 0.8064
epoch: 8
loss: 0.6911, acc: 0.7500
loss: 0.6733, acc: 0.7516
loss: 0.6392, acc: 0.7651
loss: 0.6179, acc: 0.7645
> val_acc: 0.8267, val_f1: 0.8165
>> saved: state_dict/atae_lstm_car_val_temp
epoch: 9
loss: 0.6100, acc: 0.7688
loss: 0.6228, acc: 0.7609
loss: 0.5948, acc: 0.7672
loss: 0.5751, acc: 0.7749
> val_acc: 0.8231, val_f1: 0.8536
>> test_acc: 0.7793, test_f1: 0.8056
fold : 3
>>>>>>>>>>>>>>>>>>>>>>>>>>>>>>>>>>>>>>>>>>>>>>>>>>>>>>>>>>>>>>>>>>>>>>>>>>>>>>>>>>>>>>>>>>>>>>>>>>>>
epoch: 0
loss: 1.2283, acc: 0.3797
loss: 1.1169, acc: 0.4742
loss: 1.0634, acc: 0.5146
loss: 1.0471, acc: 0.5338
> val_acc: 0.5884, val_f1: 0.4218
>> saved: state_dict/atae_lstm_car_val_temp
epoch: 1
loss: 0.9237, acc: 0.6203
loss: 0.8958, acc: 0.6406
loss: 0.8741, acc: 0.6531
loss: 0.8639, acc: 0.6616
> val_acc: 0.6931, val_f1: 0.5285
>> saved: state_dict/atae_lstm_car_val_temp
epoch: 2
loss: 0.8339, acc: 0.6906
loss: 0.8051, acc: 0.6945
loss: 0.7729, acc: 0.7104
loss: 0.7564, acc: 0.7145
> val_acc: 0.7365, val_f1: 0.5734
>> saved: state_dict/atae_lstm_car_val_temp
epoch: 3
loss: 0.8384, acc: 0.7047
loss: 0.8129, acc: 0.7016
loss: 0.7862, acc: 0.7104
loss: 0.7593, acc: 0.7213
> val_acc: 0.7834, val_f1: 0.7877
>> saved: state_dict/atae_lstm_car_val_temp
epoch: 4
loss: 0.5688, acc: 0.7766
loss: 0.5629, acc: 0.7812
loss: 0.5681, acc: 0.7755
loss: 0.5603, acc: 0.7789
> val_acc: 0.7834, val_f1: 0.8069
epoch: 5
loss: 0.5507, acc: 0.7859
loss: 0.5579, acc: 0.7812
loss: 0.5420, acc: 0.7896
loss: 0.5376, acc: 0.7889
> val_acc: 0.7762, val_f1: 0.7620
epoch: 6
loss: 0.5367, acc: 0.7891
loss: 0.5096, acc: 0.8023
loss: 0.4990, acc: 0.8068
loss: 0.5167, acc: 0.7990
> val_acc: 0.8014, val_f1: 0.8096
>> saved: state_dict/atae_lstm_car_val_temp
epoch: 7
loss: 0.5850, acc: 0.7641
loss: 0.5382, acc: 0.7930
loss: 0.5176, acc: 0.8010
loss: 0.5187, acc: 0.7998
> val_acc: 0.8123, val_f1: 0.8181
>> saved: state_dict/atae_lstm_car_val_temp
epoch: 8
loss: 0.4527, acc: 0.8156
loss: 0.4769, acc: 0.8164
loss: 0.4756, acc: 0.8177
loss: 0.4966, acc: 0.8086
> val_acc: 0.7906, val_f1: 0.7461
epoch: 9
loss: 0.7618, acc: 0.7406
loss: 0.7716, acc: 0.7281
loss: 0.7422, acc: 0.7344
loss: 0.7131, acc: 0.7417
> val_acc: 0.7726, val_f1: 0.7370
>> test_acc: 0.7881, test_f1: 0.8086
fold : 4
>>>>>>>>>>>>>>>>>>>>>>>>>>>>>>>>>>>>>>>>>>>>>>>>>>>>>>>>>>>>>>>>>>>>>>>>>>>>>>>>>>>>>>>>>>>>>>>>>>>>
epoch: 0
loss: 1.2240, acc: 0.5281
loss: 1.1353, acc: 0.5469
loss: 1.0862, acc: 0.5505
loss: 1.0644, acc: 0.5503
> val_acc: 0.5921, val_f1: 0.4098
>> saved: state_dict/atae_lstm_car_val_temp
epoch: 1
loss: 1.1044, acc: 0.5469
loss: 1.0771, acc: 0.5641
loss: 1.0638, acc: 0.5760
loss: 1.0494, acc: 0.5763
> val_acc: 0.5921, val_f1: 0.3976
epoch: 2
loss: 1.1076, acc: 0.5547
loss: 1.1070, acc: 0.5484
loss: 1.0808, acc: 0.5766
loss: 1.0702, acc: 0.5835
> val_acc: 0.6498, val_f1: 0.4504
>> saved: state_dict/atae_lstm_car_val_temp
epoch: 3
loss: 1.0317, acc: 0.6109
loss: 1.0327, acc: 0.6133
loss: 1.0282, acc: 0.6120
loss: 1.0204, acc: 0.6095
> val_acc: 0.6354, val_f1: 0.4479
epoch: 4
loss: 1.0595, acc: 0.5781
loss: 1.0394, acc: 0.5766
loss: 0.9919, acc: 0.5880
loss: 0.9514, acc: 0.6043
> val_acc: 0.6859, val_f1: 0.4869
>> saved: state_dict/atae_lstm_car_val_temp
epoch: 5
loss: 0.8439, acc: 0.6703
loss: 0.8327, acc: 0.6758
loss: 0.8185, acc: 0.6833
loss: 0.8212, acc: 0.6764
> val_acc: 0.6643, val_f1: 0.4617
epoch: 6
loss: 0.7921, acc: 0.6937
loss: 0.7379, acc: 0.7141
loss: 0.7307, acc: 0.7120
loss: 0.7280, acc: 0.7113
> val_acc: 0.7473, val_f1: 0.5404
>> saved: state_dict/atae_lstm_car_val_temp
epoch: 7
loss: 0.7497, acc: 0.7359
loss: 0.7275, acc: 0.7305
loss: 0.7079, acc: 0.7333
loss: 0.6954, acc: 0.7365
> val_acc: 0.7076, val_f1: 0.5014
epoch: 8
loss: 0.7223, acc: 0.7125
loss: 0.6960, acc: 0.7117
loss: 0.6845, acc: 0.7297
loss: 0.6696, acc: 0.7365
> val_acc: 0.7798, val_f1: 0.6105
>> saved: state_dict/atae_lstm_car_val_temp
epoch: 9
loss: 0.6027, acc: 0.7641
loss: 0.6087, acc: 0.7695
loss: 0.5836, acc: 0.7781
loss: 0.5839, acc: 0.7709
> val_acc: 0.7365, val_f1: 0.6094
>> test_acc: 0.7644, test_f1: 0.6560
fold : 5
>>>>>>>>>>>>>>>>>>>>>>>>>>>>>>>>>>>>>>>>>>>>>>>>>>>>>>>>>>>>>>>>>>>>>>>>>>>>>>>>>>>>>>>>>>>>>>>>>>>>
epoch: 0
loss: 1.1500, acc: 0.4594
loss: 1.0882, acc: 0.5148
loss: 1.0513, acc: 0.5411
loss: 1.0321, acc: 0.5519
> val_acc: 0.6065, val_f1: 0.4465
>> saved: state_dict/atae_lstm_car_val_temp
epoch: 1
loss: 0.9050, acc: 0.6516
loss: 0.8566, acc: 0.6680
loss: 0.8134, acc: 0.6813
loss: 0.7931, acc: 0.6888
> val_acc: 0.6606, val_f1: 0.4832
>> saved: state_dict/atae_lstm_car_val_temp
epoch: 2
loss: 0.9228, acc: 0.6328
loss: 0.8754, acc: 0.6508
loss: 0.8290, acc: 0.6703
loss: 0.8173, acc: 0.6796
> val_acc: 0.6823, val_f1: 0.5166
>> saved: state_dict/atae_lstm_car_val_temp
epoch: 3
loss: 0.7217, acc: 0.7000
loss: 0.7220, acc: 0.7148
loss: 0.7281, acc: 0.7188
loss: 0.7434, acc: 0.7105
> val_acc: 0.7220, val_f1: 0.7438
>> saved: state_dict/atae_lstm_car_val_temp
epoch: 4
loss: 0.6980, acc: 0.7172
loss: 0.6866, acc: 0.7336
loss: 0.6700, acc: 0.7427
loss: 0.6555, acc: 0.7529
> val_acc: 0.7401, val_f1: 0.7796
>> saved: state_dict/atae_lstm_car_val_temp
epoch: 5
loss: 0.6141, acc: 0.7656
loss: 0.5891, acc: 0.7766
loss: 0.5945, acc: 0.7651
loss: 0.5886, acc: 0.7697
> val_acc: 0.7148, val_f1: 0.7286
epoch: 6
loss: 0.6800, acc: 0.7688
loss: 0.7020, acc: 0.7500
loss: 0.6690, acc: 0.7516
loss: 0.6497, acc: 0.7533
> val_acc: 0.7653, val_f1: 0.7964
>> saved: state_dict/atae_lstm_car_val_temp
epoch: 7
loss: 0.5562, acc: 0.7719
loss: 0.5590, acc: 0.7734
loss: 0.5392, acc: 0.7833
loss: 0.5329, acc: 0.7901
> val_acc: 0.7978, val_f1: 0.7901
>> saved: state_dict/atae_lstm_car_val_temp
epoch: 8
loss: 0.7930, acc: 0.7141
loss: 0.7249, acc: 0.7289
loss: 0.7526, acc: 0.7161
loss: 0.7300, acc: 0.7257
> val_acc: 0.7004, val_f1: 0.5210
epoch: 9
loss: 0.6742, acc: 0.7438
loss: 0.6655, acc: 0.7461
loss: 0.6503, acc: 0.7464
loss: 0.6306, acc: 0.7533
> val_acc: 0.7798, val_f1: 0.7602
>> test_acc: 0.7822, test_f1: 0.7251
fold : 6
>>>>>>>>>>>>>>>>>>>>>>>>>>>>>>>>>>>>>>>>>>>>>>>>>>>>>>>>>>>>>>>>>>>>>>>>>>>>>>>>>>>>>>>>>>>>>>>>>>>>
epoch: 0
loss: 1.2141, acc: 0.3984
loss: 1.1158, acc: 0.4875
loss: 1.0527, acc: 0.5312
loss: 1.0359, acc: 0.5491
> val_acc: 0.5812, val_f1: 0.4349
>> saved: state_dict/atae_lstm_car_val_temp
epoch: 1
loss: 0.9659, acc: 0.5687
loss: 0.8747, acc: 0.6352
loss: 0.8486, acc: 0.6562
loss: 0.8082, acc: 0.6740
> val_acc: 0.6679, val_f1: 0.5484
>> saved: state_dict/atae_lstm_car_val_temp
epoch: 2
loss: 0.6905, acc: 0.7281
loss: 0.7052, acc: 0.7273
loss: 0.6704, acc: 0.7443
loss: 0.6551, acc: 0.7481
> val_acc: 0.7148, val_f1: 0.7705
>> saved: state_dict/atae_lstm_car_val_temp
epoch: 3
loss: 0.7009, acc: 0.7297
loss: 0.7451, acc: 0.6937
loss: 0.7208, acc: 0.7036
loss: 0.7121, acc: 0.7052
> val_acc: 0.7148, val_f1: 0.7466
epoch: 4
loss: 0.6847, acc: 0.7359
loss: 0.6428, acc: 0.7539
loss: 0.6019, acc: 0.7708
loss: 0.5839, acc: 0.7761
> val_acc: 0.7473, val_f1: 0.7943
>> saved: state_dict/atae_lstm_car_val_temp
epoch: 5
loss: 0.5470, acc: 0.7844
loss: 0.5294, acc: 0.7953
loss: 0.5367, acc: 0.7896
loss: 0.5473, acc: 0.7861
> val_acc: 0.7184, val_f1: 0.7370
epoch: 6
loss: 0.5253, acc: 0.8031
loss: 0.5385, acc: 0.7953
loss: 0.5594, acc: 0.7859
loss: 0.5521, acc: 0.7861
> val_acc: 0.7545, val_f1: 0.8060
>> saved: state_dict/atae_lstm_car_val_temp
epoch: 7
loss: 0.5098, acc: 0.7969
loss: 0.4971, acc: 0.8078
loss: 0.5046, acc: 0.8052
loss: 0.5155, acc: 0.8042
> val_acc: 0.7437, val_f1: 0.7966
epoch: 8
loss: 0.7129, acc: 0.7594
loss: 0.6670, acc: 0.7523
loss: 0.6413, acc: 0.7599
loss: 0.6193, acc: 0.7673
> val_acc: 0.7617, val_f1: 0.8074
>> saved: state_dict/atae_lstm_car_val_temp
epoch: 9
loss: 0.5969, acc: 0.7672
loss: 0.6057, acc: 0.7656
loss: 0.6019, acc: 0.7682
loss: 0.5874, acc: 0.7753
> val_acc: 0.7401, val_f1: 0.7925
>> test_acc: 0.7704, test_f1: 0.8088
fold : 7
>>>>>>>>>>>>>>>>>>>>>>>>>>>>>>>>>>>>>>>>>>>>>>>>>>>>>>>>>>>>>>>>>>>>>>>>>>>>>>>>>>>>>>>>>>>>>>>>>>>>
epoch: 0
loss: 1.2534, acc: 0.3406
loss: 1.1467, acc: 0.4547
loss: 1.1035, acc: 0.4870
loss: 1.0576, acc: 0.5206
> val_acc: 0.6137, val_f1: 0.4562
>> saved: state_dict/atae_lstm_car_val_temp
epoch: 1
loss: 1.0429, acc: 0.5672
loss: 1.0063, acc: 0.5727
loss: 0.9554, acc: 0.6036
loss: 0.9064, acc: 0.6336
> val_acc: 0.6606, val_f1: 0.4918
>> saved: state_dict/atae_lstm_car_val_temp
epoch: 2
loss: 0.7186, acc: 0.7156
loss: 0.7311, acc: 0.7078
loss: 0.7035, acc: 0.7240
loss: 0.6823, acc: 0.7341
> val_acc: 0.6787, val_f1: 0.7335
>> saved: state_dict/atae_lstm_car_val_temp
epoch: 3
loss: 1.0380, acc: 0.5125
loss: 0.9108, acc: 0.5789
loss: 0.8421, acc: 0.6328
loss: 0.7892, acc: 0.6656
> val_acc: 0.7798, val_f1: 0.8204
>> saved: state_dict/atae_lstm_car_val_temp
epoch: 4
loss: 0.6767, acc: 0.7453
loss: 0.6660, acc: 0.7492
loss: 0.6372, acc: 0.7594
loss: 0.6355, acc: 0.7569
> val_acc: 0.7798, val_f1: 0.8449
epoch: 5
loss: 0.5841, acc: 0.7812
loss: 0.5423, acc: 0.7937
loss: 0.5480, acc: 0.7870
loss: 0.5468, acc: 0.7865
> val_acc: 0.7762, val_f1: 0.8124
epoch: 6
loss: 0.5234, acc: 0.7766
loss: 0.5396, acc: 0.7789
loss: 0.5375, acc: 0.7828
loss: 0.5205, acc: 0.7905
> val_acc: 0.8231, val_f1: 0.8685
>> saved: state_dict/atae_lstm_car_val_temp
epoch: 7
loss: 0.4790, acc: 0.8141
loss: 0.5103, acc: 0.8000
loss: 0.5157, acc: 0.8021
loss: 0.5175, acc: 0.8014
> val_acc: 0.7942, val_f1: 0.8422
epoch: 8
loss: 0.5044, acc: 0.8016
loss: 0.4978, acc: 0.8102
loss: 0.5039, acc: 0.8016
loss: 0.5001, acc: 0.8022
> val_acc: 0.7798, val_f1: 0.8156
epoch: 9
loss: 0.5622, acc: 0.8016
loss: 0.5476, acc: 0.7961
loss: 0.5436, acc: 0.7969
loss: 0.5326, acc: 0.7982
> val_acc: 0.8159, val_f1: 0.8640
>> test_acc: 0.7956, test_f1: 0.8088
fold : 8
>>>>>>>>>>>>>>>>>>>>>>>>>>>>>>>>>>>>>>>>>>>>>>>>>>>>>>>>>>>>>>>>>>>>>>>>>>>>>>>>>>>>>>>>>>>>>>>>>>>>
epoch: 0
loss: 1.2857, acc: 0.3047
loss: 1.1551, acc: 0.4000
loss: 1.1203, acc: 0.4573
loss: 1.0956, acc: 0.4890
> val_acc: 0.6354, val_f1: 0.4634
>> saved: state_dict/atae_lstm_car_val_temp
epoch: 1
loss: 0.9416, acc: 0.6172
loss: 0.9331, acc: 0.6023
loss: 0.9061, acc: 0.6198
loss: 0.8738, acc: 0.6360
> val_acc: 0.6173, val_f1: 0.4521
epoch: 2
loss: 0.8326, acc: 0.6859
loss: 0.7637, acc: 0.7031
loss: 0.7501, acc: 0.7099
loss: 0.7377, acc: 0.7153
> val_acc: 0.7329, val_f1: 0.5344
>> saved: state_dict/atae_lstm_car_val_temp
epoch: 3
loss: 0.7078, acc: 0.7359
loss: 0.6589, acc: 0.7352
loss: 0.6563, acc: 0.7396
loss: 0.6474, acc: 0.7477
> val_acc: 0.7690, val_f1: 0.6565
>> saved: state_dict/atae_lstm_car_val_temp
epoch: 4
loss: 0.6144, acc: 0.7750
loss: 0.6020, acc: 0.7656
loss: 0.5632, acc: 0.7812
loss: 0.5434, acc: 0.7905
> val_acc: 0.6354, val_f1: 0.5187
epoch: 5
loss: 0.7733, acc: 0.6703
loss: 0.7258, acc: 0.6961
loss: 0.6779, acc: 0.7135
loss: 0.6570, acc: 0.7177
> val_acc: 0.7401, val_f1: 0.7267
epoch: 6
loss: 0.7076, acc: 0.7453
loss: 0.6800, acc: 0.7383
loss: 0.6524, acc: 0.7526
loss: 0.6334, acc: 0.7601
> val_acc: 0.7401, val_f1: 0.7434
epoch: 7
loss: 0.5518, acc: 0.7937
loss: 0.5605, acc: 0.7828
loss: 0.5733, acc: 0.7734
loss: 0.5604, acc: 0.7805
> val_acc: 0.7617, val_f1: 0.7892
epoch: 8
loss: 0.5634, acc: 0.7828
loss: 0.5673, acc: 0.7820
loss: 0.5453, acc: 0.7958
loss: 0.5420, acc: 0.7974
> val_acc: 0.7798, val_f1: 0.8103
>> saved: state_dict/atae_lstm_car_val_temp
epoch: 9
loss: 0.5724, acc: 0.7797
loss: 0.5688, acc: 0.7867
loss: 0.5539, acc: 0.7911
loss: 0.5491, acc: 0.7938
> val_acc: 0.7798, val_f1: 0.7994
>> test_acc: 0.8030, test_f1: 0.8286
fold : 9
>>>>>>>>>>>>>>>>>>>>>>>>>>>>>>>>>>>>>>>>>>>>>>>>>>>>>>>>>>>>>>>>>>>>>>>>>>>>>>>>>>>>>>>>>>>>>>>>>>>>
epoch: 0
loss: 1.1856, acc: 0.3922
loss: 1.1035, acc: 0.4766
loss: 1.0614, acc: 0.5135
> val_acc: 0.6121, val_f1: 0.4422
>> saved: state_dict/atae_lstm_car_val_temp
epoch: 1
loss: 1.0553, acc: 0.6250
loss: 0.9632, acc: 0.5980
loss: 0.9241, acc: 0.6339
loss: 0.8909, acc: 0.6482
> val_acc: 0.6868, val_f1: 0.5015
>> saved: state_dict/atae_lstm_car_val_temp
epoch: 2
loss: 0.7246, acc: 0.7188
loss: 0.7258, acc: 0.7240
loss: 0.7160, acc: 0.7273
loss: 0.7076, acc: 0.7227
> val_acc: 0.7829, val_f1: 0.7217
>> saved: state_dict/atae_lstm_car_val_temp
epoch: 3
loss: 0.6716, acc: 0.7031
loss: 0.6004, acc: 0.7608
loss: 0.6080, acc: 0.7622
loss: 0.6115, acc: 0.7590
> val_acc: 0.8078, val_f1: 0.8369
>> saved: state_dict/atae_lstm_car_val_temp
epoch: 4
loss: 0.5665, acc: 0.7930
loss: 0.5944, acc: 0.7790
loss: 0.5613, acc: 0.7826
loss: 0.5429, acc: 0.7895
> val_acc: 0.7972, val_f1: 0.8429
epoch: 5
loss: 0.5018, acc: 0.8187
loss: 0.5304, acc: 0.8010
loss: 0.5291, acc: 0.8006
loss: 0.5394, acc: 0.8000
> val_acc: 0.8007, val_f1: 0.8398
epoch: 6
loss: 0.4816, acc: 0.8099
loss: 0.5133, acc: 0.8096
loss: 0.5163, acc: 0.8053
loss: 0.5069, acc: 0.8077
> val_acc: 0.8292, val_f1: 0.8739
>> saved: state_dict/atae_lstm_car_val_temp
epoch: 7
loss: 0.4338, acc: 0.8080
loss: 0.4556, acc: 0.8061
loss: 0.4669, acc: 0.8032
loss: 0.4989, acc: 0.7981
> val_acc: 0.7936, val_f1: 0.8263
epoch: 8
loss: 0.5276, acc: 0.7871
loss: 0.5484, acc: 0.7778
loss: 0.5514, acc: 0.7757
loss: 0.5390, acc: 0.7821
> val_acc: 0.8078, val_f1: 0.8322
epoch: 9
loss: 0.5233, acc: 0.7917
loss: 0.5103, acc: 0.8010
loss: 0.5110, acc: 0.8028
loss: 0.4951, acc: 0.8079
> val_acc: 0.8185, val_f1: 0.8571
>> test_acc: 0.7985, test_f1: 0.8026
>>>>>>>>>>>>>>>>>>>>>>>>>>>>>>>>>>>>>>>>>>>>>>>>>>>>>>>>>>>>>>>>>>>>>>>>>>>>>>>>>>>>>>>>>>>>>>>>>>>>
>>> mean_test_acc: 0.7861, mean_test_f1: 0.7860
