n_trainable_params: 2526004, n_nontrainable_params: 1389000
> training arguments:
>>> model_name: atae_lstm
>>> dataset: car
>>> optimizer: <class 'torch.optim.adam.Adam'>
>>> initializer: <function xavier_uniform_ at 0x11b745840>
>>> learning_rate: 0.002
>>> dropout: 0.05
>>> l2reg: 0.01
>>> num_epoch: 50
>>> batch_size: 64
>>> log_step: 5
>>> embed_dim: 300
>>> hidden_dim: 300
>>> bert_dim: 768
>>> pretrained_bert_name: bert-base-uncased
>>> max_seq_len: 80
>>> polarities_dim: 4
>>> hops: 3
>>> device: cpu
>>> seed: None
>>> valset_ratio: 0
>>> model_class: <class 'models.atae_lstm.ATAE_LSTM'>
>>> dataset_file: {'train': './datasets/semeval14/Car_Train.xml.seg', 'test': './datasets/semeval14/Car_Test_Gold.xml.seg'}
>>> inputs_cols: ['text_raw_indices', 'aspect_indices']
>>>>>>>>>>>>>>>>>>>>>>>>>>>>>>>>>>>>>>>>>>>>>>>>>>>>>>>>>>>>>>>>>>>>>>>>>>>>>>>>>>>>>>>>>>>>>>>>>>>>
epoch: 0
loss: 1.2482, acc: 0.3250
loss: 1.1363, acc: 0.4562
loss: 1.0943, acc: 0.4979
loss: 1.0646, acc: 0.5172
loss: 1.0397, acc: 0.5337
loss: 1.0311, acc: 0.5385
loss: 0.9980, acc: 0.5522
loss: 0.9716, acc: 0.5738
> val_acc: 0.7585, val_f1: 0.7577
>> saved: state_dict/atae_lstm_car_val_acc0.7585
>>>>>>>>>>>>>>>>>>>>>>>>>>>>>>>>>>>>>>>>>>>>>>>>>>>>>>>>>>>>>>>>>>>>>>>>>>>>>>>>>>>>>>>>>>>>>>>>>>>>
epoch: 1
loss: 0.7353, acc: 0.7031
loss: 0.6809, acc: 0.7370
loss: 0.6485, acc: 0.7472
loss: 0.6475, acc: 0.7490
loss: 0.6399, acc: 0.7515
loss: 0.6303, acc: 0.7548
loss: 0.6113, acc: 0.7626
loss: 0.6199, acc: 0.7626
loss: 0.6210, acc: 0.7618
> val_acc: 0.7541, val_f1: 0.7597
>>>>>>>>>>>>>>>>>>>>>>>>>>>>>>>>>>>>>>>>>>>>>>>>>>>>>>>>>>>>>>>>>>>>>>>>>>>>>>>>>>>>>>>>>>>>>>>>>>>>
epoch: 2
loss: 0.5513, acc: 0.8047
loss: 0.5587, acc: 0.7924
loss: 0.5728, acc: 0.7839
loss: 0.5672, acc: 0.7840
loss: 0.5899, acc: 0.7749
loss: 0.5695, acc: 0.7847
loss: 0.5674, acc: 0.7847
loss: 0.5727, acc: 0.7829
loss: 0.5798, acc: 0.7801
> val_acc: 0.7926, val_f1: 0.8363
>> saved: state_dict/atae_lstm_car_val_acc0.7926
>>>>>>>>>>>>>>>>>>>>>>>>>>>>>>>>>>>>>>>>>>>>>>>>>>>>>>>>>>>>>>>>>>>>>>>>>>>>>>>>>>>>>>>>>>>>>>>>>>>>
epoch: 3
loss: 0.4853, acc: 0.8281
loss: 0.4927, acc: 0.8184
loss: 0.5197, acc: 0.8017
loss: 0.5153, acc: 0.8047
loss: 0.5311, acc: 0.8043
loss: 0.5511, acc: 0.7958
loss: 0.5462, acc: 0.7988
loss: 0.5593, acc: 0.7919
loss: 0.5516, acc: 0.7922
> val_acc: 0.7748, val_f1: 0.7669
>>>>>>>>>>>>>>>>>>>>>>>>>>>>>>>>>>>>>>>>>>>>>>>>>>>>>>>>>>>>>>>>>>>>>>>>>>>>>>>>>>>>>>>>>>>>>>>>>>>>
epoch: 4
loss: 0.4190, acc: 0.8477
loss: 0.5084, acc: 0.8021
loss: 0.5043, acc: 0.8058
loss: 0.5114, acc: 0.8010
loss: 0.5265, acc: 0.7910
loss: 0.5198, acc: 0.7909
loss: 0.5174, acc: 0.7918
loss: 0.5136, acc: 0.7933
loss: 0.5222, acc: 0.7916
> val_acc: 0.8000, val_f1: 0.8055
>> saved: state_dict/atae_lstm_car_val_acc0.8
>>>>>>>>>>>>>>>>>>>>>>>>>>>>>>>>>>>>>>>>>>>>>>>>>>>>>>>>>>>>>>>>>>>>>>>>>>>>>>>>>>>>>>>>>>>>>>>>>>>>
epoch: 5
loss: 0.5155, acc: 0.8094
loss: 0.5284, acc: 0.8000
loss: 0.5290, acc: 0.7958
loss: 0.5238, acc: 0.8000
loss: 0.4975, acc: 0.8125
loss: 0.4979, acc: 0.8109
loss: 0.4948, acc: 0.8125
loss: 0.4970, acc: 0.8109
> val_acc: 0.7719, val_f1: 0.7824
>>>>>>>>>>>>>>>>>>>>>>>>>>>>>>>>>>>>>>>>>>>>>>>>>>>>>>>>>>>>>>>>>>>>>>>>>>>>>>>>>>>>>>>>>>>>>>>>>>>>
epoch: 6
loss: 0.3300, acc: 0.8750
loss: 0.4900, acc: 0.8255
loss: 0.4872, acc: 0.8281
loss: 0.5008, acc: 0.8193
loss: 0.5107, acc: 0.8103
loss: 0.5029, acc: 0.8119
loss: 0.4983, acc: 0.8135
loss: 0.5064, acc: 0.8051
loss: 0.5050, acc: 0.8053
> val_acc: 0.7956, val_f1: 0.7969
>>>>>>>>>>>>>>>>>>>>>>>>>>>>>>>>>>>>>>>>>>>>>>>>>>>>>>>>>>>>>>>>>>>>>>>>>>>>>>>>>>>>>>>>>>>>>>>>>>>>
epoch: 7
loss: 0.5458, acc: 0.7969
loss: 0.4327, acc: 0.8304
loss: 0.4695, acc: 0.8125
loss: 0.4693, acc: 0.8116
loss: 0.4692, acc: 0.8146
loss: 0.4829, acc: 0.8102
loss: 0.4889, acc: 0.8042
loss: 0.4810, acc: 0.8079
loss: 0.5001, acc: 0.8010
> val_acc: 0.7956, val_f1: 0.8130
>>>>>>>>>>>>>>>>>>>>>>>>>>>>>>>>>>>>>>>>>>>>>>>>>>>>>>>>>>>>>>>>>>>>>>>>>>>>>>>>>>>>>>>>>>>>>>>>>>>>
epoch: 8
loss: 0.5381, acc: 0.7865
loss: 0.4966, acc: 0.8105
loss: 0.4830, acc: 0.8137
loss: 0.4734, acc: 0.8134
loss: 0.4757, acc: 0.8105
loss: 0.4773, acc: 0.8092
loss: 0.4810, acc: 0.8092
loss: 0.4903, acc: 0.8080
loss: 0.4912, acc: 0.8052
> val_acc: 0.8059, val_f1: 0.8278
>> saved: state_dict/atae_lstm_car_val_acc0.8059
>>>>>>>>>>>>>>>>>>>>>>>>>>>>>>>>>>>>>>>>>>>>>>>>>>>>>>>>>>>>>>>>>>>>>>>>>>>>>>>>>>>>>>>>>>>>>>>>>>>>
epoch: 9
loss: 0.5029, acc: 0.8359
loss: 0.4945, acc: 0.8212
loss: 0.4973, acc: 0.8192
loss: 0.5014, acc: 0.8133
loss: 0.4887, acc: 0.8164
loss: 0.4815, acc: 0.8184
loss: 0.4834, acc: 0.8194
loss: 0.4885, acc: 0.8161
loss: 0.4880, acc: 0.8147
> val_acc: 0.7911, val_f1: 0.7942
>>>>>>>>>>>>>>>>>>>>>>>>>>>>>>>>>>>>>>>>>>>>>>>>>>>>>>>>>>>>>>>>>>>>>>>>>>>>>>>>>>>>>>>>>>>>>>>>>>>>
epoch: 10
loss: 0.4482, acc: 0.8250
loss: 0.4464, acc: 0.8266
loss: 0.4507, acc: 0.8250
loss: 0.4627, acc: 0.8258
loss: 0.4677, acc: 0.8206
loss: 0.4729, acc: 0.8214
loss: 0.4746, acc: 0.8179
loss: 0.4797, acc: 0.8176
> val_acc: 0.7896, val_f1: 0.8222
>>>>>>>>>>>>>>>>>>>>>>>>>>>>>>>>>>>>>>>>>>>>>>>>>>>>>>>>>>>>>>>>>>>>>>>>>>>>>>>>>>>>>>>>>>>>>>>>>>>>
epoch: 11
loss: 0.4904, acc: 0.8125
loss: 0.4071, acc: 0.8438
loss: 0.4269, acc: 0.8381
loss: 0.4416, acc: 0.8291
loss: 0.4531, acc: 0.8259
loss: 0.4375, acc: 0.8341
loss: 0.4316, acc: 0.8296
loss: 0.4427, acc: 0.8242
loss: 0.4496, acc: 0.8197
> val_acc: 0.7852, val_f1: 0.7897
>>>>>>>>>>>>>>>>>>>>>>>>>>>>>>>>>>>>>>>>>>>>>>>>>>>>>>>>>>>>>>>>>>>>>>>>>>>>>>>>>>>>>>>>>>>>>>>>>>>>
epoch: 12
loss: 0.4902, acc: 0.8125
loss: 0.4508, acc: 0.8237
loss: 0.4826, acc: 0.8099
loss: 0.4944, acc: 0.8116
loss: 0.4940, acc: 0.8082
loss: 0.4742, acc: 0.8166
loss: 0.4822, acc: 0.8135
loss: 0.4723, acc: 0.8205
loss: 0.4827, acc: 0.8166
> val_acc: 0.7896, val_f1: 0.8037
>>>>>>>>>>>>>>>>>>>>>>>>>>>>>>>>>>>>>>>>>>>>>>>>>>>>>>>>>>>>>>>>>>>>>>>>>>>>>>>>>>>>>>>>>>>>>>>>>>>>
epoch: 13
loss: 0.4922, acc: 0.8229
loss: 0.5166, acc: 0.8047
loss: 0.5119, acc: 0.8149
loss: 0.5027, acc: 0.8134
loss: 0.4813, acc: 0.8152
loss: 0.4920, acc: 0.8092
loss: 0.4809, acc: 0.8144
loss: 0.4822, acc: 0.8150
loss: 0.4775, acc: 0.8158
> val_acc: 0.8267, val_f1: 0.8575
>> saved: state_dict/atae_lstm_car_val_acc0.8267
>>>>>>>>>>>>>>>>>>>>>>>>>>>>>>>>>>>>>>>>>>>>>>>>>>>>>>>>>>>>>>>>>>>>>>>>>>>>>>>>>>>>>>>>>>>>>>>>>>>>
epoch: 14
loss: 0.3716, acc: 0.8438
loss: 0.4418, acc: 0.8264
loss: 0.4435, acc: 0.8270
loss: 0.4345, acc: 0.8314
loss: 0.4368, acc: 0.8307
loss: 0.4367, acc: 0.8314
loss: 0.4308, acc: 0.8336
loss: 0.4444, acc: 0.8265
loss: 0.4536, acc: 0.8226
> val_acc: 0.7985, val_f1: 0.8333
>>>>>>>>>>>>>>>>>>>>>>>>>>>>>>>>>>>>>>>>>>>>>>>>>>>>>>>>>>>>>>>>>>>>>>>>>>>>>>>>>>>>>>>>>>>>>>>>>>>>
epoch: 15
loss: 0.3914, acc: 0.8250
loss: 0.3825, acc: 0.8359
loss: 0.3912, acc: 0.8385
loss: 0.3919, acc: 0.8406
loss: 0.4050, acc: 0.8356
loss: 0.4128, acc: 0.8354
loss: 0.4200, acc: 0.8348
loss: 0.4225, acc: 0.8336
> val_acc: 0.7852, val_f1: 0.8022
>>>>>>>>>>>>>>>>>>>>>>>>>>>>>>>>>>>>>>>>>>>>>>>>>>>>>>>>>>>>>>>>>>>>>>>>>>>>>>>>>>>>>>>>>>>>>>>>>>>>
epoch: 16
loss: 0.5342, acc: 0.8438
loss: 0.4503, acc: 0.8281
loss: 0.4378, acc: 0.8324
loss: 0.4214, acc: 0.8369
loss: 0.4219, acc: 0.8333
loss: 0.4301, acc: 0.8287
loss: 0.4362, acc: 0.8276
loss: 0.4402, acc: 0.8286
loss: 0.4351, acc: 0.8319
> val_acc: 0.8059, val_f1: 0.8167
>>>>>>>>>>>>>>>>>>>>>>>>>>>>>>>>>>>>>>>>>>>>>>>>>>>>>>>>>>>>>>>>>>>>>>>>>>>>>>>>>>>>>>>>>>>>>>>>>>>>
epoch: 17
loss: 0.4832, acc: 0.7812
loss: 0.3850, acc: 0.8504
loss: 0.3924, acc: 0.8333
loss: 0.4080, acc: 0.8281
loss: 0.4170, acc: 0.8253
loss: 0.4243, acc: 0.8247
loss: 0.4185, acc: 0.8301
loss: 0.4158, acc: 0.8340
loss: 0.4216, acc: 0.8333
> val_acc: 0.7985, val_f1: 0.8350
>>>>>>>>>>>>>>>>>>>>>>>>>>>>>>>>>>>>>>>>>>>>>>>>>>>>>>>>>>>>>>>>>>>>>>>>>>>>>>>>>>>>>>>>>>>>>>>>>>>>
epoch: 18
loss: 0.3911, acc: 0.8698
loss: 0.4242, acc: 0.8457
loss: 0.4059, acc: 0.8534
loss: 0.3981, acc: 0.8550
loss: 0.3978, acc: 0.8485
loss: 0.4128, acc: 0.8398
loss: 0.4207, acc: 0.8366
loss: 0.4257, acc: 0.8351
loss: 0.4258, acc: 0.8376
> val_acc: 0.8178, val_f1: 0.8322
>>>>>>>>>>>>>>>>>>>>>>>>>>>>>>>>>>>>>>>>>>>>>>>>>>>>>>>>>>>>>>>>>>>>>>>>>>>>>>>>>>>>>>>>>>>>>>>>>>>>
epoch: 19
loss: 0.3870, acc: 0.8672
loss: 0.3939, acc: 0.8542
loss: 0.3928, acc: 0.8560
loss: 0.4220, acc: 0.8462
loss: 0.4231, acc: 0.8444
loss: 0.4283, acc: 0.8454
loss: 0.4144, acc: 0.8516
loss: 0.4193, acc: 0.8494
loss: 0.4225, acc: 0.8479
> val_acc: 0.7881, val_f1: 0.8025
>>>>>>>>>>>>>>>>>>>>>>>>>>>>>>>>>>>>>>>>>>>>>>>>>>>>>>>>>>>>>>>>>>>>>>>>>>>>>>>>>>>>>>>>>>>>>>>>>>>>
epoch: 20
loss: 0.5170, acc: 0.7875
loss: 0.4861, acc: 0.8047
loss: 0.4615, acc: 0.8198
loss: 0.4795, acc: 0.8141
loss: 0.4618, acc: 0.8213
loss: 0.4609, acc: 0.8229
loss: 0.4489, acc: 0.8277
loss: 0.4543, acc: 0.8277
> val_acc: 0.8133, val_f1: 0.8331
>>>>>>>>>>>>>>>>>>>>>>>>>>>>>>>>>>>>>>>>>>>>>>>>>>>>>>>>>>>>>>>>>>>>>>>>>>>>>>>>>>>>>>>>>>>>>>>>>>>>
epoch: 21
loss: 0.3688, acc: 0.8750
loss: 0.4418, acc: 0.8177
loss: 0.4455, acc: 0.8267
loss: 0.4209, acc: 0.8408
loss: 0.4242, acc: 0.8371
loss: 0.4303, acc: 0.8353
loss: 0.4311, acc: 0.8362
loss: 0.4331, acc: 0.8355
loss: 0.4329, acc: 0.8373
> val_acc: 0.7778, val_f1: 0.7839
>>>>>>>>>>>>>>>>>>>>>>>>>>>>>>>>>>>>>>>>>>>>>>>>>>>>>>>>>>>>>>>>>>>>>>>>>>>>>>>>>>>>>>>>>>>>>>>>>>>>
epoch: 22
loss: 0.4123, acc: 0.8594
loss: 0.4105, acc: 0.8326
loss: 0.4135, acc: 0.8320
loss: 0.4310, acc: 0.8290
loss: 0.4311, acc: 0.8331
loss: 0.4122, acc: 0.8438
loss: 0.4179, acc: 0.8408
loss: 0.4148, acc: 0.8412
loss: 0.4201, acc: 0.8385
> val_acc: 0.8296, val_f1: 0.8524
>> saved: state_dict/atae_lstm_car_val_acc0.8296
>>>>>>>>>>>>>>>>>>>>>>>>>>>>>>>>>>>>>>>>>>>>>>>>>>>>>>>>>>>>>>>>>>>>>>>>>>>>>>>>>>>>>>>>>>>>>>>>>>>>
epoch: 23
loss: 0.3765, acc: 0.8490
loss: 0.4281, acc: 0.8281
loss: 0.4291, acc: 0.8317
loss: 0.4343, acc: 0.8281
loss: 0.4304, acc: 0.8281
loss: 0.4412, acc: 0.8248
loss: 0.4380, acc: 0.8295
loss: 0.4320, acc: 0.8326
loss: 0.4308, acc: 0.8325
> val_acc: 0.7852, val_f1: 0.7895
>>>>>>>>>>>>>>>>>>>>>>>>>>>>>>>>>>>>>>>>>>>>>>>>>>>>>>>>>>>>>>>>>>>>>>>>>>>>>>>>>>>>>>>>>>>>>>>>>>>>
epoch: 24
loss: 0.4226, acc: 0.8789
loss: 0.4107, acc: 0.8594
loss: 0.4090, acc: 0.8571
loss: 0.4203, acc: 0.8528
loss: 0.4359, acc: 0.8424
loss: 0.4293, acc: 0.8411
loss: 0.4414, acc: 0.8341
loss: 0.4288, acc: 0.8377
loss: 0.4295, acc: 0.8356
> val_acc: 0.8059, val_f1: 0.8295
>>>>>>>>>>>>>>>>>>>>>>>>>>>>>>>>>>>>>>>>>>>>>>>>>>>>>>>>>>>>>>>>>>>>>>>>>>>>>>>>>>>>>>>>>>>>>>>>>>>>
epoch: 25
loss: 0.3885, acc: 0.8500
loss: 0.3604, acc: 0.8641
loss: 0.3792, acc: 0.8562
loss: 0.3921, acc: 0.8492
loss: 0.4067, acc: 0.8450
loss: 0.4026, acc: 0.8458
loss: 0.4058, acc: 0.8451
loss: 0.4096, acc: 0.8430
> val_acc: 0.8178, val_f1: 0.8350
>>>>>>>>>>>>>>>>>>>>>>>>>>>>>>>>>>>>>>>>>>>>>>>>>>>>>>>>>>>>>>>>>>>>>>>>>>>>>>>>>>>>>>>>>>>>>>>>>>>>
epoch: 26
loss: 0.3256, acc: 0.8594
loss: 0.3543, acc: 0.8568
loss: 0.3629, acc: 0.8523
loss: 0.3636, acc: 0.8555
loss: 0.3809, acc: 0.8497
loss: 0.3874, acc: 0.8504
loss: 0.3909, acc: 0.8508
loss: 0.3977, acc: 0.8477
loss: 0.3919, acc: 0.8510
> val_acc: 0.8148, val_f1: 0.8261
>>>>>>>>>>>>>>>>>>>>>>>>>>>>>>>>>>>>>>>>>>>>>>>>>>>>>>>>>>>>>>>>>>>>>>>>>>>>>>>>>>>>>>>>>>>>>>>>>>>>
epoch: 27
loss: 0.3405, acc: 0.8594
loss: 0.3934, acc: 0.8393
loss: 0.4024, acc: 0.8346
loss: 0.4007, acc: 0.8410
loss: 0.3926, acc: 0.8480
loss: 0.3940, acc: 0.8490
loss: 0.3889, acc: 0.8535
loss: 0.3971, acc: 0.8514
loss: 0.4029, acc: 0.8482
> val_acc: 0.7793, val_f1: 0.8148
>>>>>>>>>>>>>>>>>>>>>>>>>>>>>>>>>>>>>>>>>>>>>>>>>>>>>>>>>>>>>>>>>>>>>>>>>>>>>>>>>>>>>>>>>>>>>>>>>>>>
epoch: 28
loss: 0.4394, acc: 0.8542
loss: 0.3782, acc: 0.8730
loss: 0.3826, acc: 0.8678
loss: 0.3847, acc: 0.8663
loss: 0.3863, acc: 0.8648
loss: 0.3774, acc: 0.8672
loss: 0.3801, acc: 0.8632
loss: 0.3817, acc: 0.8594
loss: 0.3883, acc: 0.8539
> val_acc: 0.8133, val_f1: 0.8279
>>>>>>>>>>>>>>>>>>>>>>>>>>>>>>>>>>>>>>>>>>>>>>>>>>>>>>>>>>>>>>>>>>>>>>>>>>>>>>>>>>>>>>>>>>>>>>>>>>>>
epoch: 29
loss: 0.3194, acc: 0.8711
loss: 0.3312, acc: 0.8750
loss: 0.3553, acc: 0.8694
loss: 0.3621, acc: 0.8627
loss: 0.3696, acc: 0.8568
loss: 0.3725, acc: 0.8556
loss: 0.3794, acc: 0.8539
loss: 0.3812, acc: 0.8514
loss: 0.3896, acc: 0.8486
> val_acc: 0.8000, val_f1: 0.8161
>>>>>>>>>>>>>>>>>>>>>>>>>>>>>>>>>>>>>>>>>>>>>>>>>>>>>>>>>>>>>>>>>>>>>>>>>>>>>>>>>>>>>>>>>>>>>>>>>>>>
epoch: 30
loss: 0.3812, acc: 0.8781
loss: 0.4112, acc: 0.8547
loss: 0.4008, acc: 0.8562
loss: 0.4003, acc: 0.8469
loss: 0.3935, acc: 0.8519
loss: 0.3938, acc: 0.8516
loss: 0.3851, acc: 0.8558
loss: 0.3889, acc: 0.8508
> val_acc: 0.7881, val_f1: 0.8103
>>>>>>>>>>>>>>>>>>>>>>>>>>>>>>>>>>>>>>>>>>>>>>>>>>>>>>>>>>>>>>>>>>>>>>>>>>>>>>>>>>>>>>>>>>>>>>>>>>>>
epoch: 31
loss: 0.3896, acc: 0.8281
loss: 0.4248, acc: 0.8359
loss: 0.3632, acc: 0.8580
loss: 0.3636, acc: 0.8564
loss: 0.3629, acc: 0.8601
loss: 0.3607, acc: 0.8606
loss: 0.3694, acc: 0.8599
loss: 0.3805, acc: 0.8568
loss: 0.3792, acc: 0.8590
> val_acc: 0.8074, val_f1: 0.8460
>>>>>>>>>>>>>>>>>>>>>>>>>>>>>>>>>>>>>>>>>>>>>>>>>>>>>>>>>>>>>>>>>>>>>>>>>>>>>>>>>>>>>>>>>>>>>>>>>>>>
epoch: 32
loss: 0.3600, acc: 0.8750
loss: 0.3279, acc: 0.8906
loss: 0.3513, acc: 0.8750
loss: 0.3509, acc: 0.8713
loss: 0.3556, acc: 0.8629
loss: 0.3679, acc: 0.8565
loss: 0.3635, acc: 0.8574
loss: 0.3700, acc: 0.8564
loss: 0.3753, acc: 0.8564
> val_acc: 0.8222, val_f1: 0.8454
>>>>>>>>>>>>>>>>>>>>>>>>>>>>>>>>>>>>>>>>>>>>>>>>>>>>>>>>>>>>>>>>>>>>>>>>>>>>>>>>>>>>>>>>>>>>>>>>>>>>
epoch: 33
loss: 0.3909, acc: 0.8333
loss: 0.3592, acc: 0.8633
loss: 0.3635, acc: 0.8654
loss: 0.3684, acc: 0.8628
loss: 0.3750, acc: 0.8580
loss: 0.3836, acc: 0.8538
loss: 0.3785, acc: 0.8565
loss: 0.3861, acc: 0.8532
loss: 0.3843, acc: 0.8536
> val_acc: 0.8089, val_f1: 0.8352
>>>>>>>>>>>>>>>>>>>>>>>>>>>>>>>>>>>>>>>>>>>>>>>>>>>>>>>>>>>>>>>>>>>>>>>>>>>>>>>>>>>>>>>>>>>>>>>>>>>>
epoch: 34
loss: 0.4065, acc: 0.8477
loss: 0.3787, acc: 0.8472
loss: 0.3773, acc: 0.8460
loss: 0.3862, acc: 0.8479
loss: 0.3651, acc: 0.8600
loss: 0.3675, acc: 0.8621
loss: 0.3634, acc: 0.8649
loss: 0.3638, acc: 0.8642
loss: 0.3665, acc: 0.8637
> val_acc: 0.8252, val_f1: 0.8470
>>>>>>>>>>>>>>>>>>>>>>>>>>>>>>>>>>>>>>>>>>>>>>>>>>>>>>>>>>>>>>>>>>>>>>>>>>>>>>>>>>>>>>>>>>>>>>>>>>>>
epoch: 35
loss: 0.3455, acc: 0.8656
loss: 0.3423, acc: 0.8766
loss: 0.3511, acc: 0.8667
loss: 0.3654, acc: 0.8594
loss: 0.3681, acc: 0.8625
loss: 0.3695, acc: 0.8615
loss: 0.3727, acc: 0.8625
loss: 0.3752, acc: 0.8613
> val_acc: 0.8000, val_f1: 0.8216
>>>>>>>>>>>>>>>>>>>>>>>>>>>>>>>>>>>>>>>>>>>>>>>>>>>>>>>>>>>>>>>>>>>>>>>>>>>>>>>>>>>>>>>>>>>>>>>>>>>>
epoch: 36
loss: 0.2521, acc: 0.9062
loss: 0.4318, acc: 0.8255
loss: 0.3971, acc: 0.8523
loss: 0.3836, acc: 0.8545
loss: 0.3743, acc: 0.8571
loss: 0.3719, acc: 0.8570
loss: 0.3699, acc: 0.8579
loss: 0.3698, acc: 0.8585
loss: 0.3713, acc: 0.8579
> val_acc: 0.7911, val_f1: 0.8186
>>>>>>>>>>>>>>>>>>>>>>>>>>>>>>>>>>>>>>>>>>>>>>>>>>>>>>>>>>>>>>>>>>>>>>>>>>>>>>>>>>>>>>>>>>>>>>>>>>>>
epoch: 37
loss: 0.2994, acc: 0.8984
loss: 0.3401, acc: 0.8817
loss: 0.3555, acc: 0.8698
loss: 0.3467, acc: 0.8759
loss: 0.3423, acc: 0.8771
loss: 0.3516, acc: 0.8727
loss: 0.3664, acc: 0.8667
loss: 0.3723, acc: 0.8636
loss: 0.3756, acc: 0.8601
> val_acc: 0.8178, val_f1: 0.8404
>>>>>>>>>>>>>>>>>>>>>>>>>>>>>>>>>>>>>>>>>>>>>>>>>>>>>>>>>>>>>>>>>>>>>>>>>>>>>>>>>>>>>>>>>>>>>>>>>>>>
epoch: 38
loss: 0.3968, acc: 0.8438
loss: 0.3861, acc: 0.8477
loss: 0.3842, acc: 0.8450
loss: 0.3852, acc: 0.8542
loss: 0.3793, acc: 0.8594
loss: 0.3747, acc: 0.8627
loss: 0.3669, acc: 0.8660
loss: 0.3654, acc: 0.8647
loss: 0.3690, acc: 0.8634
> val_acc: 0.8089, val_f1: 0.8317
>>>>>>>>>>>>>>>>>>>>>>>>>>>>>>>>>>>>>>>>>>>>>>>>>>>>>>>>>>>>>>>>>>>>>>>>>>>>>>>>>>>>>>>>>>>>>>>>>>>>
epoch: 39
loss: 0.3933, acc: 0.8398
loss: 0.3297, acc: 0.8785
loss: 0.3163, acc: 0.8817
loss: 0.3340, acc: 0.8758
loss: 0.3287, acc: 0.8789
loss: 0.3337, acc: 0.8739
loss: 0.3381, acc: 0.8690
loss: 0.3471, acc: 0.8670
loss: 0.3563, acc: 0.8641
> val_acc: 0.8074, val_f1: 0.8276
>>>>>>>>>>>>>>>>>>>>>>>>>>>>>>>>>>>>>>>>>>>>>>>>>>>>>>>>>>>>>>>>>>>>>>>>>>>>>>>>>>>>>>>>>>>>>>>>>>>>
epoch: 40
loss: 0.3662, acc: 0.8750
loss: 0.3656, acc: 0.8719
loss: 0.3671, acc: 0.8656
loss: 0.3615, acc: 0.8664
loss: 0.3681, acc: 0.8656
loss: 0.3727, acc: 0.8604
loss: 0.3688, acc: 0.8616
loss: 0.3696, acc: 0.8605
> val_acc: 0.8089, val_f1: 0.8240
>>>>>>>>>>>>>>>>>>>>>>>>>>>>>>>>>>>>>>>>>>>>>>>>>>>>>>>>>>>>>>>>>>>>>>>>>>>>>>>>>>>>>>>>>>>>>>>>>>>>
epoch: 41
loss: 0.2525, acc: 0.8594
loss: 0.3429, acc: 0.8698
loss: 0.3525, acc: 0.8722
loss: 0.3639, acc: 0.8662
loss: 0.3672, acc: 0.8668
loss: 0.3551, acc: 0.8720
loss: 0.3602, acc: 0.8669
loss: 0.3704, acc: 0.8615
loss: 0.3663, acc: 0.8639
> val_acc: 0.8133, val_f1: 0.8490
>>>>>>>>>>>>>>>>>>>>>>>>>>>>>>>>>>>>>>>>>>>>>>>>>>>>>>>>>>>>>>>>>>>>>>>>>>>>>>>>>>>>>>>>>>>>>>>>>>>>
epoch: 42
loss: 0.3214, acc: 0.9297
loss: 0.4263, acc: 0.8661
loss: 0.3968, acc: 0.8776
loss: 0.3830, acc: 0.8732
loss: 0.3829, acc: 0.8729
loss: 0.3873, acc: 0.8709
loss: 0.3814, acc: 0.8687
loss: 0.3824, acc: 0.8644
loss: 0.3758, acc: 0.8690
> val_acc: 0.8089, val_f1: 0.8367
>>>>>>>>>>>>>>>>>>>>>>>>>>>>>>>>>>>>>>>>>>>>>>>>>>>>>>>>>>>>>>>>>>>>>>>>>>>>>>>>>>>>>>>>>>>>>>>>>>>>
epoch: 43
loss: 0.3231, acc: 0.8854
loss: 0.3128, acc: 0.8984
loss: 0.3580, acc: 0.8810
loss: 0.3341, acc: 0.8854
loss: 0.3466, acc: 0.8832
loss: 0.3573, acc: 0.8767
loss: 0.3502, acc: 0.8816
loss: 0.3575, acc: 0.8762
loss: 0.3655, acc: 0.8706
> val_acc: 0.8015, val_f1: 0.8269
>>>>>>>>>>>>>>>>>>>>>>>>>>>>>>>>>>>>>>>>>>>>>>>>>>>>>>>>>>>>>>>>>>>>>>>>>>>>>>>>>>>>>>>>>>>>>>>>>>>>
epoch: 44
loss: 0.3164, acc: 0.8828
loss: 0.3524, acc: 0.8663
loss: 0.3364, acc: 0.8750
loss: 0.3472, acc: 0.8692
loss: 0.3406, acc: 0.8730
loss: 0.3475, acc: 0.8739
loss: 0.3470, acc: 0.8736
loss: 0.3494, acc: 0.8750
loss: 0.3526, acc: 0.8727
> val_acc: 0.8281, val_f1: 0.8538
>>>>>>>>>>>>>>>>>>>>>>>>>>>>>>>>>>>>>>>>>>>>>>>>>>>>>>>>>>>>>>>>>>>>>>>>>>>>>>>>>>>>>>>>>>>>>>>>>>>>
epoch: 45
loss: 0.3222, acc: 0.8938
loss: 0.3363, acc: 0.8828
loss: 0.3224, acc: 0.8885
loss: 0.3350, acc: 0.8836
loss: 0.3423, acc: 0.8769
loss: 0.3480, acc: 0.8734
loss: 0.3457, acc: 0.8741
loss: 0.3461, acc: 0.8758
> val_acc: 0.8222, val_f1: 0.8468
>>>>>>>>>>>>>>>>>>>>>>>>>>>>>>>>>>>>>>>>>>>>>>>>>>>>>>>>>>>>>>>>>>>>>>>>>>>>>>>>>>>>>>>>>>>>>>>>>>>>
epoch: 46
loss: 0.6037, acc: 0.7656
loss: 0.4109, acc: 0.8464
loss: 0.3707, acc: 0.8622
loss: 0.3467, acc: 0.8750
loss: 0.3476, acc: 0.8735
loss: 0.3601, acc: 0.8690
loss: 0.3617, acc: 0.8674
loss: 0.3631, acc: 0.8676
loss: 0.3549, acc: 0.8708
> val_acc: 0.8326, val_f1: 0.8533
>> saved: state_dict/atae_lstm_car_val_acc0.8326
>>>>>>>>>>>>>>>>>>>>>>>>>>>>>>>>>>>>>>>>>>>>>>>>>>>>>>>>>>>>>>>>>>>>>>>>>>>>>>>>>>>>>>>>>>>>>>>>>>>>
epoch: 47
loss: 0.3571, acc: 0.8438
loss: 0.3791, acc: 0.8527
loss: 0.3533, acc: 0.8646
loss: 0.3459, acc: 0.8667
loss: 0.3426, acc: 0.8672
loss: 0.3456, acc: 0.8657
loss: 0.3396, acc: 0.8691
loss: 0.3477, acc: 0.8670
loss: 0.3522, acc: 0.8646
> val_acc: 0.8326, val_f1: 0.8466
>>>>>>>>>>>>>>>>>>>>>>>>>>>>>>>>>>>>>>>>>>>>>>>>>>>>>>>>>>>>>>>>>>>>>>>>>>>>>>>>>>>>>>>>>>>>>>>>>>>>
epoch: 48
loss: 0.4669, acc: 0.8177
loss: 0.3860, acc: 0.8672
loss: 0.3548, acc: 0.8774
loss: 0.3574, acc: 0.8750
loss: 0.3451, acc: 0.8764
loss: 0.3358, acc: 0.8783
loss: 0.3409, acc: 0.8774
loss: 0.3415, acc: 0.8771
loss: 0.3459, acc: 0.8765
> val_acc: 0.8237, val_f1: 0.8485
>>>>>>>>>>>>>>>>>>>>>>>>>>>>>>>>>>>>>>>>>>>>>>>>>>>>>>>>>>>>>>>>>>>>>>>>>>>>>>>>>>>>>>>>>>>>>>>>>>>>
epoch: 49
loss: 0.3534, acc: 0.8867
loss: 0.3067, acc: 0.8993
loss: 0.3199, acc: 0.8862
loss: 0.3229, acc: 0.8832
loss: 0.3275, acc: 0.8815
loss: 0.3255, acc: 0.8820
loss: 0.3350, acc: 0.8782
loss: 0.3331, acc: 0.8790
loss: 0.3415, acc: 0.8764
> val_acc: 0.8267, val_f1: 0.8638
>> test_acc: 0.8326, test_f1: 0.8533
