n_trainable_params: 2526004, n_nontrainable_params: 1389000
> training arguments:
>>> model_name: atae_lstm
>>> dataset: car
>>> optimizer: <class 'torch.optim.adam.Adam'>
>>> initializer: <function xavier_uniform_ at 0x121531840>
>>> learning_rate: 0.001
>>> dropout: 0.1
>>> l2reg: 0.01
>>> num_epoch: 150
>>> batch_size: 64
>>> log_step: 5
>>> embed_dim: 300
>>> hidden_dim: 300
>>> bert_dim: 768
>>> pretrained_bert_name: bert-base-uncased
>>> max_seq_len: 80
>>> polarities_dim: 4
>>> hops: 3
>>> device: cpu
>>> seed: None
>>> valset_ratio: 0
>>> model_class: <class 'models.atae_lstm.ATAE_LSTM'>
>>> dataset_file: {'train': './datasets/semeval14/Car_Train.xml.seg', 'test': './datasets/semeval14/Car_Test_Gold.xml.seg'}
>>> inputs_cols: ['text_raw_indices', 'aspect_indices']
>>>>>>>>>>>>>>>>>>>>>>>>>>>>>>>>>>>>>>>>>>>>>>>>>>>>>>>>>>>>>>>>>>>>>>>>>>>>>>>>>>>>>>>>>>>>>>>>>>>>
epoch: 0
loss: 1.2852, acc: 0.3156
loss: 1.1559, acc: 0.4172
loss: 1.1215, acc: 0.4573
loss: 1.0788, acc: 0.4836
loss: 1.0676, acc: 0.5006
loss: 1.0565, acc: 0.5115
loss: 1.0356, acc: 0.5321
loss: 1.0217, acc: 0.5414
> val_acc: 0.6859, val_f1: 0.5066
>> saved: state_dict/atae_lstm_car_val_acc0.6859
>>>>>>>>>>>>>>>>>>>>>>>>>>>>>>>>>>>>>>>>>>>>>>>>>>>>>>>>>>>>>>>>>>>>>>>>>>>>>>>>>>>>>>>>>>>>>>>>>>>>
epoch: 1
loss: 0.6885, acc: 0.7031
loss: 0.7804, acc: 0.6641
loss: 0.7778, acc: 0.6832
loss: 0.8037, acc: 0.6855
loss: 0.7990, acc: 0.6882
loss: 0.7856, acc: 0.6923
loss: 0.7651, acc: 0.7011
loss: 0.7451, acc: 0.7109
loss: 0.7364, acc: 0.7115
> val_acc: 0.7556, val_f1: 0.7487
>> saved: state_dict/atae_lstm_car_val_acc0.7556
>>>>>>>>>>>>>>>>>>>>>>>>>>>>>>>>>>>>>>>>>>>>>>>>>>>>>>>>>>>>>>>>>>>>>>>>>>>>>>>>>>>>>>>>>>>>>>>>>>>>
epoch: 2
loss: 0.6188, acc: 0.7734
loss: 0.6034, acc: 0.7656
loss: 0.6161, acc: 0.7630
loss: 0.6039, acc: 0.7638
loss: 0.5837, acc: 0.7678
loss: 0.5768, acc: 0.7691
loss: 0.5660, acc: 0.7759
loss: 0.5671, acc: 0.7749
loss: 0.5556, acc: 0.7812
> val_acc: 0.7852, val_f1: 0.8024
>> saved: state_dict/atae_lstm_car_val_acc0.7852
>>>>>>>>>>>>>>>>>>>>>>>>>>>>>>>>>>>>>>>>>>>>>>>>>>>>>>>>>>>>>>>>>>>>>>>>>>>>>>>>>>>>>>>>>>>>>>>>>>>>
epoch: 3
loss: 0.6017, acc: 0.7812
loss: 0.5668, acc: 0.7832
loss: 0.5236, acc: 0.7933
loss: 0.5336, acc: 0.7934
loss: 0.5374, acc: 0.7901
loss: 0.5337, acc: 0.7907
loss: 0.5075, acc: 0.8030
loss: 0.5094, acc: 0.8035
loss: 0.5139, acc: 0.8001
> val_acc: 0.7867, val_f1: 0.8036
>> saved: state_dict/atae_lstm_car_val_acc0.7867
>>>>>>>>>>>>>>>>>>>>>>>>>>>>>>>>>>>>>>>>>>>>>>>>>>>>>>>>>>>>>>>>>>>>>>>>>>>>>>>>>>>>>>>>>>>>>>>>>>>>
epoch: 4
loss: 0.5146, acc: 0.8047
loss: 0.5076, acc: 0.8021
loss: 0.5328, acc: 0.7879
loss: 0.5144, acc: 0.7961
loss: 0.5222, acc: 0.7956
loss: 0.5194, acc: 0.7985
loss: 0.5158, acc: 0.8015
loss: 0.5122, acc: 0.8033
loss: 0.5164, acc: 0.7999
> val_acc: 0.8059, val_f1: 0.8226
>> saved: state_dict/atae_lstm_car_val_acc0.8059
>>>>>>>>>>>>>>>>>>>>>>>>>>>>>>>>>>>>>>>>>>>>>>>>>>>>>>>>>>>>>>>>>>>>>>>>>>>>>>>>>>>>>>>>>>>>>>>>>>>>
epoch: 5
loss: 0.4453, acc: 0.8156
loss: 0.4148, acc: 0.8406
loss: 0.4515, acc: 0.8302
loss: 0.4742, acc: 0.8180
loss: 0.4839, acc: 0.8100
loss: 0.4832, acc: 0.8109
loss: 0.4976, acc: 0.8071
loss: 0.5044, acc: 0.8051
> val_acc: 0.7867, val_f1: 0.8079
>>>>>>>>>>>>>>>>>>>>>>>>>>>>>>>>>>>>>>>>>>>>>>>>>>>>>>>>>>>>>>>>>>>>>>>>>>>>>>>>>>>>>>>>>>>>>>>>>>>>
epoch: 6
loss: 0.5549, acc: 0.8281
loss: 0.4838, acc: 0.8125
loss: 0.4724, acc: 0.8139
loss: 0.4470, acc: 0.8232
loss: 0.4742, acc: 0.8103
loss: 0.5060, acc: 0.7969
loss: 0.5089, acc: 0.7959
loss: 0.5125, acc: 0.7969
loss: 0.5120, acc: 0.7976
> val_acc: 0.7852, val_f1: 0.8094
>>>>>>>>>>>>>>>>>>>>>>>>>>>>>>>>>>>>>>>>>>>>>>>>>>>>>>>>>>>>>>>>>>>>>>>>>>>>>>>>>>>>>>>>>>>>>>>>>>>>
epoch: 7
loss: 0.3849, acc: 0.8672
loss: 0.4963, acc: 0.8013
loss: 0.5091, acc: 0.7917
loss: 0.4951, acc: 0.7996
loss: 0.5058, acc: 0.7947
loss: 0.5054, acc: 0.7992
loss: 0.4997, acc: 0.8042
loss: 0.4976, acc: 0.8062
loss: 0.4794, acc: 0.8155
> val_acc: 0.8163, val_f1: 0.8484
>> saved: state_dict/atae_lstm_car_val_acc0.8163
>>>>>>>>>>>>>>>>>>>>>>>>>>>>>>>>>>>>>>>>>>>>>>>>>>>>>>>>>>>>>>>>>>>>>>>>>>>>>>>>>>>>>>>>>>>>>>>>>>>>
epoch: 8
loss: 0.4394, acc: 0.8438
loss: 0.4621, acc: 0.8320
loss: 0.4495, acc: 0.8425
loss: 0.4528, acc: 0.8359
loss: 0.4642, acc: 0.8308
loss: 0.4611, acc: 0.8331
loss: 0.4623, acc: 0.8319
loss: 0.4747, acc: 0.8248
loss: 0.4729, acc: 0.8252
> val_acc: 0.7956, val_f1: 0.8237
>>>>>>>>>>>>>>>>>>>>>>>>>>>>>>>>>>>>>>>>>>>>>>>>>>>>>>>>>>>>>>>>>>>>>>>>>>>>>>>>>>>>>>>>>>>>>>>>>>>>
epoch: 9
loss: 0.4408, acc: 0.8359
loss: 0.4498, acc: 0.8368
loss: 0.4494, acc: 0.8315
loss: 0.4586, acc: 0.8257
loss: 0.4494, acc: 0.8301
loss: 0.4571, acc: 0.8244
loss: 0.4593, acc: 0.8226
loss: 0.4564, acc: 0.8209
loss: 0.4522, acc: 0.8248
> val_acc: 0.8119, val_f1: 0.8209
>>>>>>>>>>>>>>>>>>>>>>>>>>>>>>>>>>>>>>>>>>>>>>>>>>>>>>>>>>>>>>>>>>>>>>>>>>>>>>>>>>>>>>>>>>>>>>>>>>>>
epoch: 10
loss: 0.4257, acc: 0.8688
loss: 0.4517, acc: 0.8375
loss: 0.4497, acc: 0.8313
loss: 0.4595, acc: 0.8234
loss: 0.4640, acc: 0.8187
loss: 0.4568, acc: 0.8250
loss: 0.4649, acc: 0.8237
loss: 0.4662, acc: 0.8215
> val_acc: 0.7867, val_f1: 0.8145
>>>>>>>>>>>>>>>>>>>>>>>>>>>>>>>>>>>>>>>>>>>>>>>>>>>>>>>>>>>>>>>>>>>>>>>>>>>>>>>>>>>>>>>>>>>>>>>>>>>>
epoch: 11
loss: 0.4848, acc: 0.8281
loss: 0.4871, acc: 0.8229
loss: 0.4748, acc: 0.8281
loss: 0.4757, acc: 0.8184
loss: 0.4559, acc: 0.8274
loss: 0.4506, acc: 0.8281
loss: 0.4433, acc: 0.8306
loss: 0.4440, acc: 0.8303
loss: 0.4363, acc: 0.8335
> val_acc: 0.8000, val_f1: 0.8156
>>>>>>>>>>>>>>>>>>>>>>>>>>>>>>>>>>>>>>>>>>>>>>>>>>>>>>>>>>>>>>>>>>>>>>>>>>>>>>>>>>>>>>>>>>>>>>>>>>>>
epoch: 12
loss: 0.3852, acc: 0.8359
loss: 0.4213, acc: 0.8281
loss: 0.4326, acc: 0.8359
loss: 0.4295, acc: 0.8336
loss: 0.4338, acc: 0.8281
loss: 0.4392, acc: 0.8333
loss: 0.4409, acc: 0.8320
loss: 0.4405, acc: 0.8319
loss: 0.4424, acc: 0.8304
> val_acc: 0.8000, val_f1: 0.8205
>>>>>>>>>>>>>>>>>>>>>>>>>>>>>>>>>>>>>>>>>>>>>>>>>>>>>>>>>>>>>>>>>>>>>>>>>>>>>>>>>>>>>>>>>>>>>>>>>>>>
epoch: 13
loss: 0.4398, acc: 0.8594
loss: 0.3830, acc: 0.8594
loss: 0.4163, acc: 0.8401
loss: 0.4136, acc: 0.8403
loss: 0.4196, acc: 0.8370
loss: 0.4136, acc: 0.8421
loss: 0.4197, acc: 0.8409
loss: 0.4235, acc: 0.8355
loss: 0.4367, acc: 0.8296
> val_acc: 0.8015, val_f1: 0.8181
>>>>>>>>>>>>>>>>>>>>>>>>>>>>>>>>>>>>>>>>>>>>>>>>>>>>>>>>>>>>>>>>>>>>>>>>>>>>>>>>>>>>>>>>>>>>>>>>>>>>
epoch: 14
loss: 0.3795, acc: 0.8633
loss: 0.4361, acc: 0.8333
loss: 0.4377, acc: 0.8348
loss: 0.4504, acc: 0.8224
loss: 0.4439, acc: 0.8262
loss: 0.4324, acc: 0.8335
loss: 0.4229, acc: 0.8401
loss: 0.4249, acc: 0.8365
loss: 0.4196, acc: 0.8381
> val_acc: 0.8074, val_f1: 0.8398
>>>>>>>>>>>>>>>>>>>>>>>>>>>>>>>>>>>>>>>>>>>>>>>>>>>>>>>>>>>>>>>>>>>>>>>>>>>>>>>>>>>>>>>>>>>>>>>>>>>>
epoch: 15
loss: 0.4024, acc: 0.8500
loss: 0.4070, acc: 0.8484
loss: 0.3982, acc: 0.8510
loss: 0.4075, acc: 0.8484
loss: 0.4067, acc: 0.8469
loss: 0.4030, acc: 0.8458
loss: 0.3965, acc: 0.8478
loss: 0.4074, acc: 0.8418
> val_acc: 0.8237, val_f1: 0.8487
>> saved: state_dict/atae_lstm_car_val_acc0.8237
>>>>>>>>>>>>>>>>>>>>>>>>>>>>>>>>>>>>>>>>>>>>>>>>>>>>>>>>>>>>>>>>>>>>>>>>>>>>>>>>>>>>>>>>>>>>>>>>>>>>
epoch: 16
loss: 0.4620, acc: 0.8281
loss: 0.4511, acc: 0.8490
loss: 0.4510, acc: 0.8324
loss: 0.4324, acc: 0.8330
loss: 0.4144, acc: 0.8400
loss: 0.4090, acc: 0.8401
loss: 0.4149, acc: 0.8367
loss: 0.4213, acc: 0.8351
loss: 0.4195, acc: 0.8342
> val_acc: 0.8030, val_f1: 0.7877
>>>>>>>>>>>>>>>>>>>>>>>>>>>>>>>>>>>>>>>>>>>>>>>>>>>>>>>>>>>>>>>>>>>>>>>>>>>>>>>>>>>>>>>>>>>>>>>>>>>>
epoch: 17
loss: 0.4375, acc: 0.8125
loss: 0.3738, acc: 0.8549
loss: 0.3791, acc: 0.8607
loss: 0.4057, acc: 0.8465
loss: 0.4030, acc: 0.8487
loss: 0.4127, acc: 0.8449
loss: 0.4089, acc: 0.8457
loss: 0.4095, acc: 0.8467
loss: 0.4082, acc: 0.8478
> val_acc: 0.8222, val_f1: 0.8403
>>>>>>>>>>>>>>>>>>>>>>>>>>>>>>>>>>>>>>>>>>>>>>>>>>>>>>>>>>>>>>>>>>>>>>>>>>>>>>>>>>>>>>>>>>>>>>>>>>>>
epoch: 18
loss: 0.3941, acc: 0.8854
loss: 0.3487, acc: 0.8848
loss: 0.3557, acc: 0.8750
loss: 0.3621, acc: 0.8733
loss: 0.3691, acc: 0.8621
loss: 0.3787, acc: 0.8622
loss: 0.3891, acc: 0.8542
loss: 0.3871, acc: 0.8561
loss: 0.3905, acc: 0.8532
> val_acc: 0.8237, val_f1: 0.8446
>>>>>>>>>>>>>>>>>>>>>>>>>>>>>>>>>>>>>>>>>>>>>>>>>>>>>>>>>>>>>>>>>>>>>>>>>>>>>>>>>>>>>>>>>>>>>>>>>>>>
epoch: 19
loss: 0.4234, acc: 0.8203
loss: 0.3856, acc: 0.8420
loss: 0.3834, acc: 0.8471
loss: 0.3835, acc: 0.8528
loss: 0.3787, acc: 0.8529
loss: 0.3688, acc: 0.8605
loss: 0.3774, acc: 0.8589
loss: 0.3804, acc: 0.8542
loss: 0.3885, acc: 0.8490
> val_acc: 0.8059, val_f1: 0.8298
>>>>>>>>>>>>>>>>>>>>>>>>>>>>>>>>>>>>>>>>>>>>>>>>>>>>>>>>>>>>>>>>>>>>>>>>>>>>>>>>>>>>>>>>>>>>>>>>>>>>
epoch: 20
loss: 0.3569, acc: 0.8500
loss: 0.3737, acc: 0.8484
loss: 0.3942, acc: 0.8427
loss: 0.3888, acc: 0.8445
loss: 0.3950, acc: 0.8462
loss: 0.3853, acc: 0.8505
loss: 0.3920, acc: 0.8473
loss: 0.3884, acc: 0.8500
> val_acc: 0.8207, val_f1: 0.8407
>>>>>>>>>>>>>>>>>>>>>>>>>>>>>>>>>>>>>>>>>>>>>>>>>>>>>>>>>>>>>>>>>>>>>>>>>>>>>>>>>>>>>>>>>>>>>>>>>>>>
epoch: 21
loss: 0.2555, acc: 0.9531
loss: 0.4102, acc: 0.8646
loss: 0.3906, acc: 0.8651
loss: 0.3848, acc: 0.8594
loss: 0.3892, acc: 0.8579
loss: 0.3936, acc: 0.8546
loss: 0.3809, acc: 0.8594
loss: 0.3764, acc: 0.8628
loss: 0.3747, acc: 0.8632
> val_acc: 0.8119, val_f1: 0.8331
>>>>>>>>>>>>>>>>>>>>>>>>>>>>>>>>>>>>>>>>>>>>>>>>>>>>>>>>>>>>>>>>>>>>>>>>>>>>>>>>>>>>>>>>>>>>>>>>>>>>
epoch: 22
loss: 0.3025, acc: 0.9141
loss: 0.3765, acc: 0.8728
loss: 0.3532, acc: 0.8711
loss: 0.3555, acc: 0.8750
loss: 0.3638, acc: 0.8693
loss: 0.3616, acc: 0.8623
loss: 0.3719, acc: 0.8584
loss: 0.3788, acc: 0.8556
loss: 0.3823, acc: 0.8557
> val_acc: 0.8237, val_f1: 0.8499
>>>>>>>>>>>>>>>>>>>>>>>>>>>>>>>>>>>>>>>>>>>>>>>>>>>>>>>>>>>>>>>>>>>>>>>>>>>>>>>>>>>>>>>>>>>>>>>>>>>>
epoch: 23
loss: 0.3431, acc: 0.8750
loss: 0.3553, acc: 0.8652
loss: 0.3632, acc: 0.8654
loss: 0.3682, acc: 0.8602
loss: 0.3788, acc: 0.8567
loss: 0.3981, acc: 0.8471
loss: 0.3851, acc: 0.8551
loss: 0.3889, acc: 0.8536
loss: 0.3859, acc: 0.8543
> val_acc: 0.8252, val_f1: 0.8514
>> saved: state_dict/atae_lstm_car_val_acc0.8252
>>>>>>>>>>>>>>>>>>>>>>>>>>>>>>>>>>>>>>>>>>>>>>>>>>>>>>>>>>>>>>>>>>>>>>>>>>>>>>>>>>>>>>>>>>>>>>>>>>>>
epoch: 24
loss: 0.3337, acc: 0.8672
loss: 0.3008, acc: 0.8854
loss: 0.2992, acc: 0.8862
loss: 0.3169, acc: 0.8791
loss: 0.3305, acc: 0.8743
loss: 0.3456, acc: 0.8653
loss: 0.3521, acc: 0.8626
loss: 0.3481, acc: 0.8678
loss: 0.3482, acc: 0.8670
> val_acc: 0.8222, val_f1: 0.8425
>>>>>>>>>>>>>>>>>>>>>>>>>>>>>>>>>>>>>>>>>>>>>>>>>>>>>>>>>>>>>>>>>>>>>>>>>>>>>>>>>>>>>>>>>>>>>>>>>>>>
epoch: 25
loss: 0.3346, acc: 0.8969
loss: 0.3321, acc: 0.8844
loss: 0.3460, acc: 0.8844
loss: 0.3428, acc: 0.8812
loss: 0.3469, acc: 0.8769
loss: 0.3488, acc: 0.8740
loss: 0.3461, acc: 0.8732
loss: 0.3448, acc: 0.8742
> val_acc: 0.8104, val_f1: 0.8302
>>>>>>>>>>>>>>>>>>>>>>>>>>>>>>>>>>>>>>>>>>>>>>>>>>>>>>>>>>>>>>>>>>>>>>>>>>>>>>>>>>>>>>>>>>>>>>>>>>>>
epoch: 26
loss: 0.4091, acc: 0.8438
loss: 0.3441, acc: 0.8724
loss: 0.3381, acc: 0.8736
loss: 0.3204, acc: 0.8809
loss: 0.3251, acc: 0.8810
loss: 0.3322, acc: 0.8762
loss: 0.3347, acc: 0.8755
loss: 0.3371, acc: 0.8750
loss: 0.3450, acc: 0.8697
> val_acc: 0.8237, val_f1: 0.8367
>>>>>>>>>>>>>>>>>>>>>>>>>>>>>>>>>>>>>>>>>>>>>>>>>>>>>>>>>>>>>>>>>>>>>>>>>>>>>>>>>>>>>>>>>>>>>>>>>>>>
epoch: 27
loss: 0.3274, acc: 0.8828
loss: 0.3048, acc: 0.8951
loss: 0.3259, acc: 0.8867
loss: 0.3306, acc: 0.8796
loss: 0.3456, acc: 0.8722
loss: 0.3486, acc: 0.8721
loss: 0.3536, acc: 0.8701
loss: 0.3488, acc: 0.8737
loss: 0.3476, acc: 0.8724
> val_acc: 0.8089, val_f1: 0.8087
>>>>>>>>>>>>>>>>>>>>>>>>>>>>>>>>>>>>>>>>>>>>>>>>>>>>>>>>>>>>>>>>>>>>>>>>>>>>>>>>>>>>>>>>>>>>>>>>>>>>
epoch: 28
loss: 0.3688, acc: 0.8750
loss: 0.3491, acc: 0.8633
loss: 0.3395, acc: 0.8786
loss: 0.3373, acc: 0.8741
loss: 0.3339, acc: 0.8730
loss: 0.3327, acc: 0.8744
loss: 0.3292, acc: 0.8764
loss: 0.3327, acc: 0.8758
loss: 0.3378, acc: 0.8735
> val_acc: 0.8193, val_f1: 0.8487
>>>>>>>>>>>>>>>>>>>>>>>>>>>>>>>>>>>>>>>>>>>>>>>>>>>>>>>>>>>>>>>>>>>>>>>>>>>>>>>>>>>>>>>>>>>>>>>>>>>>
epoch: 29
loss: 0.2979, acc: 0.9102
loss: 0.3118, acc: 0.8854
loss: 0.2986, acc: 0.8895
loss: 0.3168, acc: 0.8849
loss: 0.3205, acc: 0.8841
loss: 0.3269, acc: 0.8809
loss: 0.3315, acc: 0.8745
loss: 0.3343, acc: 0.8738
loss: 0.3450, acc: 0.8688
> val_acc: 0.8163, val_f1: 0.8380
>>>>>>>>>>>>>>>>>>>>>>>>>>>>>>>>>>>>>>>>>>>>>>>>>>>>>>>>>>>>>>>>>>>>>>>>>>>>>>>>>>>>>>>>>>>>>>>>>>>>
epoch: 30
loss: 0.2999, acc: 0.8906
loss: 0.3084, acc: 0.8766
loss: 0.3137, acc: 0.8802
loss: 0.3194, acc: 0.8734
loss: 0.3191, acc: 0.8762
loss: 0.3203, acc: 0.8771
loss: 0.3154, acc: 0.8812
loss: 0.3298, acc: 0.8746
> val_acc: 0.8267, val_f1: 0.8415
>> saved: state_dict/atae_lstm_car_val_acc0.8267
>>>>>>>>>>>>>>>>>>>>>>>>>>>>>>>>>>>>>>>>>>>>>>>>>>>>>>>>>>>>>>>>>>>>>>>>>>>>>>>>>>>>>>>>>>>>>>>>>>>>
epoch: 31
loss: 0.2242, acc: 0.9062
loss: 0.2919, acc: 0.9010
loss: 0.3260, acc: 0.8878
loss: 0.3159, acc: 0.8896
loss: 0.3208, acc: 0.8862
loss: 0.3254, acc: 0.8858
loss: 0.3298, acc: 0.8821
loss: 0.3330, acc: 0.8811
loss: 0.3351, acc: 0.8777
> val_acc: 0.8237, val_f1: 0.8338
>>>>>>>>>>>>>>>>>>>>>>>>>>>>>>>>>>>>>>>>>>>>>>>>>>>>>>>>>>>>>>>>>>>>>>>>>>>>>>>>>>>>>>>>>>>>>>>>>>>>
epoch: 32
loss: 0.2619, acc: 0.8828
loss: 0.3015, acc: 0.8795
loss: 0.2983, acc: 0.8867
loss: 0.3070, acc: 0.8842
loss: 0.3124, acc: 0.8786
loss: 0.3285, acc: 0.8750
loss: 0.3226, acc: 0.8813
loss: 0.3218, acc: 0.8822
loss: 0.3241, acc: 0.8810
> val_acc: 0.8207, val_f1: 0.8363
>>>>>>>>>>>>>>>>>>>>>>>>>>>>>>>>>>>>>>>>>>>>>>>>>>>>>>>>>>>>>>>>>>>>>>>>>>>>>>>>>>>>>>>>>>>>>>>>>>>>
epoch: 33
loss: 0.3001, acc: 0.8854
loss: 0.3268, acc: 0.8789
loss: 0.3474, acc: 0.8726
loss: 0.3414, acc: 0.8733
loss: 0.3363, acc: 0.8784
loss: 0.3402, acc: 0.8761
loss: 0.3321, acc: 0.8769
loss: 0.3297, acc: 0.8746
loss: 0.3250, acc: 0.8772
> val_acc: 0.8133, val_f1: 0.8242
>>>>>>>>>>>>>>>>>>>>>>>>>>>>>>>>>>>>>>>>>>>>>>>>>>>>>>>>>>>>>>>>>>>>>>>>>>>>>>>>>>>>>>>>>>>>>>>>>>>>
epoch: 34
loss: 0.2955, acc: 0.8867
loss: 0.3161, acc: 0.8767
loss: 0.3350, acc: 0.8683
loss: 0.3436, acc: 0.8717
loss: 0.3185, acc: 0.8861
loss: 0.3234, acc: 0.8815
loss: 0.3229, acc: 0.8796
loss: 0.3186, acc: 0.8806
loss: 0.3131, acc: 0.8818
> val_acc: 0.8252, val_f1: 0.8392
>>>>>>>>>>>>>>>>>>>>>>>>>>>>>>>>>>>>>>>>>>>>>>>>>>>>>>>>>>>>>>>>>>>>>>>>>>>>>>>>>>>>>>>>>>>>>>>>>>>>
epoch: 35
loss: 0.2617, acc: 0.8969
loss: 0.2849, acc: 0.8906
loss: 0.2987, acc: 0.8875
loss: 0.3125, acc: 0.8844
loss: 0.3163, acc: 0.8856
loss: 0.3155, acc: 0.8833
loss: 0.3123, acc: 0.8857
loss: 0.3092, acc: 0.8887
> val_acc: 0.8311, val_f1: 0.8426
>> saved: state_dict/atae_lstm_car_val_acc0.8311
>>>>>>>>>>>>>>>>>>>>>>>>>>>>>>>>>>>>>>>>>>>>>>>>>>>>>>>>>>>>>>>>>>>>>>>>>>>>>>>>>>>>>>>>>>>>>>>>>>>>
epoch: 36
loss: 0.2029, acc: 0.9375
loss: 0.2403, acc: 0.9193
loss: 0.2533, acc: 0.9077
loss: 0.2885, acc: 0.8906
loss: 0.2829, acc: 0.8943
loss: 0.2799, acc: 0.8960
loss: 0.2856, acc: 0.8947
loss: 0.2868, acc: 0.8924
loss: 0.2994, acc: 0.8895
> val_acc: 0.8311, val_f1: 0.8472
>>>>>>>>>>>>>>>>>>>>>>>>>>>>>>>>>>>>>>>>>>>>>>>>>>>>>>>>>>>>>>>>>>>>>>>>>>>>>>>>>>>>>>>>>>>>>>>>>>>>
epoch: 37
loss: 0.2695, acc: 0.9062
loss: 0.2639, acc: 0.9152
loss: 0.2691, acc: 0.9115
loss: 0.2674, acc: 0.9062
loss: 0.2837, acc: 0.8963
loss: 0.2841, acc: 0.8958
loss: 0.2986, acc: 0.8877
loss: 0.3130, acc: 0.8801
loss: 0.3221, acc: 0.8780
> val_acc: 0.8237, val_f1: 0.8370
>>>>>>>>>>>>>>>>>>>>>>>>>>>>>>>>>>>>>>>>>>>>>>>>>>>>>>>>>>>>>>>>>>>>>>>>>>>>>>>>>>>>>>>>>>>>>>>>>>>>
epoch: 38
loss: 0.4131, acc: 0.8698
loss: 0.3748, acc: 0.8711
loss: 0.3537, acc: 0.8738
loss: 0.3391, acc: 0.8802
loss: 0.3219, acc: 0.8825
loss: 0.3156, acc: 0.8823
loss: 0.3186, acc: 0.8812
loss: 0.3266, acc: 0.8783
loss: 0.3325, acc: 0.8725
> val_acc: 0.8207, val_f1: 0.8435
>>>>>>>>>>>>>>>>>>>>>>>>>>>>>>>>>>>>>>>>>>>>>>>>>>>>>>>>>>>>>>>>>>>>>>>>>>>>>>>>>>>>>>>>>>>>>>>>>>>>
epoch: 39
loss: 0.2748, acc: 0.9062
loss: 0.3025, acc: 0.8872
loss: 0.3106, acc: 0.8806
loss: 0.2894, acc: 0.8980
loss: 0.2928, acc: 0.8991
loss: 0.2934, acc: 0.8992
loss: 0.3051, acc: 0.8920
loss: 0.3048, acc: 0.8902
loss: 0.3083, acc: 0.8882
> val_acc: 0.8267, val_f1: 0.8509
>>>>>>>>>>>>>>>>>>>>>>>>>>>>>>>>>>>>>>>>>>>>>>>>>>>>>>>>>>>>>>>>>>>>>>>>>>>>>>>>>>>>>>>>>>>>>>>>>>>>
epoch: 40
loss: 0.2667, acc: 0.9156
loss: 0.2604, acc: 0.9187
loss: 0.2915, acc: 0.9000
loss: 0.2939, acc: 0.8969
loss: 0.2976, acc: 0.8956
loss: 0.3102, acc: 0.8885
loss: 0.3161, acc: 0.8862
loss: 0.3194, acc: 0.8855
> val_acc: 0.8148, val_f1: 0.8517
>>>>>>>>>>>>>>>>>>>>>>>>>>>>>>>>>>>>>>>>>>>>>>>>>>>>>>>>>>>>>>>>>>>>>>>>>>>>>>>>>>>>>>>>>>>>>>>>>>>>
epoch: 41
loss: 0.2941, acc: 0.8594
loss: 0.3317, acc: 0.8568
loss: 0.3273, acc: 0.8707
loss: 0.3152, acc: 0.8799
loss: 0.3181, acc: 0.8817
loss: 0.3197, acc: 0.8804
loss: 0.3137, acc: 0.8846
loss: 0.3045, acc: 0.8893
loss: 0.3039, acc: 0.8887
> val_acc: 0.8207, val_f1: 0.8438
>>>>>>>>>>>>>>>>>>>>>>>>>>>>>>>>>>>>>>>>>>>>>>>>>>>>>>>>>>>>>>>>>>>>>>>>>>>>>>>>>>>>>>>>>>>>>>>>>>>>
epoch: 42
loss: 0.2250, acc: 0.9375
loss: 0.2533, acc: 0.9219
loss: 0.2883, acc: 0.9076
loss: 0.3073, acc: 0.8934
loss: 0.3093, acc: 0.8949
loss: 0.3114, acc: 0.8906
loss: 0.2991, acc: 0.8955
loss: 0.3056, acc: 0.8915
loss: 0.3060, acc: 0.8914
> val_acc: 0.8237, val_f1: 0.8396
>>>>>>>>>>>>>>>>>>>>>>>>>>>>>>>>>>>>>>>>>>>>>>>>>>>>>>>>>>>>>>>>>>>>>>>>>>>>>>>>>>>>>>>>>>>>>>>>>>>>
epoch: 43
loss: 0.3004, acc: 0.9062
loss: 0.3118, acc: 0.8887
loss: 0.2884, acc: 0.8918
loss: 0.2915, acc: 0.8906
loss: 0.2976, acc: 0.8872
loss: 0.2985, acc: 0.8923
loss: 0.2992, acc: 0.8916
loss: 0.2968, acc: 0.8906
loss: 0.2956, acc: 0.8924
> val_acc: 0.8074, val_f1: 0.8349
>>>>>>>>>>>>>>>>>>>>>>>>>>>>>>>>>>>>>>>>>>>>>>>>>>>>>>>>>>>>>>>>>>>>>>>>>>>>>>>>>>>>>>>>>>>>>>>>>>>>
epoch: 44
loss: 0.2868, acc: 0.8867
loss: 0.2857, acc: 0.8924
loss: 0.2761, acc: 0.8962
loss: 0.2809, acc: 0.8988
loss: 0.2787, acc: 0.8991
loss: 0.2793, acc: 0.8987
loss: 0.2840, acc: 0.8971
loss: 0.2859, acc: 0.8954
loss: 0.2895, acc: 0.8940
> val_acc: 0.8133, val_f1: 0.8423
>>>>>>>>>>>>>>>>>>>>>>>>>>>>>>>>>>>>>>>>>>>>>>>>>>>>>>>>>>>>>>>>>>>>>>>>>>>>>>>>>>>>>>>>>>>>>>>>>>>>
epoch: 45
loss: 0.2893, acc: 0.8875
loss: 0.2987, acc: 0.8906
loss: 0.3022, acc: 0.8906
loss: 0.3142, acc: 0.8828
loss: 0.3157, acc: 0.8850
loss: 0.3249, acc: 0.8839
loss: 0.3279, acc: 0.8804
loss: 0.3230, acc: 0.8848
> val_acc: 0.8326, val_f1: 0.8595
>> saved: state_dict/atae_lstm_car_val_acc0.8326
>>>>>>>>>>>>>>>>>>>>>>>>>>>>>>>>>>>>>>>>>>>>>>>>>>>>>>>>>>>>>>>>>>>>>>>>>>>>>>>>>>>>>>>>>>>>>>>>>>>>
epoch: 46
loss: 0.2881, acc: 0.8750
loss: 0.2796, acc: 0.8932
loss: 0.2889, acc: 0.8864
loss: 0.2841, acc: 0.8896
loss: 0.2982, acc: 0.8869
loss: 0.2915, acc: 0.8894
loss: 0.2915, acc: 0.8901
loss: 0.3065, acc: 0.8837
loss: 0.3053, acc: 0.8841
> val_acc: 0.8356, val_f1: 0.8608
>> saved: state_dict/atae_lstm_car_val_acc0.8356
>>>>>>>>>>>>>>>>>>>>>>>>>>>>>>>>>>>>>>>>>>>>>>>>>>>>>>>>>>>>>>>>>>>>>>>>>>>>>>>>>>>>>>>>>>>>>>>>>>>>
epoch: 47
loss: 0.2523, acc: 0.9062
loss: 0.2510, acc: 0.9174
loss: 0.2602, acc: 0.9167
loss: 0.2698, acc: 0.9108
loss: 0.2837, acc: 0.9048
loss: 0.2839, acc: 0.9051
loss: 0.2865, acc: 0.9028
loss: 0.2847, acc: 0.9029
loss: 0.2967, acc: 0.8973
> val_acc: 0.8237, val_f1: 0.8526
>>>>>>>>>>>>>>>>>>>>>>>>>>>>>>>>>>>>>>>>>>>>>>>>>>>>>>>>>>>>>>>>>>>>>>>>>>>>>>>>>>>>>>>>>>>>>>>>>>>>
epoch: 48
loss: 0.2818, acc: 0.9062
loss: 0.2797, acc: 0.8984
loss: 0.2676, acc: 0.9014
loss: 0.2688, acc: 0.9028
loss: 0.2768, acc: 0.9008
loss: 0.2820, acc: 0.8984
loss: 0.2807, acc: 0.9006
loss: 0.2836, acc: 0.8976
loss: 0.2860, acc: 0.8943
> val_acc: 0.8237, val_f1: 0.8479
>>>>>>>>>>>>>>>>>>>>>>>>>>>>>>>>>>>>>>>>>>>>>>>>>>>>>>>>>>>>>>>>>>>>>>>>>>>>>>>>>>>>>>>>>>>>>>>>>>>>
epoch: 49
loss: 0.3013, acc: 0.9102
loss: 0.3106, acc: 0.8906
loss: 0.2802, acc: 0.9051
loss: 0.2869, acc: 0.9021
loss: 0.2886, acc: 0.9004
loss: 0.2804, acc: 0.9041
loss: 0.2881, acc: 0.9003
loss: 0.2879, acc: 0.8994
loss: 0.2891, acc: 0.8994
> val_acc: 0.8222, val_f1: 0.8547
>>>>>>>>>>>>>>>>>>>>>>>>>>>>>>>>>>>>>>>>>>>>>>>>>>>>>>>>>>>>>>>>>>>>>>>>>>>>>>>>>>>>>>>>>>>>>>>>>>>>
epoch: 50
loss: 0.2548, acc: 0.9062
loss: 0.2620, acc: 0.9031
loss: 0.2764, acc: 0.9042
loss: 0.2816, acc: 0.9047
loss: 0.2864, acc: 0.8988
loss: 0.2950, acc: 0.8948
loss: 0.2923, acc: 0.8960
loss: 0.2868, acc: 0.8996
> val_acc: 0.8326, val_f1: 0.8446
>>>>>>>>>>>>>>>>>>>>>>>>>>>>>>>>>>>>>>>>>>>>>>>>>>>>>>>>>>>>>>>>>>>>>>>>>>>>>>>>>>>>>>>>>>>>>>>>>>>>
epoch: 51
loss: 0.2013, acc: 0.9375
loss: 0.2422, acc: 0.9010
loss: 0.2780, acc: 0.8949
loss: 0.2836, acc: 0.8965
loss: 0.2760, acc: 0.8981
loss: 0.2741, acc: 0.8996
loss: 0.2746, acc: 0.8972
loss: 0.2749, acc: 0.8963
loss: 0.2725, acc: 0.8982
> val_acc: 0.8178, val_f1: 0.8534
>>>>>>>>>>>>>>>>>>>>>>>>>>>>>>>>>>>>>>>>>>>>>>>>>>>>>>>>>>>>>>>>>>>>>>>>>>>>>>>>>>>>>>>>>>>>>>>>>>>>
epoch: 52
loss: 0.2046, acc: 0.9297
loss: 0.2800, acc: 0.8929
loss: 0.3027, acc: 0.8919
loss: 0.3019, acc: 0.8925
loss: 0.2968, acc: 0.8963
loss: 0.2844, acc: 0.8993
loss: 0.2934, acc: 0.8936
loss: 0.2923, acc: 0.8957
loss: 0.2857, acc: 0.8981
> val_acc: 0.8178, val_f1: 0.8454
>>>>>>>>>>>>>>>>>>>>>>>>>>>>>>>>>>>>>>>>>>>>>>>>>>>>>>>>>>>>>>>>>>>>>>>>>>>>>>>>>>>>>>>>>>>>>>>>>>>>
epoch: 53
loss: 0.3446, acc: 0.8906
loss: 0.3148, acc: 0.9023
loss: 0.3042, acc: 0.9062
loss: 0.2973, acc: 0.9054
loss: 0.2965, acc: 0.9022
loss: 0.2918, acc: 0.9001
loss: 0.2864, acc: 0.9015
loss: 0.2812, acc: 0.9050
loss: 0.2861, acc: 0.9001
> val_acc: 0.8267, val_f1: 0.8461
>>>>>>>>>>>>>>>>>>>>>>>>>>>>>>>>>>>>>>>>>>>>>>>>>>>>>>>>>>>>>>>>>>>>>>>>>>>>>>>>>>>>>>>>>>>>>>>>>>>>
epoch: 54
loss: 0.3005, acc: 0.8945
loss: 0.2870, acc: 0.9132
loss: 0.2710, acc: 0.9141
loss: 0.2724, acc: 0.9104
loss: 0.2844, acc: 0.9004
loss: 0.2968, acc: 0.8949
loss: 0.2962, acc: 0.8957
loss: 0.2924, acc: 0.8978
loss: 0.2997, acc: 0.8955
> val_acc: 0.8207, val_f1: 0.8320
>>>>>>>>>>>>>>>>>>>>>>>>>>>>>>>>>>>>>>>>>>>>>>>>>>>>>>>>>>>>>>>>>>>>>>>>>>>>>>>>>>>>>>>>>>>>>>>>>>>>
epoch: 55
loss: 0.2481, acc: 0.9156
loss: 0.2627, acc: 0.9141
loss: 0.2583, acc: 0.9135
loss: 0.2564, acc: 0.9141
loss: 0.2616, acc: 0.9069
loss: 0.2711, acc: 0.9010
loss: 0.2719, acc: 0.9022
loss: 0.2793, acc: 0.8992
> val_acc: 0.8089, val_f1: 0.8370
>>>>>>>>>>>>>>>>>>>>>>>>>>>>>>>>>>>>>>>>>>>>>>>>>>>>>>>>>>>>>>>>>>>>>>>>>>>>>>>>>>>>>>>>>>>>>>>>>>>>
epoch: 56
loss: 0.3612, acc: 0.8594
loss: 0.3218, acc: 0.8984
loss: 0.2787, acc: 0.9077
loss: 0.2635, acc: 0.9131
loss: 0.2661, acc: 0.9085
loss: 0.2750, acc: 0.9032
loss: 0.2711, acc: 0.9037
loss: 0.2752, acc: 0.9006
loss: 0.2705, acc: 0.9040
> val_acc: 0.8237, val_f1: 0.8413
>>>>>>>>>>>>>>>>>>>>>>>>>>>>>>>>>>>>>>>>>>>>>>>>>>>>>>>>>>>>>>>>>>>>>>>>>>>>>>>>>>>>>>>>>>>>>>>>>>>>
epoch: 57
loss: 0.2518, acc: 0.9219
loss: 0.2550, acc: 0.9107
loss: 0.2331, acc: 0.9154
loss: 0.2486, acc: 0.9099
loss: 0.2628, acc: 0.9077
loss: 0.2570, acc: 0.9086
loss: 0.2724, acc: 0.9028
loss: 0.2738, acc: 0.9016
loss: 0.2784, acc: 0.8999
> val_acc: 0.8222, val_f1: 0.8465
>>>>>>>>>>>>>>>>>>>>>>>>>>>>>>>>>>>>>>>>>>>>>>>>>>>>>>>>>>>>>>>>>>>>>>>>>>>>>>>>>>>>>>>>>>>>>>>>>>>>
epoch: 58
loss: 0.2014, acc: 0.9583
loss: 0.2238, acc: 0.9355
loss: 0.2331, acc: 0.9315
loss: 0.2459, acc: 0.9262
loss: 0.2539, acc: 0.9212
loss: 0.2529, acc: 0.9196
loss: 0.2666, acc: 0.9091
loss: 0.2676, acc: 0.9095
loss: 0.2725, acc: 0.9073
> val_acc: 0.8193, val_f1: 0.8457
>>>>>>>>>>>>>>>>>>>>>>>>>>>>>>>>>>>>>>>>>>>>>>>>>>>>>>>>>>>>>>>>>>>>>>>>>>>>>>>>>>>>>>>>>>>>>>>>>>>>
epoch: 59
loss: 0.2446, acc: 0.9102
loss: 0.2390, acc: 0.9149
loss: 0.2416, acc: 0.9152
loss: 0.2503, acc: 0.9095
loss: 0.2659, acc: 0.9043
loss: 0.2631, acc: 0.9073
loss: 0.2666, acc: 0.9058
loss: 0.2735, acc: 0.9014
loss: 0.2778, acc: 0.8994
> val_acc: 0.8163, val_f1: 0.8389
>>>>>>>>>>>>>>>>>>>>>>>>>>>>>>>>>>>>>>>>>>>>>>>>>>>>>>>>>>>>>>>>>>>>>>>>>>>>>>>>>>>>>>>>>>>>>>>>>>>>
epoch: 60
loss: 0.2687, acc: 0.8969
loss: 0.2725, acc: 0.8953
loss: 0.2656, acc: 0.9000
loss: 0.2694, acc: 0.8977
loss: 0.2586, acc: 0.9006
loss: 0.2619, acc: 0.9016
loss: 0.2648, acc: 0.8991
loss: 0.2640, acc: 0.8996
> val_acc: 0.8281, val_f1: 0.8528
>>>>>>>>>>>>>>>>>>>>>>>>>>>>>>>>>>>>>>>>>>>>>>>>>>>>>>>>>>>>>>>>>>>>>>>>>>>>>>>>>>>>>>>>>>>>>>>>>>>>
epoch: 61
loss: 0.2073, acc: 0.9375
loss: 0.2459, acc: 0.9193
loss: 0.2253, acc: 0.9247
loss: 0.2322, acc: 0.9209
loss: 0.2440, acc: 0.9174
loss: 0.2515, acc: 0.9153
loss: 0.2625, acc: 0.9118
loss: 0.2606, acc: 0.9106
loss: 0.2621, acc: 0.9104
> val_acc: 0.8267, val_f1: 0.8512
>>>>>>>>>>>>>>>>>>>>>>>>>>>>>>>>>>>>>>>>>>>>>>>>>>>>>>>>>>>>>>>>>>>>>>>>>>>>>>>>>>>>>>>>>>>>>>>>>>>>
epoch: 62
loss: 0.2044, acc: 0.9375
loss: 0.2531, acc: 0.9152
loss: 0.2416, acc: 0.9167
loss: 0.2494, acc: 0.9099
loss: 0.2635, acc: 0.9062
loss: 0.2725, acc: 0.9010
loss: 0.2669, acc: 0.9048
loss: 0.2609, acc: 0.9046
loss: 0.2631, acc: 0.9044
> val_acc: 0.8178, val_f1: 0.8436
>>>>>>>>>>>>>>>>>>>>>>>>>>>>>>>>>>>>>>>>>>>>>>>>>>>>>>>>>>>>>>>>>>>>>>>>>>>>>>>>>>>>>>>>>>>>>>>>>>>>
epoch: 63
loss: 0.3212, acc: 0.8698
loss: 0.2955, acc: 0.8867
loss: 0.2980, acc: 0.8858
loss: 0.2782, acc: 0.8967
loss: 0.2746, acc: 0.8988
loss: 0.2870, acc: 0.8917
loss: 0.2961, acc: 0.8883
loss: 0.2913, acc: 0.8910
loss: 0.2905, acc: 0.8928
> val_acc: 0.8296, val_f1: 0.8409
>>>>>>>>>>>>>>>>>>>>>>>>>>>>>>>>>>>>>>>>>>>>>>>>>>>>>>>>>>>>>>>>>>>>>>>>>>>>>>>>>>>>>>>>>>>>>>>>>>>>
epoch: 64
loss: 0.2950, acc: 0.8906
loss: 0.2962, acc: 0.9062
loss: 0.2957, acc: 0.9085
loss: 0.2885, acc: 0.9071
loss: 0.2917, acc: 0.9043
loss: 0.2940, acc: 0.9019
loss: 0.2988, acc: 0.8971
loss: 0.2969, acc: 0.8946
loss: 0.2912, acc: 0.8958
> val_acc: 0.8296, val_f1: 0.8479
>>>>>>>>>>>>>>>>>>>>>>>>>>>>>>>>>>>>>>>>>>>>>>>>>>>>>>>>>>>>>>>>>>>>>>>>>>>>>>>>>>>>>>>>>>>>>>>>>>>>
epoch: 65
loss: 0.2396, acc: 0.9062
loss: 0.2413, acc: 0.9109
loss: 0.2462, acc: 0.9156
loss: 0.2397, acc: 0.9172
loss: 0.2455, acc: 0.9125
loss: 0.2451, acc: 0.9104
loss: 0.2594, acc: 0.9089
loss: 0.2635, acc: 0.9078
> val_acc: 0.8178, val_f1: 0.8477
>>>>>>>>>>>>>>>>>>>>>>>>>>>>>>>>>>>>>>>>>>>>>>>>>>>>>>>>>>>>>>>>>>>>>>>>>>>>>>>>>>>>>>>>>>>>>>>>>>>>
epoch: 66
loss: 0.2518, acc: 0.9062
loss: 0.2101, acc: 0.9271
loss: 0.2594, acc: 0.9034
loss: 0.2430, acc: 0.9102
loss: 0.2385, acc: 0.9167
loss: 0.2387, acc: 0.9171
loss: 0.2533, acc: 0.9118
loss: 0.2493, acc: 0.9149
loss: 0.2497, acc: 0.9158
> val_acc: 0.8252, val_f1: 0.8420
>>>>>>>>>>>>>>>>>>>>>>>>>>>>>>>>>>>>>>>>>>>>>>>>>>>>>>>>>>>>>>>>>>>>>>>>>>>>>>>>>>>>>>>>>>>>>>>>>>>>
epoch: 67
loss: 0.2799, acc: 0.9062
loss: 0.2538, acc: 0.9174
loss: 0.2445, acc: 0.9193
loss: 0.2332, acc: 0.9191
loss: 0.2329, acc: 0.9190
loss: 0.2394, acc: 0.9201
loss: 0.2371, acc: 0.9219
loss: 0.2427, acc: 0.9172
loss: 0.2405, acc: 0.9178
> val_acc: 0.8296, val_f1: 0.8500
>>>>>>>>>>>>>>>>>>>>>>>>>>>>>>>>>>>>>>>>>>>>>>>>>>>>>>>>>>>>>>>>>>>>>>>>>>>>>>>>>>>>>>>>>>>>>>>>>>>>
epoch: 68
loss: 0.2067, acc: 0.9427
loss: 0.2235, acc: 0.9316
loss: 0.2403, acc: 0.9195
loss: 0.2523, acc: 0.9175
loss: 0.2514, acc: 0.9171
loss: 0.2495, acc: 0.9174
loss: 0.2502, acc: 0.9152
loss: 0.2532, acc: 0.9124
loss: 0.2523, acc: 0.9095
> val_acc: 0.8104, val_f1: 0.8317
>>>>>>>>>>>>>>>>>>>>>>>>>>>>>>>>>>>>>>>>>>>>>>>>>>>>>>>>>>>>>>>>>>>>>>>>>>>>>>>>>>>>>>>>>>>>>>>>>>>>
epoch: 69
loss: 0.1464, acc: 0.9727
loss: 0.1819, acc: 0.9375
loss: 0.1878, acc: 0.9353
loss: 0.2070, acc: 0.9301
loss: 0.2206, acc: 0.9245
loss: 0.2310, acc: 0.9181
loss: 0.2371, acc: 0.9145
loss: 0.2479, acc: 0.9103
loss: 0.2480, acc: 0.9092
> val_acc: 0.8163, val_f1: 0.8394
>>>>>>>>>>>>>>>>>>>>>>>>>>>>>>>>>>>>>>>>>>>>>>>>>>>>>>>>>>>>>>>>>>>>>>>>>>>>>>>>>>>>>>>>>>>>>>>>>>>>
epoch: 70
loss: 0.2385, acc: 0.9219
loss: 0.2555, acc: 0.9187
loss: 0.2504, acc: 0.9125
loss: 0.2503, acc: 0.9133
loss: 0.2498, acc: 0.9106
loss: 0.2544, acc: 0.9068
loss: 0.2648, acc: 0.9018
loss: 0.2657, acc: 0.9004
> val_acc: 0.8207, val_f1: 0.8493
>>>>>>>>>>>>>>>>>>>>>>>>>>>>>>>>>>>>>>>>>>>>>>>>>>>>>>>>>>>>>>>>>>>>>>>>>>>>>>>>>>>>>>>>>>>>>>>>>>>>
epoch: 71
loss: 0.2429, acc: 0.9375
loss: 0.2703, acc: 0.8984
loss: 0.2357, acc: 0.9162
loss: 0.2640, acc: 0.9033
loss: 0.2553, acc: 0.9085
loss: 0.2645, acc: 0.9020
loss: 0.2665, acc: 0.9032
loss: 0.2684, acc: 0.9036
loss: 0.2682, acc: 0.9051
> val_acc: 0.8222, val_f1: 0.8408
>>>>>>>>>>>>>>>>>>>>>>>>>>>>>>>>>>>>>>>>>>>>>>>>>>>>>>>>>>>>>>>>>>>>>>>>>>>>>>>>>>>>>>>>>>>>>>>>>>>>
epoch: 72
loss: 0.2395, acc: 0.8984
loss: 0.2572, acc: 0.9107
loss: 0.2586, acc: 0.9089
loss: 0.2550, acc: 0.9173
loss: 0.2452, acc: 0.9205
loss: 0.2458, acc: 0.9196
loss: 0.2452, acc: 0.9175
loss: 0.2496, acc: 0.9181
loss: 0.2538, acc: 0.9152
> val_acc: 0.8267, val_f1: 0.8391
>>>>>>>>>>>>>>>>>>>>>>>>>>>>>>>>>>>>>>>>>>>>>>>>>>>>>>>>>>>>>>>>>>>>>>>>>>>>>>>>>>>>>>>>>>>>>>>>>>>>
epoch: 73
loss: 0.2013, acc: 0.9323
loss: 0.2230, acc: 0.9258
loss: 0.2391, acc: 0.9171
loss: 0.2350, acc: 0.9149
loss: 0.2382, acc: 0.9090
loss: 0.2410, acc: 0.9085
loss: 0.2427, acc: 0.9081
loss: 0.2444, acc: 0.9095
loss: 0.2459, acc: 0.9099
> val_acc: 0.8237, val_f1: 0.8469
>>>>>>>>>>>>>>>>>>>>>>>>>>>>>>>>>>>>>>>>>>>>>>>>>>>>>>>>>>>>>>>>>>>>>>>>>>>>>>>>>>>>>>>>>>>>>>>>>>>>
epoch: 74
loss: 0.2780, acc: 0.8984
loss: 0.2486, acc: 0.9115
loss: 0.2467, acc: 0.9152
loss: 0.2502, acc: 0.9128
loss: 0.2461, acc: 0.9134
loss: 0.2424, acc: 0.9159
loss: 0.2447, acc: 0.9136
loss: 0.2429, acc: 0.9143
loss: 0.2499, acc: 0.9113
> val_acc: 0.8311, val_f1: 0.8511
>>>>>>>>>>>>>>>>>>>>>>>>>>>>>>>>>>>>>>>>>>>>>>>>>>>>>>>>>>>>>>>>>>>>>>>>>>>>>>>>>>>>>>>>>>>>>>>>>>>>
epoch: 75
loss: 0.2706, acc: 0.9031
loss: 0.2586, acc: 0.9062
loss: 0.2546, acc: 0.9052
loss: 0.2531, acc: 0.9102
loss: 0.2476, acc: 0.9150
loss: 0.2559, acc: 0.9109
loss: 0.2520, acc: 0.9129
loss: 0.2473, acc: 0.9152
> val_acc: 0.8252, val_f1: 0.8396
>>>>>>>>>>>>>>>>>>>>>>>>>>>>>>>>>>>>>>>>>>>>>>>>>>>>>>>>>>>>>>>>>>>>>>>>>>>>>>>>>>>>>>>>>>>>>>>>>>>>
epoch: 76
loss: 0.2419, acc: 0.9062
loss: 0.2514, acc: 0.9167
loss: 0.2611, acc: 0.9162
loss: 0.2635, acc: 0.9141
loss: 0.2636, acc: 0.9122
loss: 0.2655, acc: 0.9087
loss: 0.2645, acc: 0.9098
loss: 0.2660, acc: 0.9080
loss: 0.2624, acc: 0.9089
> val_acc: 0.8237, val_f1: 0.8448
>>>>>>>>>>>>>>>>>>>>>>>>>>>>>>>>>>>>>>>>>>>>>>>>>>>>>>>>>>>>>>>>>>>>>>>>>>>>>>>>>>>>>>>>>>>>>>>>>>>>
epoch: 77
loss: 0.2357, acc: 0.9062
loss: 0.2493, acc: 0.9152
loss: 0.2396, acc: 0.9115
loss: 0.2376, acc: 0.9136
loss: 0.2484, acc: 0.9077
loss: 0.2487, acc: 0.9097
loss: 0.2441, acc: 0.9150
loss: 0.2486, acc: 0.9130
loss: 0.2458, acc: 0.9163
> val_acc: 0.8222, val_f1: 0.8450
>>>>>>>>>>>>>>>>>>>>>>>>>>>>>>>>>>>>>>>>>>>>>>>>>>>>>>>>>>>>>>>>>>>>>>>>>>>>>>>>>>>>>>>>>>>>>>>>>>>>
epoch: 78
loss: 0.1901, acc: 0.9323
loss: 0.2203, acc: 0.9297
loss: 0.2346, acc: 0.9243
loss: 0.2373, acc: 0.9193
loss: 0.2443, acc: 0.9151
loss: 0.2455, acc: 0.9141
loss: 0.2467, acc: 0.9115
loss: 0.2426, acc: 0.9128
loss: 0.2392, acc: 0.9157
> val_acc: 0.8341, val_f1: 0.8531
>>>>>>>>>>>>>>>>>>>>>>>>>>>>>>>>>>>>>>>>>>>>>>>>>>>>>>>>>>>>>>>>>>>>>>>>>>>>>>>>>>>>>>>>>>>>>>>>>>>>
epoch: 79
loss: 0.2449, acc: 0.9180
loss: 0.2425, acc: 0.9253
loss: 0.2407, acc: 0.9152
loss: 0.2337, acc: 0.9161
loss: 0.2404, acc: 0.9115
loss: 0.2378, acc: 0.9133
loss: 0.2482, acc: 0.9104
loss: 0.2491, acc: 0.9103
loss: 0.2493, acc: 0.9135
> val_acc: 0.8252, val_f1: 0.8435
>>>>>>>>>>>>>>>>>>>>>>>>>>>>>>>>>>>>>>>>>>>>>>>>>>>>>>>>>>>>>>>>>>>>>>>>>>>>>>>>>>>>>>>>>>>>>>>>>>>>
epoch: 80
loss: 0.2559, acc: 0.9031
loss: 0.2414, acc: 0.9141
loss: 0.2470, acc: 0.9094
loss: 0.2412, acc: 0.9094
loss: 0.2418, acc: 0.9125
loss: 0.2395, acc: 0.9141
loss: 0.2379, acc: 0.9156
loss: 0.2369, acc: 0.9160
> val_acc: 0.8089, val_f1: 0.8341
>>>>>>>>>>>>>>>>>>>>>>>>>>>>>>>>>>>>>>>>>>>>>>>>>>>>>>>>>>>>>>>>>>>>>>>>>>>>>>>>>>>>>>>>>>>>>>>>>>>>
epoch: 81
loss: 0.1995, acc: 0.9375
loss: 0.2294, acc: 0.9245
loss: 0.2532, acc: 0.9134
loss: 0.2426, acc: 0.9199
loss: 0.2546, acc: 0.9122
loss: 0.2517, acc: 0.9099
loss: 0.2503, acc: 0.9093
loss: 0.2506, acc: 0.9102
loss: 0.2527, acc: 0.9097
> val_acc: 0.8267, val_f1: 0.8432
>>>>>>>>>>>>>>>>>>>>>>>>>>>>>>>>>>>>>>>>>>>>>>>>>>>>>>>>>>>>>>>>>>>>>>>>>>>>>>>>>>>>>>>>>>>>>>>>>>>>
epoch: 82
loss: 0.2488, acc: 0.9141
loss: 0.2567, acc: 0.9062
loss: 0.2480, acc: 0.9049
loss: 0.2326, acc: 0.9127
loss: 0.2373, acc: 0.9148
loss: 0.2335, acc: 0.9196
loss: 0.2339, acc: 0.9165
loss: 0.2375, acc: 0.9160
loss: 0.2404, acc: 0.9152
> val_acc: 0.8222, val_f1: 0.8409
>>>>>>>>>>>>>>>>>>>>>>>>>>>>>>>>>>>>>>>>>>>>>>>>>>>>>>>>>>>>>>>>>>>>>>>>>>>>>>>>>>>>>>>>>>>>>>>>>>>>
epoch: 83
loss: 0.2011, acc: 0.9323
loss: 0.2159, acc: 0.9238
loss: 0.2400, acc: 0.9147
loss: 0.2378, acc: 0.9184
loss: 0.2441, acc: 0.9158
loss: 0.2555, acc: 0.9107
loss: 0.2570, acc: 0.9115
loss: 0.2580, acc: 0.9108
loss: 0.2550, acc: 0.9113
> val_acc: 0.8237, val_f1: 0.8434
>>>>>>>>>>>>>>>>>>>>>>>>>>>>>>>>>>>>>>>>>>>>>>>>>>>>>>>>>>>>>>>>>>>>>>>>>>>>>>>>>>>>>>>>>>>>>>>>>>>>
epoch: 84
loss: 0.2661, acc: 0.9062
loss: 0.2448, acc: 0.9132
loss: 0.2489, acc: 0.9107
loss: 0.2477, acc: 0.9104
loss: 0.2533, acc: 0.9076
loss: 0.2367, acc: 0.9154
loss: 0.2371, acc: 0.9173
loss: 0.2419, acc: 0.9143
loss: 0.2406, acc: 0.9135
> val_acc: 0.8252, val_f1: 0.8423
>>>>>>>>>>>>>>>>>>>>>>>>>>>>>>>>>>>>>>>>>>>>>>>>>>>>>>>>>>>>>>>>>>>>>>>>>>>>>>>>>>>>>>>>>>>>>>>>>>>>
epoch: 85
loss: 0.2166, acc: 0.9344
loss: 0.2078, acc: 0.9359
loss: 0.2269, acc: 0.9219
loss: 0.2255, acc: 0.9195
loss: 0.2345, acc: 0.9169
loss: 0.2346, acc: 0.9141
loss: 0.2354, acc: 0.9143
loss: 0.2376, acc: 0.9137
> val_acc: 0.8252, val_f1: 0.8407
>>>>>>>>>>>>>>>>>>>>>>>>>>>>>>>>>>>>>>>>>>>>>>>>>>>>>>>>>>>>>>>>>>>>>>>>>>>>>>>>>>>>>>>>>>>>>>>>>>>>
epoch: 86
loss: 0.2824, acc: 0.9219
loss: 0.2289, acc: 0.9219
loss: 0.2528, acc: 0.9119
loss: 0.2406, acc: 0.9199
loss: 0.2471, acc: 0.9144
loss: 0.2423, acc: 0.9165
loss: 0.2422, acc: 0.9173
loss: 0.2446, acc: 0.9162
loss: 0.2432, acc: 0.9146
> val_acc: 0.8207, val_f1: 0.8508
>>>>>>>>>>>>>>>>>>>>>>>>>>>>>>>>>>>>>>>>>>>>>>>>>>>>>>>>>>>>>>>>>>>>>>>>>>>>>>>>>>>>>>>>>>>>>>>>>>>>
epoch: 87
loss: 0.1734, acc: 0.9531
loss: 0.2384, acc: 0.9219
loss: 0.2163, acc: 0.9297
loss: 0.2250, acc: 0.9237
loss: 0.2257, acc: 0.9205
loss: 0.2288, acc: 0.9201
loss: 0.2364, acc: 0.9175
loss: 0.2402, acc: 0.9164
loss: 0.2449, acc: 0.9122
> val_acc: 0.8207, val_f1: 0.8495
>>>>>>>>>>>>>>>>>>>>>>>>>>>>>>>>>>>>>>>>>>>>>>>>>>>>>>>>>>>>>>>>>>>>>>>>>>>>>>>>>>>>>>>>>>>>>>>>>>>>
epoch: 88
loss: 0.2404, acc: 0.9167
loss: 0.2383, acc: 0.9121
loss: 0.2220, acc: 0.9207
loss: 0.2305, acc: 0.9158
loss: 0.2391, acc: 0.9137
loss: 0.2350, acc: 0.9152
loss: 0.2390, acc: 0.9138
loss: 0.2403, acc: 0.9128
loss: 0.2477, acc: 0.9113
> val_acc: 0.8296, val_f1: 0.8521
>>>>>>>>>>>>>>>>>>>>>>>>>>>>>>>>>>>>>>>>>>>>>>>>>>>>>>>>>>>>>>>>>>>>>>>>>>>>>>>>>>>>>>>>>>>>>>>>>>>>
epoch: 89
loss: 0.2006, acc: 0.9336
loss: 0.2144, acc: 0.9358
loss: 0.2126, acc: 0.9319
loss: 0.2238, acc: 0.9243
loss: 0.2313, acc: 0.9206
loss: 0.2300, acc: 0.9208
loss: 0.2288, acc: 0.9205
loss: 0.2344, acc: 0.9187
loss: 0.2424, acc: 0.9156
> val_acc: 0.8222, val_f1: 0.8453
>>>>>>>>>>>>>>>>>>>>>>>>>>>>>>>>>>>>>>>>>>>>>>>>>>>>>>>>>>>>>>>>>>>>>>>>>>>>>>>>>>>>>>>>>>>>>>>>>>>>
epoch: 90
loss: 0.2181, acc: 0.9437
loss: 0.2183, acc: 0.9375
loss: 0.2133, acc: 0.9344
loss: 0.2256, acc: 0.9250
loss: 0.2310, acc: 0.9219
loss: 0.2288, acc: 0.9219
loss: 0.2274, acc: 0.9214
loss: 0.2300, acc: 0.9203
> val_acc: 0.8326, val_f1: 0.8457
>>>>>>>>>>>>>>>>>>>>>>>>>>>>>>>>>>>>>>>>>>>>>>>>>>>>>>>>>>>>>>>>>>>>>>>>>>>>>>>>>>>>>>>>>>>>>>>>>>>>
epoch: 91
loss: 0.2381, acc: 0.9375
loss: 0.2476, acc: 0.9349
loss: 0.2346, acc: 0.9361
loss: 0.2190, acc: 0.9385
loss: 0.2149, acc: 0.9382
loss: 0.2217, acc: 0.9339
loss: 0.2321, acc: 0.9244
loss: 0.2355, acc: 0.9219
loss: 0.2295, acc: 0.9245
> val_acc: 0.8178, val_f1: 0.8441
>>>>>>>>>>>>>>>>>>>>>>>>>>>>>>>>>>>>>>>>>>>>>>>>>>>>>>>>>>>>>>>>>>>>>>>>>>>>>>>>>>>>>>>>>>>>>>>>>>>>
epoch: 92
loss: 0.2549, acc: 0.8906
loss: 0.2539, acc: 0.9062
loss: 0.2325, acc: 0.9206
loss: 0.2311, acc: 0.9210
loss: 0.2417, acc: 0.9148
loss: 0.2330, acc: 0.9219
loss: 0.2370, acc: 0.9185
loss: 0.2329, acc: 0.9193
loss: 0.2315, acc: 0.9226
> val_acc: 0.8222, val_f1: 0.8414
>>>>>>>>>>>>>>>>>>>>>>>>>>>>>>>>>>>>>>>>>>>>>>>>>>>>>>>>>>>>>>>>>>>>>>>>>>>>>>>>>>>>>>>>>>>>>>>>>>>>
epoch: 93
loss: 0.2047, acc: 0.9375
loss: 0.2317, acc: 0.9336
loss: 0.2433, acc: 0.9267
loss: 0.2295, acc: 0.9280
loss: 0.2325, acc: 0.9246
loss: 0.2357, acc: 0.9219
loss: 0.2477, acc: 0.9181
loss: 0.2459, acc: 0.9186
loss: 0.2487, acc: 0.9157
> val_acc: 0.8267, val_f1: 0.8437
>>>>>>>>>>>>>>>>>>>>>>>>>>>>>>>>>>>>>>>>>>>>>>>>>>>>>>>>>>>>>>>>>>>>>>>>>>>>>>>>>>>>>>>>>>>>>>>>>>>>
epoch: 94
loss: 0.2284, acc: 0.9375
loss: 0.2844, acc: 0.9010
loss: 0.2540, acc: 0.9141
loss: 0.2674, acc: 0.9030
loss: 0.2698, acc: 0.9023
loss: 0.2640, acc: 0.9057
loss: 0.2626, acc: 0.9062
loss: 0.2632, acc: 0.9042
loss: 0.2693, acc: 0.9027
> val_acc: 0.8104, val_f1: 0.8412
>>>>>>>>>>>>>>>>>>>>>>>>>>>>>>>>>>>>>>>>>>>>>>>>>>>>>>>>>>>>>>>>>>>>>>>>>>>>>>>>>>>>>>>>>>>>>>>>>>>>
epoch: 95
loss: 0.2309, acc: 0.9000
loss: 0.2268, acc: 0.9187
loss: 0.2416, acc: 0.9187
loss: 0.2297, acc: 0.9219
loss: 0.2360, acc: 0.9219
loss: 0.2317, acc: 0.9224
loss: 0.2363, acc: 0.9196
loss: 0.2446, acc: 0.9148
> val_acc: 0.8207, val_f1: 0.8379
>>>>>>>>>>>>>>>>>>>>>>>>>>>>>>>>>>>>>>>>>>>>>>>>>>>>>>>>>>>>>>>>>>>>>>>>>>>>>>>>>>>>>>>>>>>>>>>>>>>>
epoch: 96
loss: 0.2405, acc: 0.8906
loss: 0.2731, acc: 0.8906
loss: 0.2456, acc: 0.9105
loss: 0.2412, acc: 0.9131
loss: 0.2347, acc: 0.9159
loss: 0.2327, acc: 0.9153
loss: 0.2262, acc: 0.9173
loss: 0.2294, acc: 0.9180
loss: 0.2318, acc: 0.9181
> val_acc: 0.8222, val_f1: 0.8466
>>>>>>>>>>>>>>>>>>>>>>>>>>>>>>>>>>>>>>>>>>>>>>>>>>>>>>>>>>>>>>>>>>>>>>>>>>>>>>>>>>>>>>>>>>>>>>>>>>>>
epoch: 97
loss: 0.1863, acc: 0.9609
loss: 0.1983, acc: 0.9397
loss: 0.2226, acc: 0.9297
loss: 0.2130, acc: 0.9320
loss: 0.2350, acc: 0.9197
loss: 0.2293, acc: 0.9213
loss: 0.2277, acc: 0.9204
loss: 0.2318, acc: 0.9189
loss: 0.2312, acc: 0.9208
> val_acc: 0.8133, val_f1: 0.8449
>>>>>>>>>>>>>>>>>>>>>>>>>>>>>>>>>>>>>>>>>>>>>>>>>>>>>>>>>>>>>>>>>>>>>>>>>>>>>>>>>>>>>>>>>>>>>>>>>>>>
epoch: 98
loss: 0.2682, acc: 0.9115
loss: 0.2419, acc: 0.9121
loss: 0.2240, acc: 0.9231
loss: 0.2220, acc: 0.9262
loss: 0.2251, acc: 0.9246
loss: 0.2286, acc: 0.9235
loss: 0.2308, acc: 0.9219
loss: 0.2325, acc: 0.9211
loss: 0.2338, acc: 0.9182
> val_acc: 0.8222, val_f1: 0.8475
>>>>>>>>>>>>>>>>>>>>>>>>>>>>>>>>>>>>>>>>>>>>>>>>>>>>>>>>>>>>>>>>>>>>>>>>>>>>>>>>>>>>>>>>>>>>>>>>>>>>
epoch: 99
loss: 0.2320, acc: 0.9258
loss: 0.2545, acc: 0.9167
loss: 0.2508, acc: 0.9129
loss: 0.2426, acc: 0.9145
loss: 0.2358, acc: 0.9180
loss: 0.2312, acc: 0.9213
loss: 0.2290, acc: 0.9200
loss: 0.2363, acc: 0.9167
loss: 0.2425, acc: 0.9128
> val_acc: 0.8193, val_f1: 0.8460
>>>>>>>>>>>>>>>>>>>>>>>>>>>>>>>>>>>>>>>>>>>>>>>>>>>>>>>>>>>>>>>>>>>>>>>>>>>>>>>>>>>>>>>>>>>>>>>>>>>>
epoch: 100
loss: 0.2773, acc: 0.9094
loss: 0.2612, acc: 0.9062
loss: 0.2383, acc: 0.9187
loss: 0.2361, acc: 0.9211
loss: 0.2323, acc: 0.9200
loss: 0.2366, acc: 0.9182
loss: 0.2358, acc: 0.9196
loss: 0.2348, acc: 0.9187
> val_acc: 0.8148, val_f1: 0.8430
>>>>>>>>>>>>>>>>>>>>>>>>>>>>>>>>>>>>>>>>>>>>>>>>>>>>>>>>>>>>>>>>>>>>>>>>>>>>>>>>>>>>>>>>>>>>>>>>>>>>
epoch: 101
loss: 0.1897, acc: 0.9531
loss: 0.2227, acc: 0.9219
loss: 0.2105, acc: 0.9247
loss: 0.2147, acc: 0.9277
loss: 0.2288, acc: 0.9219
loss: 0.2315, acc: 0.9207
loss: 0.2384, acc: 0.9173
loss: 0.2442, acc: 0.9123
loss: 0.2465, acc: 0.9120
> val_acc: 0.8222, val_f1: 0.8535
>>>>>>>>>>>>>>>>>>>>>>>>>>>>>>>>>>>>>>>>>>>>>>>>>>>>>>>>>>>>>>>>>>>>>>>>>>>>>>>>>>>>>>>>>>>>>>>>>>>>
epoch: 102
loss: 0.2272, acc: 0.9453
loss: 0.2329, acc: 0.9263
loss: 0.2341, acc: 0.9258
loss: 0.2417, acc: 0.9256
loss: 0.2449, acc: 0.9254
loss: 0.2460, acc: 0.9242
loss: 0.2458, acc: 0.9209
loss: 0.2435, acc: 0.9198
loss: 0.2389, acc: 0.9211
> val_acc: 0.8341, val_f1: 0.8533
>>>>>>>>>>>>>>>>>>>>>>>>>>>>>>>>>>>>>>>>>>>>>>>>>>>>>>>>>>>>>>>>>>>>>>>>>>>>>>>>>>>>>>>>>>>>>>>>>>>>
epoch: 103
loss: 0.1651, acc: 0.9531
loss: 0.2104, acc: 0.9375
loss: 0.2078, acc: 0.9303
loss: 0.2093, acc: 0.9288
loss: 0.2148, acc: 0.9293
loss: 0.2123, acc: 0.9297
loss: 0.2152, acc: 0.9266
loss: 0.2247, acc: 0.9215
loss: 0.2298, acc: 0.9190
> val_acc: 0.8370, val_f1: 0.8595
>> saved: state_dict/atae_lstm_car_val_acc0.837
>>>>>>>>>>>>>>>>>>>>>>>>>>>>>>>>>>>>>>>>>>>>>>>>>>>>>>>>>>>>>>>>>>>>>>>>>>>>>>>>>>>>>>>>>>>>>>>>>>>>
epoch: 104
loss: 0.2529, acc: 0.9062
loss: 0.2463, acc: 0.9028
loss: 0.2531, acc: 0.9040
loss: 0.2486, acc: 0.9054
loss: 0.2555, acc: 0.9036
loss: 0.2553, acc: 0.9036
loss: 0.2520, acc: 0.9044
loss: 0.2449, acc: 0.9083
loss: 0.2487, acc: 0.9077
> val_acc: 0.8267, val_f1: 0.8404
>>>>>>>>>>>>>>>>>>>>>>>>>>>>>>>>>>>>>>>>>>>>>>>>>>>>>>>>>>>>>>>>>>>>>>>>>>>>>>>>>>>>>>>>>>>>>>>>>>>>
epoch: 105
loss: 0.2106, acc: 0.9313
loss: 0.2320, acc: 0.9187
loss: 0.2386, acc: 0.9146
loss: 0.2295, acc: 0.9219
loss: 0.2399, acc: 0.9187
loss: 0.2430, acc: 0.9151
loss: 0.2430, acc: 0.9116
loss: 0.2484, acc: 0.9090
> val_acc: 0.8237, val_f1: 0.8465
>>>>>>>>>>>>>>>>>>>>>>>>>>>>>>>>>>>>>>>>>>>>>>>>>>>>>>>>>>>>>>>>>>>>>>>>>>>>>>>>>>>>>>>>>>>>>>>>>>>>
epoch: 106
loss: 0.1832, acc: 0.9375
loss: 0.2118, acc: 0.9219
loss: 0.1977, acc: 0.9304
loss: 0.1999, acc: 0.9307
loss: 0.2179, acc: 0.9234
loss: 0.2185, acc: 0.9237
loss: 0.2241, acc: 0.9219
loss: 0.2290, acc: 0.9206
loss: 0.2327, acc: 0.9173
> val_acc: 0.8252, val_f1: 0.8483
>>>>>>>>>>>>>>>>>>>>>>>>>>>>>>>>>>>>>>>>>>>>>>>>>>>>>>>>>>>>>>>>>>>>>>>>>>>>>>>>>>>>>>>>>>>>>>>>>>>>
epoch: 107
loss: 0.1326, acc: 0.9609
loss: 0.2255, acc: 0.9152
loss: 0.2274, acc: 0.9154
loss: 0.2308, acc: 0.9182
loss: 0.2231, acc: 0.9205
loss: 0.2268, acc: 0.9230
loss: 0.2323, acc: 0.9194
loss: 0.2391, acc: 0.9172
loss: 0.2414, acc: 0.9174
> val_acc: 0.8296, val_f1: 0.8483
>>>>>>>>>>>>>>>>>>>>>>>>>>>>>>>>>>>>>>>>>>>>>>>>>>>>>>>>>>>>>>>>>>>>>>>>>>>>>>>>>>>>>>>>>>>>>>>>>>>>
epoch: 108
loss: 0.1538, acc: 0.9479
loss: 0.1866, acc: 0.9277
loss: 0.1948, acc: 0.9327
loss: 0.2105, acc: 0.9193
loss: 0.2170, acc: 0.9164
loss: 0.2188, acc: 0.9174
loss: 0.2230, acc: 0.9205
loss: 0.2275, acc: 0.9165
loss: 0.2284, acc: 0.9179
> val_acc: 0.8356, val_f1: 0.8585
>>>>>>>>>>>>>>>>>>>>>>>>>>>>>>>>>>>>>>>>>>>>>>>>>>>>>>>>>>>>>>>>>>>>>>>>>>>>>>>>>>>>>>>>>>>>>>>>>>>>
epoch: 109
loss: 0.2379, acc: 0.9180
loss: 0.2385, acc: 0.9115
loss: 0.2191, acc: 0.9252
loss: 0.2159, acc: 0.9243
loss: 0.2183, acc: 0.9225
loss: 0.2189, acc: 0.9235
loss: 0.2135, acc: 0.9251
loss: 0.2190, acc: 0.9235
loss: 0.2227, acc: 0.9214
> val_acc: 0.8341, val_f1: 0.8523
>>>>>>>>>>>>>>>>>>>>>>>>>>>>>>>>>>>>>>>>>>>>>>>>>>>>>>>>>>>>>>>>>>>>>>>>>>>>>>>>>>>>>>>>>>>>>>>>>>>>
epoch: 110
loss: 0.2247, acc: 0.9094
loss: 0.2154, acc: 0.9219
loss: 0.2113, acc: 0.9250
loss: 0.2200, acc: 0.9227
loss: 0.2197, acc: 0.9244
loss: 0.2162, acc: 0.9260
loss: 0.2262, acc: 0.9192
loss: 0.2285, acc: 0.9180
> val_acc: 0.8163, val_f1: 0.8443
>>>>>>>>>>>>>>>>>>>>>>>>>>>>>>>>>>>>>>>>>>>>>>>>>>>>>>>>>>>>>>>>>>>>>>>>>>>>>>>>>>>>>>>>>>>>>>>>>>>>
epoch: 111
loss: 0.2245, acc: 0.9375
loss: 0.1938, acc: 0.9375
loss: 0.2171, acc: 0.9290
loss: 0.2220, acc: 0.9229
loss: 0.2142, acc: 0.9256
loss: 0.2153, acc: 0.9243
loss: 0.2165, acc: 0.9269
loss: 0.2209, acc: 0.9240
loss: 0.2237, acc: 0.9234
> val_acc: 0.8148, val_f1: 0.8311
>>>>>>>>>>>>>>>>>>>>>>>>>>>>>>>>>>>>>>>>>>>>>>>>>>>>>>>>>>>>>>>>>>>>>>>>>>>>>>>>>>>>>>>>>>>>>>>>>>>>
epoch: 112
loss: 0.1967, acc: 0.9453
loss: 0.1979, acc: 0.9353
loss: 0.1862, acc: 0.9362
loss: 0.1883, acc: 0.9338
loss: 0.2046, acc: 0.9247
loss: 0.2174, acc: 0.9242
loss: 0.2160, acc: 0.9243
loss: 0.2276, acc: 0.9198
loss: 0.2302, acc: 0.9189
> val_acc: 0.8237, val_f1: 0.8415
>>>>>>>>>>>>>>>>>>>>>>>>>>>>>>>>>>>>>>>>>>>>>>>>>>>>>>>>>>>>>>>>>>>>>>>>>>>>>>>>>>>>>>>>>>>>>>>>>>>>
epoch: 113
loss: 0.2370, acc: 0.9115
loss: 0.2031, acc: 0.9316
loss: 0.2181, acc: 0.9231
loss: 0.2249, acc: 0.9219
loss: 0.2245, acc: 0.9253
loss: 0.2226, acc: 0.9252
loss: 0.2239, acc: 0.9266
loss: 0.2266, acc: 0.9235
loss: 0.2321, acc: 0.9211
> val_acc: 0.8222, val_f1: 0.8516
>>>>>>>>>>>>>>>>>>>>>>>>>>>>>>>>>>>>>>>>>>>>>>>>>>>>>>>>>>>>>>>>>>>>>>>>>>>>>>>>>>>>>>>>>>>>>>>>>>>>
epoch: 114
loss: 0.2025, acc: 0.9180
loss: 0.1925, acc: 0.9288
loss: 0.2009, acc: 0.9275
loss: 0.2147, acc: 0.9227
loss: 0.2234, acc: 0.9173
loss: 0.2218, acc: 0.9186
loss: 0.2192, acc: 0.9196
loss: 0.2216, acc: 0.9203
loss: 0.2297, acc: 0.9174
> val_acc: 0.8311, val_f1: 0.8600
>>>>>>>>>>>>>>>>>>>>>>>>>>>>>>>>>>>>>>>>>>>>>>>>>>>>>>>>>>>>>>>>>>>>>>>>>>>>>>>>>>>>>>>>>>>>>>>>>>>>
epoch: 115
loss: 0.2302, acc: 0.9187
loss: 0.2454, acc: 0.9094
loss: 0.2328, acc: 0.9208
loss: 0.2334, acc: 0.9203
loss: 0.2230, acc: 0.9250
loss: 0.2176, acc: 0.9271
loss: 0.2199, acc: 0.9268
loss: 0.2193, acc: 0.9250
> val_acc: 0.8296, val_f1: 0.8518
>>>>>>>>>>>>>>>>>>>>>>>>>>>>>>>>>>>>>>>>>>>>>>>>>>>>>>>>>>>>>>>>>>>>>>>>>>>>>>>>>>>>>>>>>>>>>>>>>>>>
epoch: 116
loss: 0.1529, acc: 0.9531
loss: 0.2111, acc: 0.9323
loss: 0.2194, acc: 0.9318
loss: 0.2239, acc: 0.9307
loss: 0.2100, acc: 0.9323
loss: 0.2082, acc: 0.9321
loss: 0.2115, acc: 0.9299
loss: 0.2126, acc: 0.9271
loss: 0.2161, acc: 0.9242
> val_acc: 0.8207, val_f1: 0.8480
>>>>>>>>>>>>>>>>>>>>>>>>>>>>>>>>>>>>>>>>>>>>>>>>>>>>>>>>>>>>>>>>>>>>>>>>>>>>>>>>>>>>>>>>>>>>>>>>>>>>
epoch: 117
loss: 0.2140, acc: 0.9375
loss: 0.2040, acc: 0.9330
loss: 0.2080, acc: 0.9284
loss: 0.2098, acc: 0.9292
loss: 0.2050, acc: 0.9318
loss: 0.2102, acc: 0.9288
loss: 0.2120, acc: 0.9263
loss: 0.2267, acc: 0.9215
loss: 0.2259, acc: 0.9215
> val_acc: 0.8178, val_f1: 0.8473
>>>>>>>>>>>>>>>>>>>>>>>>>>>>>>>>>>>>>>>>>>>>>>>>>>>>>>>>>>>>>>>>>>>>>>>>>>>>>>>>>>>>>>>>>>>>>>>>>>>>
epoch: 118
loss: 0.2212, acc: 0.9167
loss: 0.2149, acc: 0.9277
loss: 0.2259, acc: 0.9219
loss: 0.2241, acc: 0.9184
loss: 0.2310, acc: 0.9164
loss: 0.2311, acc: 0.9163
loss: 0.2312, acc: 0.9171
loss: 0.2248, acc: 0.9190
loss: 0.2260, acc: 0.9179
> val_acc: 0.8326, val_f1: 0.8579
>>>>>>>>>>>>>>>>>>>>>>>>>>>>>>>>>>>>>>>>>>>>>>>>>>>>>>>>>>>>>>>>>>>>>>>>>>>>>>>>>>>>>>>>>>>>>>>>>>>>
epoch: 119
loss: 0.1821, acc: 0.9258
loss: 0.1898, acc: 0.9271
loss: 0.2138, acc: 0.9196
loss: 0.2117, acc: 0.9227
loss: 0.2195, acc: 0.9180
loss: 0.2246, acc: 0.9192
loss: 0.2207, acc: 0.9223
loss: 0.2213, acc: 0.9219
loss: 0.2208, acc: 0.9218
> val_acc: 0.8178, val_f1: 0.8491
>>>>>>>>>>>>>>>>>>>>>>>>>>>>>>>>>>>>>>>>>>>>>>>>>>>>>>>>>>>>>>>>>>>>>>>>>>>>>>>>>>>>>>>>>>>>>>>>>>>>
epoch: 120
loss: 0.2236, acc: 0.9187
loss: 0.2036, acc: 0.9344
loss: 0.2090, acc: 0.9281
loss: 0.2142, acc: 0.9289
loss: 0.2188, acc: 0.9281
loss: 0.2170, acc: 0.9313
loss: 0.2147, acc: 0.9308
loss: 0.2234, acc: 0.9270
> val_acc: 0.8356, val_f1: 0.8470
>>>>>>>>>>>>>>>>>>>>>>>>>>>>>>>>>>>>>>>>>>>>>>>>>>>>>>>>>>>>>>>>>>>>>>>>>>>>>>>>>>>>>>>>>>>>>>>>>>>>
epoch: 121
loss: 0.1472, acc: 0.9688
loss: 0.2329, acc: 0.9297
loss: 0.2539, acc: 0.9091
loss: 0.2476, acc: 0.9121
loss: 0.2569, acc: 0.9107
loss: 0.2593, acc: 0.9087
loss: 0.2650, acc: 0.9052
loss: 0.2664, acc: 0.9049
loss: 0.2665, acc: 0.9047
> val_acc: 0.8237, val_f1: 0.8333
>>>>>>>>>>>>>>>>>>>>>>>>>>>>>>>>>>>>>>>>>>>>>>>>>>>>>>>>>>>>>>>>>>>>>>>>>>>>>>>>>>>>>>>>>>>>>>>>>>>>
epoch: 122
loss: 0.2061, acc: 0.9297
loss: 0.1996, acc: 0.9330
loss: 0.2254, acc: 0.9193
loss: 0.2289, acc: 0.9182
loss: 0.2269, acc: 0.9176
loss: 0.2409, acc: 0.9149
loss: 0.2359, acc: 0.9185
loss: 0.2333, acc: 0.9198
loss: 0.2362, acc: 0.9185
> val_acc: 0.8193, val_f1: 0.8535
>>>>>>>>>>>>>>>>>>>>>>>>>>>>>>>>>>>>>>>>>>>>>>>>>>>>>>>>>>>>>>>>>>>>>>>>>>>>>>>>>>>>>>>>>>>>>>>>>>>>
epoch: 123
loss: 0.2020, acc: 0.9271
loss: 0.2068, acc: 0.9336
loss: 0.2075, acc: 0.9351
loss: 0.2119, acc: 0.9262
loss: 0.2258, acc: 0.9192
loss: 0.2286, acc: 0.9202
loss: 0.2299, acc: 0.9195
loss: 0.2277, acc: 0.9202
loss: 0.2294, acc: 0.9211
> val_acc: 0.8163, val_f1: 0.8451
>>>>>>>>>>>>>>>>>>>>>>>>>>>>>>>>>>>>>>>>>>>>>>>>>>>>>>>>>>>>>>>>>>>>>>>>>>>>>>>>>>>>>>>>>>>>>>>>>>>>
epoch: 124
loss: 0.2416, acc: 0.9180
loss: 0.2348, acc: 0.9167
loss: 0.2297, acc: 0.9196
loss: 0.2254, acc: 0.9186
loss: 0.2255, acc: 0.9180
loss: 0.2219, acc: 0.9219
loss: 0.2316, acc: 0.9182
loss: 0.2242, acc: 0.9227
loss: 0.2282, acc: 0.9171
> val_acc: 0.8193, val_f1: 0.8432
>>>>>>>>>>>>>>>>>>>>>>>>>>>>>>>>>>>>>>>>>>>>>>>>>>>>>>>>>>>>>>>>>>>>>>>>>>>>>>>>>>>>>>>>>>>>>>>>>>>>
epoch: 125
loss: 0.2485, acc: 0.9094
loss: 0.2355, acc: 0.9172
loss: 0.2304, acc: 0.9177
loss: 0.2189, acc: 0.9227
loss: 0.2187, acc: 0.9219
loss: 0.2161, acc: 0.9214
loss: 0.2180, acc: 0.9201
loss: 0.2200, acc: 0.9191
> val_acc: 0.8296, val_f1: 0.8523
>>>>>>>>>>>>>>>>>>>>>>>>>>>>>>>>>>>>>>>>>>>>>>>>>>>>>>>>>>>>>>>>>>>>>>>>>>>>>>>>>>>>>>>>>>>>>>>>>>>>
epoch: 126
loss: 0.1657, acc: 0.9688
loss: 0.1805, acc: 0.9505
loss: 0.1910, acc: 0.9460
loss: 0.2038, acc: 0.9355
loss: 0.2022, acc: 0.9368
loss: 0.2019, acc: 0.9345
loss: 0.2061, acc: 0.9315
loss: 0.2013, acc: 0.9345
loss: 0.2088, acc: 0.9299
> val_acc: 0.8222, val_f1: 0.8382
>>>>>>>>>>>>>>>>>>>>>>>>>>>>>>>>>>>>>>>>>>>>>>>>>>>>>>>>>>>>>>>>>>>>>>>>>>>>>>>>>>>>>>>>>>>>>>>>>>>>
epoch: 127
loss: 0.2507, acc: 0.9062
loss: 0.2304, acc: 0.9196
loss: 0.2269, acc: 0.9258
loss: 0.2281, acc: 0.9265
loss: 0.2227, acc: 0.9240
loss: 0.2275, acc: 0.9201
loss: 0.2224, acc: 0.9243
loss: 0.2201, acc: 0.9248
loss: 0.2251, acc: 0.9200
> val_acc: 0.8430, val_f1: 0.8584
>> saved: state_dict/atae_lstm_car_val_acc0.843
>>>>>>>>>>>>>>>>>>>>>>>>>>>>>>>>>>>>>>>>>>>>>>>>>>>>>>>>>>>>>>>>>>>>>>>>>>>>>>>>>>>>>>>>>>>>>>>>>>>>
epoch: 128
loss: 0.2300, acc: 0.9167
loss: 0.2068, acc: 0.9316
loss: 0.2110, acc: 0.9279
loss: 0.2188, acc: 0.9262
loss: 0.2181, acc: 0.9232
loss: 0.2121, acc: 0.9280
loss: 0.2049, acc: 0.9299
loss: 0.2086, acc: 0.9272
loss: 0.2117, acc: 0.9255
> val_acc: 0.8104, val_f1: 0.8282
>>>>>>>>>>>>>>>>>>>>>>>>>>>>>>>>>>>>>>>>>>>>>>>>>>>>>>>>>>>>>>>>>>>>>>>>>>>>>>>>>>>>>>>>>>>>>>>>>>>>
epoch: 129
loss: 0.1765, acc: 0.9453
loss: 0.2162, acc: 0.9288
loss: 0.2299, acc: 0.9230
loss: 0.2384, acc: 0.9145
loss: 0.2289, acc: 0.9199
loss: 0.2230, acc: 0.9224
loss: 0.2172, acc: 0.9256
loss: 0.2226, acc: 0.9231
loss: 0.2212, acc: 0.9232
> val_acc: 0.8281, val_f1: 0.8394
>>>>>>>>>>>>>>>>>>>>>>>>>>>>>>>>>>>>>>>>>>>>>>>>>>>>>>>>>>>>>>>>>>>>>>>>>>>>>>>>>>>>>>>>>>>>>>>>>>>>
epoch: 130
loss: 0.1789, acc: 0.9594
loss: 0.1853, acc: 0.9453
loss: 0.1943, acc: 0.9375
loss: 0.2039, acc: 0.9320
loss: 0.2117, acc: 0.9294
loss: 0.2128, acc: 0.9281
loss: 0.2144, acc: 0.9277
loss: 0.2226, acc: 0.9211
> val_acc: 0.8296, val_f1: 0.8455
>>>>>>>>>>>>>>>>>>>>>>>>>>>>>>>>>>>>>>>>>>>>>>>>>>>>>>>>>>>>>>>>>>>>>>>>>>>>>>>>>>>>>>>>>>>>>>>>>>>>
epoch: 131
loss: 0.2112, acc: 0.9062
loss: 0.2126, acc: 0.9089
loss: 0.2241, acc: 0.9119
loss: 0.2277, acc: 0.9170
loss: 0.2394, acc: 0.9107
loss: 0.2361, acc: 0.9159
loss: 0.2271, acc: 0.9204
loss: 0.2330, acc: 0.9175
loss: 0.2329, acc: 0.9169
> val_acc: 0.8237, val_f1: 0.8476
>>>>>>>>>>>>>>>>>>>>>>>>>>>>>>>>>>>>>>>>>>>>>>>>>>>>>>>>>>>>>>>>>>>>>>>>>>>>>>>>>>>>>>>>>>>>>>>>>>>>
epoch: 132
loss: 0.2409, acc: 0.9141
loss: 0.2500, acc: 0.9062
loss: 0.2428, acc: 0.9141
loss: 0.2253, acc: 0.9228
loss: 0.2247, acc: 0.9205
loss: 0.2225, acc: 0.9201
loss: 0.2242, acc: 0.9204
loss: 0.2243, acc: 0.9198
loss: 0.2239, acc: 0.9208
> val_acc: 0.8311, val_f1: 0.8525
>>>>>>>>>>>>>>>>>>>>>>>>>>>>>>>>>>>>>>>>>>>>>>>>>>>>>>>>>>>>>>>>>>>>>>>>>>>>>>>>>>>>>>>>>>>>>>>>>>>>
epoch: 133
loss: 0.1915, acc: 0.9427
loss: 0.2064, acc: 0.9434
loss: 0.2171, acc: 0.9303
loss: 0.2128, acc: 0.9271
loss: 0.2062, acc: 0.9287
loss: 0.2092, acc: 0.9275
loss: 0.2144, acc: 0.9247
loss: 0.2173, acc: 0.9227
loss: 0.2180, acc: 0.9226
> val_acc: 0.8281, val_f1: 0.8510
>>>>>>>>>>>>>>>>>>>>>>>>>>>>>>>>>>>>>>>>>>>>>>>>>>>>>>>>>>>>>>>>>>>>>>>>>>>>>>>>>>>>>>>>>>>>>>>>>>>>
epoch: 134
loss: 0.1851, acc: 0.9336
loss: 0.1879, acc: 0.9288
loss: 0.2130, acc: 0.9219
loss: 0.2147, acc: 0.9235
loss: 0.2112, acc: 0.9219
loss: 0.2076, acc: 0.9251
loss: 0.2144, acc: 0.9233
loss: 0.2138, acc: 0.9231
loss: 0.2127, acc: 0.9247
> val_acc: 0.8163, val_f1: 0.8462
>>>>>>>>>>>>>>>>>>>>>>>>>>>>>>>>>>>>>>>>>>>>>>>>>>>>>>>>>>>>>>>>>>>>>>>>>>>>>>>>>>>>>>>>>>>>>>>>>>>>
epoch: 135
loss: 0.2172, acc: 0.9219
loss: 0.2084, acc: 0.9344
loss: 0.1921, acc: 0.9375
loss: 0.1904, acc: 0.9344
loss: 0.1992, acc: 0.9287
loss: 0.2068, acc: 0.9266
loss: 0.2059, acc: 0.9259
loss: 0.2152, acc: 0.9211
> val_acc: 0.8207, val_f1: 0.8370
>>>>>>>>>>>>>>>>>>>>>>>>>>>>>>>>>>>>>>>>>>>>>>>>>>>>>>>>>>>>>>>>>>>>>>>>>>>>>>>>>>>>>>>>>>>>>>>>>>>>
epoch: 136
loss: 0.1937, acc: 0.9531
loss: 0.2530, acc: 0.9115
loss: 0.2243, acc: 0.9205
loss: 0.2134, acc: 0.9238
loss: 0.2185, acc: 0.9211
loss: 0.2161, acc: 0.9219
loss: 0.2159, acc: 0.9229
loss: 0.2219, acc: 0.9197
loss: 0.2270, acc: 0.9177
> val_acc: 0.8222, val_f1: 0.8384
>>>>>>>>>>>>>>>>>>>>>>>>>>>>>>>>>>>>>>>>>>>>>>>>>>>>>>>>>>>>>>>>>>>>>>>>>>>>>>>>>>>>>>>>>>>>>>>>>>>>
epoch: 137
loss: 0.1300, acc: 0.9609
loss: 0.1943, acc: 0.9397
loss: 0.2230, acc: 0.9271
loss: 0.2171, acc: 0.9329
loss: 0.2159, acc: 0.9311
loss: 0.2175, acc: 0.9271
loss: 0.2177, acc: 0.9282
loss: 0.2219, acc: 0.9269
loss: 0.2193, acc: 0.9267
> val_acc: 0.8237, val_f1: 0.8450
>>>>>>>>>>>>>>>>>>>>>>>>>>>>>>>>>>>>>>>>>>>>>>>>>>>>>>>>>>>>>>>>>>>>>>>>>>>>>>>>>>>>>>>>>>>>>>>>>>>>
epoch: 138
loss: 0.2218, acc: 0.9375
loss: 0.1933, acc: 0.9473
loss: 0.1941, acc: 0.9411
loss: 0.2035, acc: 0.9323
loss: 0.1927, acc: 0.9361
loss: 0.2018, acc: 0.9342
loss: 0.1994, acc: 0.9318
loss: 0.2077, acc: 0.9272
loss: 0.2100, acc: 0.9251
> val_acc: 0.8222, val_f1: 0.8498
>>>>>>>>>>>>>>>>>>>>>>>>>>>>>>>>>>>>>>>>>>>>>>>>>>>>>>>>>>>>>>>>>>>>>>>>>>>>>>>>>>>>>>>>>>>>>>>>>>>>
epoch: 139
loss: 0.2246, acc: 0.9492
loss: 0.2264, acc: 0.9236
loss: 0.2087, acc: 0.9319
loss: 0.2064, acc: 0.9317
loss: 0.2058, acc: 0.9316
loss: 0.2123, acc: 0.9310
loss: 0.2111, acc: 0.9320
loss: 0.2162, acc: 0.9279
loss: 0.2137, acc: 0.9290
> val_acc: 0.8296, val_f1: 0.8451
>>>>>>>>>>>>>>>>>>>>>>>>>>>>>>>>>>>>>>>>>>>>>>>>>>>>>>>>>>>>>>>>>>>>>>>>>>>>>>>>>>>>>>>>>>>>>>>>>>>>
epoch: 140
loss: 0.1964, acc: 0.9281
loss: 0.1998, acc: 0.9297
loss: 0.2046, acc: 0.9229
loss: 0.2011, acc: 0.9281
loss: 0.2046, acc: 0.9250
loss: 0.2071, acc: 0.9224
loss: 0.2114, acc: 0.9228
loss: 0.2128, acc: 0.9230
> val_acc: 0.8207, val_f1: 0.8435
>>>>>>>>>>>>>>>>>>>>>>>>>>>>>>>>>>>>>>>>>>>>>>>>>>>>>>>>>>>>>>>>>>>>>>>>>>>>>>>>>>>>>>>>>>>>>>>>>>>>
epoch: 141
loss: 0.1837, acc: 0.9375
loss: 0.1953, acc: 0.9271
loss: 0.1888, acc: 0.9290
loss: 0.1928, acc: 0.9297
loss: 0.1907, acc: 0.9323
loss: 0.2038, acc: 0.9225
loss: 0.1976, acc: 0.9254
loss: 0.2032, acc: 0.9232
loss: 0.2072, acc: 0.9215
> val_acc: 0.8311, val_f1: 0.8522
>>>>>>>>>>>>>>>>>>>>>>>>>>>>>>>>>>>>>>>>>>>>>>>>>>>>>>>>>>>>>>>>>>>>>>>>>>>>>>>>>>>>>>>>>>>>>>>>>>>>
epoch: 142
loss: 0.2290, acc: 0.9297
loss: 0.2130, acc: 0.9330
loss: 0.2015, acc: 0.9349
loss: 0.2020, acc: 0.9366
loss: 0.2074, acc: 0.9339
loss: 0.2110, acc: 0.9323
loss: 0.2105, acc: 0.9316
loss: 0.2152, acc: 0.9274
loss: 0.2210, acc: 0.9237
> val_acc: 0.8281, val_f1: 0.8454
>>>>>>>>>>>>>>>>>>>>>>>>>>>>>>>>>>>>>>>>>>>>>>>>>>>>>>>>>>>>>>>>>>>>>>>>>>>>>>>>>>>>>>>>>>>>>>>>>>>>
epoch: 143
loss: 0.1722, acc: 0.9427
loss: 0.1926, acc: 0.9375
loss: 0.1849, acc: 0.9399
loss: 0.1847, acc: 0.9401
loss: 0.2059, acc: 0.9300
loss: 0.2193, acc: 0.9235
loss: 0.2268, acc: 0.9219
loss: 0.2262, acc: 0.9202
loss: 0.2274, acc: 0.9201
> val_acc: 0.8267, val_f1: 0.8363
>>>>>>>>>>>>>>>>>>>>>>>>>>>>>>>>>>>>>>>>>>>>>>>>>>>>>>>>>>>>>>>>>>>>>>>>>>>>>>>>>>>>>>>>>>>>>>>>>>>>
epoch: 144
loss: 0.1917, acc: 0.9336
loss: 0.2077, acc: 0.9253
loss: 0.2308, acc: 0.9141
loss: 0.2286, acc: 0.9128
loss: 0.2220, acc: 0.9180
loss: 0.2183, acc: 0.9197
loss: 0.2214, acc: 0.9187
loss: 0.2198, acc: 0.9223
loss: 0.2198, acc: 0.9225
> val_acc: 0.8326, val_f1: 0.8504
>>>>>>>>>>>>>>>>>>>>>>>>>>>>>>>>>>>>>>>>>>>>>>>>>>>>>>>>>>>>>>>>>>>>>>>>>>>>>>>>>>>>>>>>>>>>>>>>>>>>
epoch: 145
loss: 0.2414, acc: 0.9187
loss: 0.2089, acc: 0.9344
loss: 0.2146, acc: 0.9292
loss: 0.2131, acc: 0.9273
loss: 0.2121, acc: 0.9287
loss: 0.2204, acc: 0.9250
loss: 0.2147, acc: 0.9299
loss: 0.2074, acc: 0.9324
> val_acc: 0.8148, val_f1: 0.8321
>>>>>>>>>>>>>>>>>>>>>>>>>>>>>>>>>>>>>>>>>>>>>>>>>>>>>>>>>>>>>>>>>>>>>>>>>>>>>>>>>>>>>>>>>>>>>>>>>>>>
epoch: 146
loss: 0.1867, acc: 0.9219
loss: 0.2004, acc: 0.9349
loss: 0.1990, acc: 0.9318
loss: 0.1894, acc: 0.9375
loss: 0.1944, acc: 0.9353
loss: 0.2011, acc: 0.9309
loss: 0.2087, acc: 0.9264
loss: 0.2086, acc: 0.9249
loss: 0.2177, acc: 0.9230
> val_acc: 0.8296, val_f1: 0.8480
>>>>>>>>>>>>>>>>>>>>>>>>>>>>>>>>>>>>>>>>>>>>>>>>>>>>>>>>>>>>>>>>>>>>>>>>>>>>>>>>>>>>>>>>>>>>>>>>>>>>
epoch: 147
loss: 0.1915, acc: 0.9297
loss: 0.1766, acc: 0.9420
loss: 0.1806, acc: 0.9401
loss: 0.1876, acc: 0.9329
loss: 0.1922, acc: 0.9318
loss: 0.1913, acc: 0.9329
loss: 0.1919, acc: 0.9336
loss: 0.1924, acc: 0.9329
loss: 0.2067, acc: 0.9256
> val_acc: 0.8148, val_f1: 0.8373
>>>>>>>>>>>>>>>>>>>>>>>>>>>>>>>>>>>>>>>>>>>>>>>>>>>>>>>>>>>>>>>>>>>>>>>>>>>>>>>>>>>>>>>>>>>>>>>>>>>>
epoch: 148
loss: 0.2157, acc: 0.9219
loss: 0.2174, acc: 0.9238
loss: 0.2084, acc: 0.9291
loss: 0.2070, acc: 0.9271
loss: 0.2109, acc: 0.9260
loss: 0.2154, acc: 0.9208
loss: 0.2153, acc: 0.9205
loss: 0.2199, acc: 0.9186
loss: 0.2220, acc: 0.9182
> val_acc: 0.8252, val_f1: 0.8446
>>>>>>>>>>>>>>>>>>>>>>>>>>>>>>>>>>>>>>>>>>>>>>>>>>>>>>>>>>>>>>>>>>>>>>>>>>>>>>>>>>>>>>>>>>>>>>>>>>>>
epoch: 149
loss: 0.2257, acc: 0.9375
loss: 0.2034, acc: 0.9392
loss: 0.2101, acc: 0.9330
loss: 0.2027, acc: 0.9334
loss: 0.2082, acc: 0.9316
loss: 0.2071, acc: 0.9316
loss: 0.2033, acc: 0.9324
loss: 0.2112, acc: 0.9279
loss: 0.2165, acc: 0.9268
> val_acc: 0.8207, val_f1: 0.8409
>> test_acc: 0.8430, test_f1: 0.8584
