n_trainable_params: 2526004, n_nontrainable_params: 1389000
> training arguments:
>>> model_name: atae_lstm
>>> dataset: car
>>> optimizer: <class 'torch.optim.adam.Adam'>
>>> initializer: <function xavier_uniform_ at 0x1212d8840>
>>> learning_rate: 0.001
>>> dropout: 0.1
>>> l2reg: 0.01
>>> num_epoch: 10
>>> batch_size: 64
>>> log_step: 5
>>> embed_dim: 300
>>> hidden_dim: 300
>>> bert_dim: 768
>>> pretrained_bert_name: bert-base-uncased
>>> max_seq_len: 80
>>> polarities_dim: 4
>>> hops: 3
>>> device: cpu
>>> seed: None
>>> valset_ratio: 0
>>> model_class: <class 'models.atae_lstm.ATAE_LSTM'>
>>> dataset_file: {'train': './datasets/semeval14/Car_Train.xml.seg', 'test': './datasets/semeval14/Car_Test_Gold.xml.seg'}
>>> inputs_cols: ['text_raw_indices', 'aspect_indices']
>>>>>>>>>>>>>>>>>>>>>>>>>>>>>>>>>>>>>>>>>>>>>>>>>>>>>>>>>>>>>>>>>>>>>>>>>>>>>>>>>>>>>>>>>>>>>>>>>>>>
epoch: 0
loss: 1.2333, acc: 0.3031
loss: 1.1280, acc: 0.4437
loss: 1.1109, acc: 0.4708
loss: 1.0994, acc: 0.4820
loss: 1.0900, acc: 0.4863
loss: 1.0703, acc: 0.4995
loss: 1.0520, acc: 0.5138
loss: 1.0353, acc: 0.5234
> val_acc: 0.5881, val_f1: 0.4300
>> saved: state_dict/atae_lstm_car_val_acc0.5881
>>>>>>>>>>>>>>>>>>>>>>>>>>>>>>>>>>>>>>>>>>>>>>>>>>>>>>>>>>>>>>>>>>>>>>>>>>>>>>>>>>>>>>>>>>>>>>>>>>>>
epoch: 1
loss: 0.8983, acc: 0.6094
loss: 0.9234, acc: 0.5990
loss: 0.8921, acc: 0.6264
loss: 0.8597, acc: 0.6436
loss: 0.8361, acc: 0.6607
loss: 0.8198, acc: 0.6725
loss: 0.7931, acc: 0.6830
loss: 0.7744, acc: 0.6936
loss: 0.7608, acc: 0.6966
> val_acc: 0.7719, val_f1: 0.7761
>> saved: state_dict/atae_lstm_car_val_acc0.7719
>>>>>>>>>>>>>>>>>>>>>>>>>>>>>>>>>>>>>>>>>>>>>>>>>>>>>>>>>>>>>>>>>>>>>>>>>>>>>>>>>>>>>>>>>>>>>>>>>>>>
epoch: 2
loss: 0.5869, acc: 0.8047
loss: 0.6230, acc: 0.7656
loss: 0.5785, acc: 0.7786
loss: 0.6020, acc: 0.7638
loss: 0.5981, acc: 0.7692
loss: 0.5901, acc: 0.7726
loss: 0.5783, acc: 0.7754
loss: 0.5794, acc: 0.7749
loss: 0.5785, acc: 0.7768
> val_acc: 0.7704, val_f1: 0.7863
>>>>>>>>>>>>>>>>>>>>>>>>>>>>>>>>>>>>>>>>>>>>>>>>>>>>>>>>>>>>>>>>>>>>>>>>>>>>>>>>>>>>>>>>>>>>>>>>>>>>
epoch: 3
loss: 0.5212, acc: 0.7917
loss: 0.5402, acc: 0.7871
loss: 0.5303, acc: 0.7897
loss: 0.5197, acc: 0.7891
loss: 0.5305, acc: 0.7874
loss: 0.5367, acc: 0.7863
loss: 0.5318, acc: 0.7917
loss: 0.5317, acc: 0.7928
loss: 0.5283, acc: 0.7954
> val_acc: 0.8030, val_f1: 0.8099
>> saved: state_dict/atae_lstm_car_val_acc0.803
>>>>>>>>>>>>>>>>>>>>>>>>>>>>>>>>>>>>>>>>>>>>>>>>>>>>>>>>>>>>>>>>>>>>>>>>>>>>>>>>>>>>>>>>>>>>>>>>>>>>
epoch: 4
loss: 0.4488, acc: 0.8438
loss: 0.4608, acc: 0.8177
loss: 0.4827, acc: 0.8058
loss: 0.5101, acc: 0.7985
loss: 0.5082, acc: 0.8021
loss: 0.5085, acc: 0.8039
loss: 0.5076, acc: 0.8056
loss: 0.5101, acc: 0.8041
loss: 0.5105, acc: 0.8028
> val_acc: 0.7867, val_f1: 0.8129
>>>>>>>>>>>>>>>>>>>>>>>>>>>>>>>>>>>>>>>>>>>>>>>>>>>>>>>>>>>>>>>>>>>>>>>>>>>>>>>>>>>>>>>>>>>>>>>>>>>>
epoch: 5
loss: 0.4933, acc: 0.8000
loss: 0.4879, acc: 0.8000
loss: 0.5007, acc: 0.8010
loss: 0.5061, acc: 0.7977
loss: 0.4887, acc: 0.8119
loss: 0.4874, acc: 0.8125
loss: 0.4854, acc: 0.8112
loss: 0.4868, acc: 0.8137
> val_acc: 0.7778, val_f1: 0.8011
>>>>>>>>>>>>>>>>>>>>>>>>>>>>>>>>>>>>>>>>>>>>>>>>>>>>>>>>>>>>>>>>>>>>>>>>>>>>>>>>>>>>>>>>>>>>>>>>>>>>
epoch: 6
loss: 0.5410, acc: 0.7969
loss: 0.5033, acc: 0.8229
loss: 0.4816, acc: 0.8324
loss: 0.4931, acc: 0.8271
loss: 0.5090, acc: 0.8147
loss: 0.4943, acc: 0.8197
loss: 0.4981, acc: 0.8165
loss: 0.4929, acc: 0.8181
loss: 0.4869, acc: 0.8197
> val_acc: 0.8044, val_f1: 0.8243
>> saved: state_dict/atae_lstm_car_val_acc0.8044
>>>>>>>>>>>>>>>>>>>>>>>>>>>>>>>>>>>>>>>>>>>>>>>>>>>>>>>>>>>>>>>>>>>>>>>>>>>>>>>>>>>>>>>>>>>>>>>>>>>>
epoch: 7
loss: 0.3971, acc: 0.8594
loss: 0.4161, acc: 0.8371
loss: 0.4472, acc: 0.8242
loss: 0.4476, acc: 0.8272
loss: 0.4558, acc: 0.8189
loss: 0.4566, acc: 0.8223
loss: 0.4590, acc: 0.8218
loss: 0.4624, acc: 0.8218
loss: 0.4672, acc: 0.8170
> val_acc: 0.8000, val_f1: 0.8080
>>>>>>>>>>>>>>>>>>>>>>>>>>>>>>>>>>>>>>>>>>>>>>>>>>>>>>>>>>>>>>>>>>>>>>>>>>>>>>>>>>>>>>>>>>>>>>>>>>>>
epoch: 8
loss: 0.3575, acc: 0.8646
loss: 0.3922, acc: 0.8516
loss: 0.4102, acc: 0.8438
loss: 0.4107, acc: 0.8403
loss: 0.4205, acc: 0.8370
loss: 0.4297, acc: 0.8315
loss: 0.4463, acc: 0.8272
loss: 0.4519, acc: 0.8269
loss: 0.4553, acc: 0.8230
> val_acc: 0.8000, val_f1: 0.7968
>>>>>>>>>>>>>>>>>>>>>>>>>>>>>>>>>>>>>>>>>>>>>>>>>>>>>>>>>>>>>>>>>>>>>>>>>>>>>>>>>>>>>>>>>>>>>>>>>>>>
epoch: 9
loss: 0.4348, acc: 0.8555
loss: 0.5043, acc: 0.8160
loss: 0.4675, acc: 0.8248
loss: 0.4508, acc: 0.8281
loss: 0.4667, acc: 0.8164
loss: 0.4643, acc: 0.8157
loss: 0.4568, acc: 0.8189
loss: 0.4673, acc: 0.8137
loss: 0.4635, acc: 0.8151
> val_acc: 0.8000, val_f1: 0.8069
>> test_acc: 0.8044, test_f1: 0.8243
