n_trainable_params: 2526004, n_nontrainable_params: 1747500
> training arguments:
>>> model_name: atae_lstm
>>> dataset: car
>>> optimizer: <class 'torch.optim.adam.Adam'>
>>> initializer: <function xavier_uniform_ at 0x11d42c840>
>>> learning_rate: 0.001
>>> dropout: 0.1
>>> l2reg: 0.01
>>> num_epoch: 25
>>> batch_size: 64
>>> log_step: 5
>>> embed_dim: 300
>>> hidden_dim: 300
>>> bert_dim: 768
>>> pretrained_bert_name: bert-base-uncased
>>> max_seq_len: 80
>>> polarities_dim: 4
>>> hops: 3
>>> device: cpu
>>> seed: None
>>> valset_ratio: 0
>>> model_class: <class 'models.atae_lstm.ATAE_LSTM'>
>>> dataset_file: {'train': './datasets/semeval14/Car_Train.xml.seg', 'test': './datasets/semeval14/Car_Test_Gold.xml.seg'}
>>> inputs_cols: ['text_raw_indices', 'aspect_indices']
>>>>>>>>>>>>>>>>>>>>>>>>>>>>>>>>>>>>>>>>>>>>>>>>>>>>>>>>>>>>>>>>>>>>>>>>>>>>>>>>>>>>>>>>>>>>>>>>>>>>
epoch: 0
loss: 1.2239, acc: 0.4344
loss: 1.1304, acc: 0.4984
loss: 1.0559, acc: 0.5500
loss: 1.0235, acc: 0.5781
loss: 0.9989, acc: 0.5881
loss: 0.9742, acc: 0.6021
loss: 0.9611, acc: 0.6089
loss: 0.9529, acc: 0.6086
loss: 0.9386, acc: 0.6174
loss: 0.9260, acc: 0.6253
loss: 0.9056, acc: 0.6381
loss: 0.8941, acc: 0.6456
loss: 0.8859, acc: 0.6486
loss: 0.8738, acc: 0.6551
loss: 0.8530, acc: 0.6650
loss: 0.8396, acc: 0.6717
loss: 0.8311, acc: 0.6759
loss: 0.8188, acc: 0.6825
> val_acc: 0.7607, val_f1: 0.7310
>> saved: state_dict/atae_lstm_car_val_acc0.7607
>>>>>>>>>>>>>>>>>>>>>>>>>>>>>>>>>>>>>>>>>>>>>>>>>>>>>>>>>>>>>>>>>>>>>>>>>>>>>>>>>>>>>>>>>>>>>>>>>>>>
epoch: 1
loss: 0.5822, acc: 0.7891
loss: 0.6169, acc: 0.7835
loss: 0.6367, acc: 0.7799
loss: 0.6021, acc: 0.7895
loss: 0.5891, acc: 0.7891
loss: 0.6048, acc: 0.7824
loss: 0.5966, acc: 0.7866
loss: 0.5963, acc: 0.7855
loss: 0.5949, acc: 0.7835
loss: 0.5928, acc: 0.7859
loss: 0.5834, acc: 0.7894
loss: 0.5776, acc: 0.7903
loss: 0.5763, acc: 0.7908
loss: 0.5680, acc: 0.7927
loss: 0.5591, acc: 0.7954
loss: 0.5619, acc: 0.7932
loss: 0.5587, acc: 0.7954
loss: 0.5585, acc: 0.7962
loss: 0.5622, acc: 0.7943
> val_acc: 0.7646, val_f1: 0.7840
>> saved: state_dict/atae_lstm_car_val_acc0.7646
>>>>>>>>>>>>>>>>>>>>>>>>>>>>>>>>>>>>>>>>>>>>>>>>>>>>>>>>>>>>>>>>>>>>>>>>>>>>>>>>>>>>>>>>>>>>>>>>>>>>
epoch: 2
loss: 0.6204, acc: 0.7812
loss: 0.5840, acc: 0.7865
loss: 0.5598, acc: 0.7980
loss: 0.5539, acc: 0.7985
loss: 0.5471, acc: 0.7988
loss: 0.5498, acc: 0.7958
loss: 0.5441, acc: 0.7973
loss: 0.5498, acc: 0.7965
loss: 0.5482, acc: 0.7987
loss: 0.5414, acc: 0.8004
loss: 0.5373, acc: 0.8015
loss: 0.5343, acc: 0.8032
loss: 0.5371, acc: 0.8015
loss: 0.5307, acc: 0.8043
loss: 0.5267, acc: 0.8051
loss: 0.5277, acc: 0.8052
loss: 0.5252, acc: 0.8077
loss: 0.5271, acc: 0.8062
> val_acc: 0.8020, val_f1: 0.8097
>> saved: state_dict/atae_lstm_car_val_acc0.802
>>>>>>>>>>>>>>>>>>>>>>>>>>>>>>>>>>>>>>>>>>>>>>>>>>>>>>>>>>>>>>>>>>>>>>>>>>>>>>>>>>>>>>>>>>>>>>>>>>>>
epoch: 3
loss: 0.5122, acc: 0.7812
loss: 0.4514, acc: 0.8438
loss: 0.4621, acc: 0.8366
loss: 0.4649, acc: 0.8320
loss: 0.4534, acc: 0.8363
loss: 0.4610, acc: 0.8365
loss: 0.4755, acc: 0.8306
loss: 0.4869, acc: 0.8229
loss: 0.4903, acc: 0.8216
loss: 0.4951, acc: 0.8183
loss: 0.4969, acc: 0.8177
loss: 0.4970, acc: 0.8181
loss: 0.4900, acc: 0.8202
loss: 0.4906, acc: 0.8203
loss: 0.4867, acc: 0.8215
loss: 0.4836, acc: 0.8218
loss: 0.4852, acc: 0.8214
loss: 0.4842, acc: 0.8223
loss: 0.4877, acc: 0.8206
> val_acc: 0.8157, val_f1: 0.8308
>> saved: state_dict/atae_lstm_car_val_acc0.8157
>>>>>>>>>>>>>>>>>>>>>>>>>>>>>>>>>>>>>>>>>>>>>>>>>>>>>>>>>>>>>>>>>>>>>>>>>>>>>>>>>>>>>>>>>>>>>>>>>>>>
epoch: 4
loss: 0.5174, acc: 0.8333
loss: 0.5122, acc: 0.8262
loss: 0.4855, acc: 0.8305
loss: 0.4835, acc: 0.8299
loss: 0.4710, acc: 0.8336
loss: 0.4636, acc: 0.8359
loss: 0.4733, acc: 0.8310
loss: 0.4854, acc: 0.8285
loss: 0.4800, acc: 0.8289
loss: 0.4803, acc: 0.8271
loss: 0.4778, acc: 0.8305
loss: 0.4791, acc: 0.8287
loss: 0.4806, acc: 0.8276
loss: 0.4828, acc: 0.8279
loss: 0.4776, acc: 0.8294
loss: 0.4761, acc: 0.8301
loss: 0.4773, acc: 0.8296
loss: 0.4769, acc: 0.8297
loss: 0.4790, acc: 0.8287
> val_acc: 0.8079, val_f1: 0.8022
>>>>>>>>>>>>>>>>>>>>>>>>>>>>>>>>>>>>>>>>>>>>>>>>>>>>>>>>>>>>>>>>>>>>>>>>>>>>>>>>>>>>>>>>>>>>>>>>>>>>
epoch: 5
loss: 0.4273, acc: 0.8313
loss: 0.4617, acc: 0.8328
loss: 0.4394, acc: 0.8417
loss: 0.4360, acc: 0.8461
loss: 0.4299, acc: 0.8469
loss: 0.4237, acc: 0.8479
loss: 0.4414, acc: 0.8397
loss: 0.4450, acc: 0.8363
loss: 0.4493, acc: 0.8326
loss: 0.4527, acc: 0.8313
loss: 0.4625, acc: 0.8287
loss: 0.4628, acc: 0.8289
loss: 0.4606, acc: 0.8298
loss: 0.4590, acc: 0.8313
loss: 0.4649, acc: 0.8290
loss: 0.4674, acc: 0.8285
loss: 0.4693, acc: 0.8283
loss: 0.4716, acc: 0.8271
> val_acc: 0.8157, val_f1: 0.8299
>>>>>>>>>>>>>>>>>>>>>>>>>>>>>>>>>>>>>>>>>>>>>>>>>>>>>>>>>>>>>>>>>>>>>>>>>>>>>>>>>>>>>>>>>>>>>>>>>>>>
epoch: 6
loss: 0.5115, acc: 0.8047
loss: 0.4894, acc: 0.8170
loss: 0.5061, acc: 0.7995
loss: 0.5002, acc: 0.8033
loss: 0.4849, acc: 0.8153
loss: 0.4733, acc: 0.8223
loss: 0.4671, acc: 0.8262
loss: 0.4648, acc: 0.8273
loss: 0.4582, acc: 0.8296
loss: 0.4566, acc: 0.8328
loss: 0.4615, acc: 0.8314
loss: 0.4607, acc: 0.8317
loss: 0.4633, acc: 0.8314
loss: 0.4622, acc: 0.8305
loss: 0.4627, acc: 0.8305
loss: 0.4602, acc: 0.8310
loss: 0.4635, acc: 0.8293
loss: 0.4636, acc: 0.8283
loss: 0.4602, acc: 0.8302
> val_acc: 0.8249, val_f1: 0.8365
>> saved: state_dict/atae_lstm_car_val_acc0.8249
>>>>>>>>>>>>>>>>>>>>>>>>>>>>>>>>>>>>>>>>>>>>>>>>>>>>>>>>>>>>>>>>>>>>>>>>>>>>>>>>>>>>>>>>>>>>>>>>>>>>
epoch: 7
loss: 0.4050, acc: 0.8594
loss: 0.4189, acc: 0.8420
loss: 0.4326, acc: 0.8438
loss: 0.4427, acc: 0.8396
loss: 0.4599, acc: 0.8288
loss: 0.4508, acc: 0.8324
loss: 0.4530, acc: 0.8341
loss: 0.4581, acc: 0.8337
loss: 0.4545, acc: 0.8352
loss: 0.4571, acc: 0.8342
loss: 0.4549, acc: 0.8339
loss: 0.4551, acc: 0.8332
loss: 0.4591, acc: 0.8306
loss: 0.4577, acc: 0.8320
loss: 0.4606, acc: 0.8302
loss: 0.4623, acc: 0.8301
loss: 0.4619, acc: 0.8292
loss: 0.4578, acc: 0.8323
> val_acc: 0.8105, val_f1: 0.8171
>>>>>>>>>>>>>>>>>>>>>>>>>>>>>>>>>>>>>>>>>>>>>>>>>>>>>>>>>>>>>>>>>>>>>>>>>>>>>>>>>>>>>>>>>>>>>>>>>>>>
epoch: 8
loss: 0.4317, acc: 0.8281
loss: 0.4649, acc: 0.8333
loss: 0.4456, acc: 0.8395
loss: 0.4343, acc: 0.8438
loss: 0.4442, acc: 0.8393
loss: 0.4514, acc: 0.8365
loss: 0.4421, acc: 0.8392
loss: 0.4390, acc: 0.8420
loss: 0.4406, acc: 0.8411
loss: 0.4382, acc: 0.8424
loss: 0.4440, acc: 0.8404
loss: 0.4426, acc: 0.8421
loss: 0.4410, acc: 0.8432
loss: 0.4437, acc: 0.8409
loss: 0.4467, acc: 0.8398
loss: 0.4479, acc: 0.8403
loss: 0.4444, acc: 0.8418
loss: 0.4419, acc: 0.8428
loss: 0.4462, acc: 0.8408
> val_acc: 0.8092, val_f1: 0.8060
>>>>>>>>>>>>>>>>>>>>>>>>>>>>>>>>>>>>>>>>>>>>>>>>>>>>>>>>>>>>>>>>>>>>>>>>>>>>>>>>>>>>>>>>>>>>>>>>>>>>
epoch: 9
loss: 0.3905, acc: 0.8698
loss: 0.3933, acc: 0.8652
loss: 0.3922, acc: 0.8714
loss: 0.4141, acc: 0.8585
loss: 0.4147, acc: 0.8539
loss: 0.4158, acc: 0.8532
loss: 0.4101, acc: 0.8537
loss: 0.4205, acc: 0.8532
loss: 0.4194, acc: 0.8521
loss: 0.4240, acc: 0.8499
loss: 0.4296, acc: 0.8482
loss: 0.4317, acc: 0.8464
loss: 0.4343, acc: 0.8455
loss: 0.4329, acc: 0.8456
loss: 0.4347, acc: 0.8457
loss: 0.4375, acc: 0.8438
loss: 0.4391, acc: 0.8436
loss: 0.4390, acc: 0.8450
loss: 0.4380, acc: 0.8464
> val_acc: 0.8197, val_f1: 0.8251
>>>>>>>>>>>>>>>>>>>>>>>>>>>>>>>>>>>>>>>>>>>>>>>>>>>>>>>>>>>>>>>>>>>>>>>>>>>>>>>>>>>>>>>>>>>>>>>>>>>>
epoch: 10
loss: 0.4120, acc: 0.8500
loss: 0.4076, acc: 0.8547
loss: 0.4226, acc: 0.8469
loss: 0.4165, acc: 0.8523
loss: 0.4186, acc: 0.8494
loss: 0.4136, acc: 0.8505
loss: 0.4063, acc: 0.8531
loss: 0.4107, acc: 0.8523
loss: 0.4111, acc: 0.8531
loss: 0.4085, acc: 0.8547
loss: 0.4120, acc: 0.8537
loss: 0.4150, acc: 0.8555
loss: 0.4099, acc: 0.8567
loss: 0.4098, acc: 0.8569
loss: 0.4148, acc: 0.8554
loss: 0.4169, acc: 0.8537
loss: 0.4152, acc: 0.8553
loss: 0.4189, acc: 0.8530
> val_acc: 0.8177, val_f1: 0.8228
>>>>>>>>>>>>>>>>>>>>>>>>>>>>>>>>>>>>>>>>>>>>>>>>>>>>>>>>>>>>>>>>>>>>>>>>>>>>>>>>>>>>>>>>>>>>>>>>>>>>
epoch: 11
loss: 0.3614, acc: 0.8516
loss: 0.3696, acc: 0.8571
loss: 0.4248, acc: 0.8451
loss: 0.4244, acc: 0.8511
loss: 0.4205, acc: 0.8572
loss: 0.4207, acc: 0.8553
loss: 0.4286, acc: 0.8540
loss: 0.4338, acc: 0.8492
loss: 0.4372, acc: 0.8449
loss: 0.4332, acc: 0.8438
loss: 0.4321, acc: 0.8450
loss: 0.4323, acc: 0.8451
loss: 0.4311, acc: 0.8453
loss: 0.4318, acc: 0.8456
loss: 0.4304, acc: 0.8466
loss: 0.4253, acc: 0.8476
loss: 0.4251, acc: 0.8479
loss: 0.4242, acc: 0.8479
loss: 0.4249, acc: 0.8480
> val_acc: 0.8308, val_f1: 0.8476
>> saved: state_dict/atae_lstm_car_val_acc0.8308
>>>>>>>>>>>>>>>>>>>>>>>>>>>>>>>>>>>>>>>>>>>>>>>>>>>>>>>>>>>>>>>>>>>>>>>>>>>>>>>>>>>>>>>>>>>>>>>>>>>>
epoch: 12
loss: 0.3959, acc: 0.8555
loss: 0.4181, acc: 0.8385
loss: 0.3957, acc: 0.8460
loss: 0.3808, acc: 0.8503
loss: 0.3923, acc: 0.8470
loss: 0.3895, acc: 0.8497
loss: 0.3867, acc: 0.8525
loss: 0.3971, acc: 0.8506
loss: 0.4065, acc: 0.8459
loss: 0.4134, acc: 0.8463
loss: 0.4130, acc: 0.8466
loss: 0.4143, acc: 0.8451
loss: 0.4181, acc: 0.8433
loss: 0.4163, acc: 0.8440
loss: 0.4185, acc: 0.8435
loss: 0.4230, acc: 0.8410
loss: 0.4236, acc: 0.8410
loss: 0.4252, acc: 0.8408
> val_acc: 0.8184, val_f1: 0.8237
>>>>>>>>>>>>>>>>>>>>>>>>>>>>>>>>>>>>>>>>>>>>>>>>>>>>>>>>>>>>>>>>>>>>>>>>>>>>>>>>>>>>>>>>>>>>>>>>>>>>
epoch: 13
loss: 0.2494, acc: 0.9531
loss: 0.3458, acc: 0.8802
loss: 0.3492, acc: 0.8821
loss: 0.3829, acc: 0.8662
loss: 0.3888, acc: 0.8646
loss: 0.3938, acc: 0.8642
loss: 0.4111, acc: 0.8548
loss: 0.4147, acc: 0.8542
loss: 0.4169, acc: 0.8556
loss: 0.4126, acc: 0.8570
loss: 0.4097, acc: 0.8575
loss: 0.4107, acc: 0.8569
loss: 0.4104, acc: 0.8568
loss: 0.4099, acc: 0.8563
loss: 0.4098, acc: 0.8561
loss: 0.4119, acc: 0.8544
loss: 0.4162, acc: 0.8524
loss: 0.4188, acc: 0.8514
loss: 0.4196, acc: 0.8494
> val_acc: 0.8295, val_f1: 0.8449
>>>>>>>>>>>>>>>>>>>>>>>>>>>>>>>>>>>>>>>>>>>>>>>>>>>>>>>>>>>>>>>>>>>>>>>>>>>>>>>>>>>>>>>>>>>>>>>>>>>>
epoch: 14
loss: 0.4014, acc: 0.8594
loss: 0.3953, acc: 0.8555
loss: 0.3882, acc: 0.8594
loss: 0.4055, acc: 0.8550
loss: 0.3999, acc: 0.8573
loss: 0.3969, acc: 0.8588
loss: 0.3991, acc: 0.8575
loss: 0.4016, acc: 0.8561
loss: 0.4033, acc: 0.8539
loss: 0.4036, acc: 0.8548
loss: 0.4064, acc: 0.8544
loss: 0.4138, acc: 0.8513
loss: 0.4123, acc: 0.8514
loss: 0.4135, acc: 0.8513
loss: 0.4146, acc: 0.8515
loss: 0.4143, acc: 0.8524
loss: 0.4097, acc: 0.8539
loss: 0.4081, acc: 0.8540
loss: 0.4109, acc: 0.8527
> val_acc: 0.8236, val_f1: 0.8424
>>>>>>>>>>>>>>>>>>>>>>>>>>>>>>>>>>>>>>>>>>>>>>>>>>>>>>>>>>>>>>>>>>>>>>>>>>>>>>>>>>>>>>>>>>>>>>>>>>>>
epoch: 15
loss: 0.4732, acc: 0.8156
loss: 0.4017, acc: 0.8484
loss: 0.3978, acc: 0.8396
loss: 0.4045, acc: 0.8383
loss: 0.4091, acc: 0.8431
loss: 0.4033, acc: 0.8469
loss: 0.4063, acc: 0.8442
loss: 0.4094, acc: 0.8445
loss: 0.4071, acc: 0.8462
loss: 0.4035, acc: 0.8488
loss: 0.4045, acc: 0.8494
loss: 0.4033, acc: 0.8510
loss: 0.4057, acc: 0.8512
loss: 0.4109, acc: 0.8511
loss: 0.4110, acc: 0.8519
loss: 0.4128, acc: 0.8516
loss: 0.4147, acc: 0.8520
loss: 0.4134, acc: 0.8521
> val_acc: 0.8282, val_f1: 0.8490
>>>>>>>>>>>>>>>>>>>>>>>>>>>>>>>>>>>>>>>>>>>>>>>>>>>>>>>>>>>>>>>>>>>>>>>>>>>>>>>>>>>>>>>>>>>>>>>>>>>>
epoch: 16
loss: 0.4707, acc: 0.8125
loss: 0.4157, acc: 0.8415
loss: 0.4504, acc: 0.8320
loss: 0.4192, acc: 0.8447
loss: 0.4288, acc: 0.8445
loss: 0.4196, acc: 0.8501
loss: 0.4229, acc: 0.8481
loss: 0.4200, acc: 0.8471
loss: 0.4157, acc: 0.8478
loss: 0.4132, acc: 0.8504
loss: 0.4079, acc: 0.8516
loss: 0.4002, acc: 0.8555
loss: 0.3981, acc: 0.8561
loss: 0.3973, acc: 0.8566
loss: 0.4006, acc: 0.8555
loss: 0.3991, acc: 0.8551
loss: 0.4021, acc: 0.8542
loss: 0.4062, acc: 0.8531
loss: 0.4048, acc: 0.8533
> val_acc: 0.8144, val_f1: 0.8259
>>>>>>>>>>>>>>>>>>>>>>>>>>>>>>>>>>>>>>>>>>>>>>>>>>>>>>>>>>>>>>>>>>>>>>>>>>>>>>>>>>>>>>>>>>>>>>>>>>>>
epoch: 17
loss: 0.3950, acc: 0.8555
loss: 0.3913, acc: 0.8490
loss: 0.3896, acc: 0.8527
loss: 0.3875, acc: 0.8569
loss: 0.3891, acc: 0.8516
loss: 0.3877, acc: 0.8502
loss: 0.3958, acc: 0.8488
loss: 0.3973, acc: 0.8498
loss: 0.3956, acc: 0.8509
loss: 0.3913, acc: 0.8536
loss: 0.3935, acc: 0.8547
loss: 0.3909, acc: 0.8573
loss: 0.3877, acc: 0.8574
loss: 0.3860, acc: 0.8576
loss: 0.3853, acc: 0.8581
loss: 0.3862, acc: 0.8586
loss: 0.3869, acc: 0.8579
loss: 0.3905, acc: 0.8567
> val_acc: 0.8334, val_f1: 0.8502
>> saved: state_dict/atae_lstm_car_val_acc0.8334
>>>>>>>>>>>>>>>>>>>>>>>>>>>>>>>>>>>>>>>>>>>>>>>>>>>>>>>>>>>>>>>>>>>>>>>>>>>>>>>>>>>>>>>>>>>>>>>>>>>>
epoch: 18
loss: 0.3761, acc: 0.8906
loss: 0.3709, acc: 0.8698
loss: 0.4028, acc: 0.8594
loss: 0.3830, acc: 0.8633
loss: 0.3629, acc: 0.8705
loss: 0.3698, acc: 0.8666
loss: 0.3731, acc: 0.8669
loss: 0.3763, acc: 0.8641
loss: 0.3813, acc: 0.8632
loss: 0.3820, acc: 0.8614
loss: 0.3809, acc: 0.8621
loss: 0.3870, acc: 0.8602
loss: 0.3927, acc: 0.8591
loss: 0.3894, acc: 0.8603
loss: 0.3914, acc: 0.8598
loss: 0.3925, acc: 0.8598
loss: 0.3953, acc: 0.8574
loss: 0.3935, acc: 0.8585
loss: 0.3962, acc: 0.8589
> val_acc: 0.8262, val_f1: 0.8459
>>>>>>>>>>>>>>>>>>>>>>>>>>>>>>>>>>>>>>>>>>>>>>>>>>>>>>>>>>>>>>>>>>>>>>>>>>>>>>>>>>>>>>>>>>>>>>>>>>>>
epoch: 19
loss: 0.4280, acc: 0.8646
loss: 0.4057, acc: 0.8691
loss: 0.3761, acc: 0.8714
loss: 0.3913, acc: 0.8628
loss: 0.3915, acc: 0.8580
loss: 0.3846, acc: 0.8622
loss: 0.3896, acc: 0.8617
loss: 0.3887, acc: 0.8594
loss: 0.3894, acc: 0.8579
loss: 0.3902, acc: 0.8571
loss: 0.3970, acc: 0.8544
loss: 0.3950, acc: 0.8572
loss: 0.3966, acc: 0.8571
loss: 0.3952, acc: 0.8568
loss: 0.3976, acc: 0.8570
loss: 0.3942, acc: 0.8590
loss: 0.3874, acc: 0.8616
loss: 0.3875, acc: 0.8601
loss: 0.3876, acc: 0.8594
> val_acc: 0.8230, val_f1: 0.8199
>>>>>>>>>>>>>>>>>>>>>>>>>>>>>>>>>>>>>>>>>>>>>>>>>>>>>>>>>>>>>>>>>>>>>>>>>>>>>>>>>>>>>>>>>>>>>>>>>>>>
epoch: 20
loss: 0.4001, acc: 0.8531
loss: 0.3608, acc: 0.8719
loss: 0.3930, acc: 0.8573
loss: 0.3875, acc: 0.8625
loss: 0.3910, acc: 0.8562
loss: 0.3988, acc: 0.8552
loss: 0.3982, acc: 0.8558
loss: 0.4003, acc: 0.8543
loss: 0.4026, acc: 0.8535
loss: 0.4020, acc: 0.8534
loss: 0.3943, acc: 0.8551
loss: 0.3909, acc: 0.8581
loss: 0.3918, acc: 0.8572
loss: 0.3939, acc: 0.8554
loss: 0.3932, acc: 0.8569
loss: 0.3926, acc: 0.8586
loss: 0.3931, acc: 0.8588
loss: 0.3937, acc: 0.8592
> val_acc: 0.8131, val_f1: 0.8408
>>>>>>>>>>>>>>>>>>>>>>>>>>>>>>>>>>>>>>>>>>>>>>>>>>>>>>>>>>>>>>>>>>>>>>>>>>>>>>>>>>>>>>>>>>>>>>>>>>>>
epoch: 21
loss: 0.3445, acc: 0.8984
loss: 0.3695, acc: 0.8795
loss: 0.3528, acc: 0.8815
loss: 0.3793, acc: 0.8649
loss: 0.3755, acc: 0.8665
loss: 0.3792, acc: 0.8657
loss: 0.3807, acc: 0.8652
loss: 0.3920, acc: 0.8615
loss: 0.3835, acc: 0.8646
loss: 0.3853, acc: 0.8630
loss: 0.3871, acc: 0.8609
loss: 0.3863, acc: 0.8618
loss: 0.3863, acc: 0.8619
loss: 0.3826, acc: 0.8626
loss: 0.3840, acc: 0.8628
loss: 0.3807, acc: 0.8644
loss: 0.3814, acc: 0.8649
loss: 0.3799, acc: 0.8649
loss: 0.3855, acc: 0.8623
> val_acc: 0.8210, val_f1: 0.8391
>>>>>>>>>>>>>>>>>>>>>>>>>>>>>>>>>>>>>>>>>>>>>>>>>>>>>>>>>>>>>>>>>>>>>>>>>>>>>>>>>>>>>>>>>>>>>>>>>>>>
epoch: 22
loss: 0.3206, acc: 0.8867
loss: 0.3588, acc: 0.8698
loss: 0.3450, acc: 0.8739
loss: 0.3434, acc: 0.8775
loss: 0.3605, acc: 0.8691
loss: 0.3661, acc: 0.8702
loss: 0.3576, acc: 0.8750
loss: 0.3678, acc: 0.8714
loss: 0.3668, acc: 0.8732
loss: 0.3671, acc: 0.8709
loss: 0.3678, acc: 0.8683
loss: 0.3665, acc: 0.8686
loss: 0.3680, acc: 0.8665
loss: 0.3697, acc: 0.8675
loss: 0.3689, acc: 0.8674
loss: 0.3711, acc: 0.8685
loss: 0.3736, acc: 0.8685
loss: 0.3760, acc: 0.8678
> val_acc: 0.8282, val_f1: 0.8449
>>>>>>>>>>>>>>>>>>>>>>>>>>>>>>>>>>>>>>>>>>>>>>>>>>>>>>>>>>>>>>>>>>>>>>>>>>>>>>>>>>>>>>>>>>>>>>>>>>>>
epoch: 23
loss: 0.3536, acc: 0.8906
loss: 0.3927, acc: 0.8724
loss: 0.3660, acc: 0.8821
loss: 0.3553, acc: 0.8818
loss: 0.3627, acc: 0.8787
loss: 0.3715, acc: 0.8768
loss: 0.3716, acc: 0.8775
loss: 0.3651, acc: 0.8789
loss: 0.3657, acc: 0.8773
loss: 0.3595, acc: 0.8801
loss: 0.3603, acc: 0.8799
loss: 0.3634, acc: 0.8781
loss: 0.3696, acc: 0.8753
loss: 0.3702, acc: 0.8743
loss: 0.3742, acc: 0.8715
loss: 0.3749, acc: 0.8701
loss: 0.3742, acc: 0.8704
loss: 0.3751, acc: 0.8695
loss: 0.3779, acc: 0.8683
> val_acc: 0.8243, val_f1: 0.8481
>>>>>>>>>>>>>>>>>>>>>>>>>>>>>>>>>>>>>>>>>>>>>>>>>>>>>>>>>>>>>>>>>>>>>>>>>>>>>>>>>>>>>>>>>>>>>>>>>>>>
epoch: 24
loss: 0.3768, acc: 0.8542
loss: 0.3769, acc: 0.8555
loss: 0.3551, acc: 0.8726
loss: 0.3785, acc: 0.8594
loss: 0.3751, acc: 0.8641
loss: 0.3701, acc: 0.8700
loss: 0.3738, acc: 0.8693
loss: 0.3664, acc: 0.8713
loss: 0.3695, acc: 0.8703
loss: 0.3773, acc: 0.8672
loss: 0.3799, acc: 0.8665
loss: 0.3782, acc: 0.8672
loss: 0.3747, acc: 0.8676
loss: 0.3741, acc: 0.8683
loss: 0.3794, acc: 0.8647
loss: 0.3799, acc: 0.8644
loss: 0.3775, acc: 0.8648
loss: 0.3762, acc: 0.8651
loss: 0.3767, acc: 0.8645
> val_acc: 0.8334, val_f1: 0.8477
>> test_acc: 0.8334, test_f1: 0.8502
